#
# There is insufficient memory for the Java Runtime Environment to continue.
# Native memory allocation (mmap) failed to map 114294784 bytes. Error detail: G1 virtual space
# Possible reasons:
#   The system is out of physical RAM or swap space
#   This process is running with CompressedOops enabled, and the Java Heap may be blocking the growth of the native heap
# Possible solutions:
#   Reduce memory load on the system
#   Increase physical memory or swap space
#   Check if swap backing store is full
#   Decrease Java heap size (-Xmx/-Xms)
#   Decrease number of Java threads
#   Decrease Java thread stack sizes (-Xss)
#   Set larger code cache with -XX:ReservedCodeCacheSize=
#   JVM is running with Unscaled Compressed Oops mode in which the Java heap is
#     placed in the first 4GB address space. The Java Heap base address is the
#     maximum limit for the native heap growth. Please use -XX:HeapBaseMinAddress
#     to set the Java Heap base and to place the Java Heap above 4GB virtual address.
# This output file may be truncated or incomplete.
#
#  Out of Memory Error (os_windows.cpp:3825), pid=27640, tid=2316
#
# JRE version: OpenJDK Runtime Environment (17.0.11) (build 17.0.11+0--11852314)
# Java VM: OpenJDK 64-Bit Server VM (17.0.11+0--11852314, mixed mode, tiered, compressed oops, compressed class ptrs, g1 gc, windows-amd64)
# No core dump will be written. Minidumps are not enabled by default on client versions of Windows
#

---------------  S U M M A R Y ------------

Command Line: --add-opens=java.base/java.util=ALL-UNNAMED --add-opens=java.base/java.lang=ALL-UNNAMED --add-opens=java.base/java.lang.invoke=ALL-UNNAMED --add-opens=java.prefs/java.util.prefs=ALL-UNNAMED --add-opens=java.base/java.nio.charset=ALL-UNNAMED --add-opens=java.base/java.net=ALL-UNNAMED --add-opens=java.base/java.util.concurrent.atomic=ALL-UNNAMED -Xmx2048m -Dfile.encoding=UTF-8 -Duser.country=US -Duser.language=en -Duser.variant -javaagent:C:\Users\mohan\.gradle\wrapper\dists\gradle-8.7-bin\bhs2wmbdwecv87pi65oeuq5iu\gradle-8.7\lib\agents\gradle-instrumentation-agent-8.7.jar org.gradle.launcher.daemon.bootstrap.GradleDaemon 8.7

Host: 12th Gen Intel(R) Core(TM) i5-1240P, 16 cores, 7G,  Windows 11 , 64 bit Build 22621 (10.0.22621.3958)
Time: Mon Sep 16 13:16:10 2024 India Standard Time elapsed time: 9.013116 seconds (0d 0h 0m 9s)

---------------  T H R E A D  ---------------

Current thread (0x000001dbd3942410):  VMThread "VM Thread" [stack: 0x00000071bad00000,0x00000071bae00000] [id=2316]

Stack: [0x00000071bad00000,0x00000071bae00000]
Native frames: (J=compiled Java code, j=interpreted, Vv=VM code, C=native code)
V  [jvm.dll+0x687bb9]
V  [jvm.dll+0x84142a]
V  [jvm.dll+0x8430ae]
V  [jvm.dll+0x843713]
V  [jvm.dll+0x24a35f]
V  [jvm.dll+0x684989]
V  [jvm.dll+0x67923a]
V  [jvm.dll+0x30af0b]
V  [jvm.dll+0x3123b6]
V  [jvm.dll+0x361dfe]
V  [jvm.dll+0x36202f]
V  [jvm.dll+0x2e0d38]
V  [jvm.dll+0x2df144]
V  [jvm.dll+0x2de74c]
V  [jvm.dll+0x32305b]
V  [jvm.dll+0x847e0b]
V  [jvm.dll+0x848b42]
V  [jvm.dll+0x84905d]
V  [jvm.dll+0x849434]
V  [jvm.dll+0x849500]
V  [jvm.dll+0x7efa4a]
V  [jvm.dll+0x686a35]
C  [ucrtbase.dll+0x29333]
C  [KERNEL32.DLL+0x1257d]
C  [ntdll.dll+0x5af28]

VM_Operation (0x00000071bc9f3ad0): G1CollectForAllocation, mode: safepoint, requested by thread 0x000001dbd9365460


---------------  P R O C E S S  ---------------

Threads class SMR info:
_java_thread_list=0x000001dbdc609dd0, length=92, elements={
0x000001dbb904d0a0, 0x000001dbd3aec010, 0x000001dbd3982f90, 0x000001dbd3ad8b70,
0x000001dbd3ad99f0, 0x000001dbd3b09020, 0x000001dbd3b09df0, 0x000001dbd3b0b3b0,
0x000001dbd3b0f980, 0x000001dbd3b10380, 0x000001dbd3c2aba0, 0x000001dbd3cc64a0,
0x000001dbd3cc6a70, 0x000001dbd3e593e0, 0x000001dbd9c5bde0, 0x000001dbda554750,
0x000001dbd9a44e90, 0x000001dbd9a42000, 0x000001dbd9bbaa10, 0x000001dbd9bbaef0,
0x000001dbd9364f80, 0x000001dbd9365460, 0x000001dbd9365940, 0x000001dbd94a00b0,
0x000001dbd949fba0, 0x000001dbd949dd40, 0x000001dbd949f690, 0x000001dbd949e760,
0x000001dbd949ce10, 0x000001dbd949d320, 0x000001dbd949ec70, 0x000001dbdcb409a0,
0x000001dbdcb43c40, 0x000001dbdcb42d10, 0x000001dbdcb418d0, 0x000001dbdcb41de0,
0x000001dbdcb413c0, 0x000001dbdcb422f0, 0x000001dbdcb42800, 0x000001dbdcb40eb0,
0x000001dbdcb43730, 0x000001dbdcb3f050, 0x000001dbdcb3c7d0, 0x000001dbdcb43220,
0x000001dbdcb44150, 0x000001dbdcb3cce0, 0x000001dbdcb3f560, 0x000001dbdcb40490,
0x000001dbdcb3d700, 0x000001dbdcb3dc10, 0x000001dbdcb3ff80, 0x000001dbdcb3fa70,
0x000001dbda938c60, 0x000001dbda939170, 0x000001dbda939b90, 0x000001dbda934fa0,
0x000001dbda933b60, 0x000001dbda937820, 0x000001dbda939680, 0x000001dbda93a0a0,
0x000001dbda93a5b0, 0x000001dbda934580, 0x000001dbda9368f0, 0x000001dbda934070,
0x000001dbda9359c0, 0x000001dbda937d30, 0x000001dbda93aac0, 0x000001dbda9354b0,
0x000001dbda93afd0, 0x000001dbda934a90, 0x000001dbda9363e0, 0x000001dbda936e00,
0x000001dbda937310, 0x000001dbda938240, 0x000001dbda938750, 0x000001dbd949f180,
0x000001dbdc1c0e30, 0x000001dbdc1befd0, 0x000001dbdc1c0410, 0x000001dbdc1be0a0,
0x000001dbdc1bf4e0, 0x000001dbdc1bf9f0, 0x000001dbdc1ba3e0, 0x000001dbdc1ba8f0,
0x000001dbdc1bbd30, 0x000001dbdc1bc240, 0x000001dbdc1be5b0, 0x000001dbdc1bc750,
0x000001dbdc1bae00, 0x000001dbdc1c1340, 0x000001dbdc1bff00, 0x000001dbdc1b9ed0
}

Java Threads: ( => current thread )
  0x000001dbb904d0a0 JavaThread "main" [_thread_blocked, id=27080, stack(0x00000071ba700000,0x00000071ba800000)]
  0x000001dbd3aec010 JavaThread "Reference Handler" daemon [_thread_blocked, id=12164, stack(0x00000071bae00000,0x00000071baf00000)]
  0x000001dbd3982f90 JavaThread "Finalizer" daemon [_thread_blocked, id=17488, stack(0x00000071baf00000,0x00000071bb000000)]
  0x000001dbd3ad8b70 JavaThread "Signal Dispatcher" daemon [_thread_blocked, id=6948, stack(0x00000071bb000000,0x00000071bb100000)]
  0x000001dbd3ad99f0 JavaThread "Attach Listener" daemon [_thread_blocked, id=22404, stack(0x00000071bb100000,0x00000071bb200000)]
  0x000001dbd3b09020 JavaThread "Service Thread" daemon [_thread_blocked, id=24720, stack(0x00000071bb200000,0x00000071bb300000)]
  0x000001dbd3b09df0 JavaThread "Monitor Deflation Thread" daemon [_thread_blocked, id=31444, stack(0x00000071bb300000,0x00000071bb400000)]
  0x000001dbd3b0b3b0 JavaThread "C2 CompilerThread0" daemon [_thread_blocked, id=15012, stack(0x00000071bb400000,0x00000071bb500000)]
  0x000001dbd3b0f980 JavaThread "C1 CompilerThread0" daemon [_thread_blocked, id=28548, stack(0x00000071bb500000,0x00000071bb600000)]
  0x000001dbd3b10380 JavaThread "Sweeper thread" daemon [_thread_blocked, id=11956, stack(0x00000071bb600000,0x00000071bb700000)]
  0x000001dbd3c2aba0 JavaThread "Common-Cleaner" daemon [_thread_blocked, id=23588, stack(0x00000071bb700000,0x00000071bb800000)]
  0x000001dbd3cc64a0 JavaThread "C1 CompilerThread1" daemon [_thread_blocked, id=27036, stack(0x00000071bb800000,0x00000071bb900000)]
  0x000001dbd3cc6a70 JavaThread "C1 CompilerThread2" daemon [_thread_blocked, id=18696, stack(0x00000071bb900000,0x00000071bba00000)]
  0x000001dbd3e593e0 JavaThread "Notification Thread" daemon [_thread_blocked, id=28824, stack(0x00000071bba00000,0x00000071bbb00000)]
  0x000001dbd9c5bde0 JavaThread "C1 CompilerThread3" daemon [_thread_blocked, id=22700, stack(0x00000071bc200000,0x00000071bc300000)]
  0x000001dbda554750 JavaThread "Daemon health stats" [_thread_blocked, id=31644, stack(0x00000071bc300000,0x00000071bc400000)]
  0x000001dbd9a44e90 JavaThread "Incoming local TCP Connector on port 64644" [_thread_in_native, id=17720, stack(0x00000071bc400000,0x00000071bc500000)]
  0x000001dbd9a42000 JavaThread "Daemon periodic checks" [_thread_blocked, id=22824, stack(0x00000071bc500000,0x00000071bc600000)]
  0x000001dbd9bbaa10 JavaThread "Daemon" [_thread_blocked, id=22000, stack(0x00000071bc600000,0x00000071bc700000)]
  0x000001dbd9bbaef0 JavaThread "Handler for socket connection from /127.0.0.1:64644 to /127.0.0.1:64645" [_thread_in_native, id=4628, stack(0x00000071bc700000,0x00000071bc800000)]
  0x000001dbd9364f80 JavaThread "Cancel handler" [_thread_blocked, id=22596, stack(0x00000071bc800000,0x00000071bc900000)]
  0x000001dbd9365460 JavaThread "Daemon worker" [_thread_blocked, id=30444, stack(0x00000071bc900000,0x00000071bca00000)]
  0x000001dbd9365940 JavaThread "Asynchronous log dispatcher for DefaultDaemonConnection: socket connection from /127.0.0.1:64644 to /127.0.0.1:64645" [_thread_blocked, id=27108, stack(0x00000071bca00000,0x00000071bcb00000)]
  0x000001dbd94a00b0 JavaThread "Stdin handler" [_thread_blocked, id=31388, stack(0x00000071bcb00000,0x00000071bcc00000)]
  0x000001dbd949fba0 JavaThread "Daemon client event forwarder" [_thread_blocked, id=17776, stack(0x00000071bcc00000,0x00000071bcd00000)]
  0x000001dbd949dd40 JavaThread "Cache worker for journal cache (C:\Users\mohan\.gradle\caches\journal-1)" [_thread_blocked, id=26508, stack(0x00000071bd700000,0x00000071bd800000)]
  0x000001dbd949f690 JavaThread "File lock request listener" [_thread_in_native, id=26044, stack(0x00000071bd800000,0x00000071bd900000)]
  0x000001dbd949e760 JavaThread "Cache worker for file hash cache (C:\Users\mohan\.gradle\caches\8.7\fileHashes)" [_thread_blocked, id=25036, stack(0x00000071bd900000,0x00000071bda00000)]
  0x000001dbd949ce10 JavaThread "Cache worker for file hash cache (C:\Users\mohan\AndroidStudioProjects\checkRadio\.gradle\8.7\fileHashes)" [_thread_blocked, id=18996, stack(0x00000071bda00000,0x00000071bdb00000)]
  0x000001dbd949d320 JavaThread "File watcher server" daemon [_thread_blocked, id=18804, stack(0x00000071bdb00000,0x00000071bdc00000)]
  0x000001dbd949ec70 JavaThread "File watcher consumer" daemon [_thread_blocked, id=8456, stack(0x00000071bdc00000,0x00000071bdd00000)]
  0x000001dbdcb409a0 JavaThread "jar transforms" [_thread_blocked, id=31408, stack(0x00000071bdd00000,0x00000071bde00000)]
  0x000001dbdcb43c40 JavaThread "jar transforms Thread 2" [_thread_blocked, id=2828, stack(0x00000071bde00000,0x00000071bdf00000)]
  0x000001dbdcb42d10 JavaThread "jar transforms Thread 3" [_thread_blocked, id=31324, stack(0x00000071bdf00000,0x00000071be000000)]
  0x000001dbdcb418d0 JavaThread "jar transforms Thread 4" [_thread_blocked, id=29116, stack(0x00000071be000000,0x00000071be100000)]
  0x000001dbdcb41de0 JavaThread "jar transforms Thread 5" [_thread_blocked, id=27204, stack(0x00000071be100000,0x00000071be200000)]
  0x000001dbdcb413c0 JavaThread "jar transforms Thread 6" [_thread_blocked, id=9748, stack(0x00000071be200000,0x00000071be300000)]
  0x000001dbdcb422f0 JavaThread "jar transforms Thread 7" [_thread_blocked, id=2152, stack(0x00000071be300000,0x00000071be400000)]
  0x000001dbdcb42800 JavaThread "jar transforms Thread 8" [_thread_blocked, id=21752, stack(0x00000071be400000,0x00000071be500000)]
  0x000001dbdcb40eb0 JavaThread "jar transforms Thread 9" [_thread_blocked, id=22724, stack(0x00000071be500000,0x00000071be600000)]
  0x000001dbdcb43730 JavaThread "jar transforms Thread 10" [_thread_blocked, id=16508, stack(0x00000071be600000,0x00000071be700000)]
  0x000001dbdcb3f050 JavaThread "jar transforms Thread 11" [_thread_blocked, id=10036, stack(0x00000071be700000,0x00000071be800000)]
  0x000001dbdcb3c7d0 JavaThread "jar transforms Thread 12" [_thread_blocked, id=29120, stack(0x00000071be800000,0x00000071be900000)]
  0x000001dbdcb43220 JavaThread "jar transforms Thread 13" [_thread_blocked, id=16452, stack(0x00000071be900000,0x00000071bea00000)]
  0x000001dbdcb44150 JavaThread "jar transforms Thread 14" [_thread_blocked, id=4404, stack(0x00000071bea00000,0x00000071beb00000)]
  0x000001dbdcb3cce0 JavaThread "jar transforms Thread 15" [_thread_blocked, id=12516, stack(0x00000071beb00000,0x00000071bec00000)]
  0x000001dbdcb3f560 JavaThread "jar transforms Thread 16" [_thread_blocked, id=3932, stack(0x00000071bec00000,0x00000071bed00000)]
  0x000001dbdcb40490 JavaThread "Cache worker for checksums cache (C:\Users\mohan\AndroidStudioProjects\checkRadio\.gradle\8.7\checksums)" [_thread_blocked, id=24988, stack(0x00000071bbd00000,0x00000071bbe00000)]
  0x000001dbdcb3d700 JavaThread "Cache worker for cache directory md-supplier (C:\Users\mohan\.gradle\caches\8.7\md-supplier)" [_thread_blocked, id=21760, stack(0x00000071bed00000,0x00000071bee00000)]
  0x000001dbdcb3dc10 JavaThread "Cache worker for cache directory md-rule (C:\Users\mohan\.gradle\caches\8.7\md-rule)" [_thread_blocked, id=28428, stack(0x00000071bee00000,0x00000071bef00000)]
  0x000001dbdcb3ff80 JavaThread "Cache worker for file content cache (C:\Users\mohan\.gradle\caches\8.7\fileContent)" [_thread_blocked, id=31548, stack(0x00000071bef00000,0x00000071bf000000)]
  0x000001dbdcb3fa70 JavaThread "Unconstrained build operations" [_thread_blocked, id=20228, stack(0x00000071bf100000,0x00000071bf200000)]
  0x000001dbda938c60 JavaThread "Unconstrained build operations Thread 2" [_thread_blocked, id=27500, stack(0x00000071bf200000,0x00000071bf300000)]
  0x000001dbda939170 JavaThread "Unconstrained build operations Thread 3" [_thread_blocked, id=30976, stack(0x00000071bf300000,0x00000071bf400000)]
  0x000001dbda939b90 JavaThread "Unconstrained build operations Thread 4" [_thread_blocked, id=24516, stack(0x00000071bf400000,0x00000071bf500000)]
  0x000001dbda934fa0 JavaThread "Unconstrained build operations Thread 5" [_thread_blocked, id=24100, stack(0x00000071bf500000,0x00000071bf600000)]
  0x000001dbda933b60 JavaThread "Unconstrained build operations Thread 6" [_thread_blocked, id=23240, stack(0x00000071bf600000,0x00000071bf700000)]
  0x000001dbda937820 JavaThread "Unconstrained build operations Thread 7" [_thread_blocked, id=31368, stack(0x00000071bf700000,0x00000071bf800000)]
  0x000001dbda939680 JavaThread "Unconstrained build operations Thread 8" [_thread_blocked, id=19884, stack(0x00000071bf800000,0x00000071bf900000)]
  0x000001dbda93a0a0 JavaThread "Unconstrained build operations Thread 9" [_thread_blocked, id=3368, stack(0x00000071bf900000,0x00000071bfa00000)]
  0x000001dbda93a5b0 JavaThread "Unconstrained build operations Thread 10" [_thread_blocked, id=26920, stack(0x00000071bfa00000,0x00000071bfb00000)]
  0x000001dbda934580 JavaThread "Cache worker for Build Output Cleanup Cache (C:\Users\mohan\AndroidStudioProjects\checkRadio\.gradle\buildOutputCleanup)" [_thread_blocked, id=18844, stack(0x00000071bfc00000,0x00000071bfd00000)]
  0x000001dbda9368f0 JavaThread "Unconstrained build operations Thread 11" [_thread_blocked, id=26256, stack(0x00000071bfd00000,0x00000071bfe00000)]
  0x000001dbda934070 JavaThread "Unconstrained build operations Thread 12" [_thread_blocked, id=31472, stack(0x00000071bfe00000,0x00000071bff00000)]
  0x000001dbda9359c0 JavaThread "Unconstrained build operations Thread 13" [_thread_blocked, id=2956, stack(0x00000071bff00000,0x00000071c0000000)]
  0x000001dbda937d30 JavaThread "Unconstrained build operations Thread 14" [_thread_blocked, id=12324, stack(0x00000071c0000000,0x00000071c0100000)]
  0x000001dbda93aac0 JavaThread "Unconstrained build operations Thread 15" [_thread_blocked, id=25840, stack(0x00000071c0100000,0x00000071c0200000)]
  0x000001dbda9354b0 JavaThread "Unconstrained build operations Thread 16" [_thread_blocked, id=3044, stack(0x00000071c0200000,0x00000071c0300000)]
  0x000001dbda93afd0 JavaThread "Unconstrained build operations Thread 17" [_thread_blocked, id=28552, stack(0x00000071c0300000,0x00000071c0400000)]
  0x000001dbda934a90 JavaThread "Unconstrained build operations Thread 18" [_thread_blocked, id=22012, stack(0x00000071c0400000,0x00000071c0500000)]
  0x000001dbda9363e0 JavaThread "Unconstrained build operations Thread 19" [_thread_blocked, id=21060, stack(0x00000071c0500000,0x00000071c0600000)]
  0x000001dbda936e00 JavaThread "Unconstrained build operations Thread 20" [_thread_blocked, id=23532, stack(0x00000071c0600000,0x00000071c0700000)]
  0x000001dbda937310 JavaThread "Unconstrained build operations Thread 21" [_thread_blocked, id=19580, stack(0x00000071c0700000,0x00000071c0800000)]
  0x000001dbda938240 JavaThread "Unconstrained build operations Thread 22" [_thread_blocked, id=19892, stack(0x00000071c0800000,0x00000071c0900000)]
  0x000001dbda938750 JavaThread "Unconstrained build operations Thread 23" [_thread_blocked, id=22144, stack(0x00000071c0900000,0x00000071c0a00000)]
  0x000001dbd949f180 JavaThread "Unconstrained build operations Thread 24" [_thread_blocked, id=20524, stack(0x00000071c0a00000,0x00000071c0b00000)]
  0x000001dbdc1c0e30 JavaThread "Unconstrained build operations Thread 25" [_thread_blocked, id=30760, stack(0x00000071c0b00000,0x00000071c0c00000)]
  0x000001dbdc1befd0 JavaThread "Unconstrained build operations Thread 26" [_thread_blocked, id=26696, stack(0x00000071c0c00000,0x00000071c0d00000)]
  0x000001dbdc1c0410 JavaThread "Unconstrained build operations Thread 27" [_thread_blocked, id=6208, stack(0x00000071c0d00000,0x00000071c0e00000)]
  0x000001dbdc1be0a0 JavaThread "Unconstrained build operations Thread 28" [_thread_blocked, id=10740, stack(0x00000071c0e00000,0x00000071c0f00000)]
  0x000001dbdc1bf4e0 JavaThread "Unconstrained build operations Thread 29" [_thread_blocked, id=21028, stack(0x00000071c0f00000,0x00000071c1000000)]
  0x000001dbdc1bf9f0 JavaThread "Unconstrained build operations Thread 30" [_thread_blocked, id=8016, stack(0x00000071c1000000,0x00000071c1100000)]
  0x000001dbdc1ba3e0 JavaThread "Unconstrained build operations Thread 31" [_thread_blocked, id=3344, stack(0x00000071c1100000,0x00000071c1200000)]
  0x000001dbdc1ba8f0 JavaThread "Unconstrained build operations Thread 32" [_thread_blocked, id=20112, stack(0x00000071c1200000,0x00000071c1300000)]
  0x000001dbdc1bbd30 JavaThread "Unconstrained build operations Thread 33" [_thread_blocked, id=11936, stack(0x00000071c1300000,0x00000071c1400000)]
  0x000001dbdc1bc240 JavaThread "Unconstrained build operations Thread 34" [_thread_blocked, id=26684, stack(0x00000071c1400000,0x00000071c1500000)]
  0x000001dbdc1be5b0 JavaThread "Unconstrained build operations Thread 35" [_thread_blocked, id=26668, stack(0x00000071c1500000,0x00000071c1600000)]
  0x000001dbdc1bc750 JavaThread "Unconstrained build operations Thread 36" [_thread_blocked, id=28776, stack(0x00000071c1600000,0x00000071c1700000)]
  0x000001dbdc1bae00 JavaThread "Unconstrained build operations Thread 37" [_thread_blocked, id=20484, stack(0x00000071c1700000,0x00000071c1800000)]
  0x000001dbdc1c1340 JavaThread "Unconstrained build operations Thread 38" [_thread_blocked, id=12248, stack(0x00000071c1800000,0x00000071c1900000)]
  0x000001dbdc1bff00 JavaThread "Unconstrained build operations Thread 39" [_thread_blocked, id=22192, stack(0x00000071c1900000,0x00000071c1a00000)]
  0x000001dbdc1b9ed0 JavaThread "Unconstrained build operations Thread 40" [_thread_blocked, id=18312, stack(0x00000071c1a00000,0x00000071c1b00000)]

Other Threads:
=>0x000001dbd3942410 VMThread "VM Thread" [stack: 0x00000071bad00000,0x00000071bae00000] [id=2316]
  0x000001dbd3dcb1d0 WatcherThread [stack: 0x00000071bbb00000,0x00000071bbc00000] [id=30764]
  0x000001dbb90a9180 GCTaskThread "GC Thread#0" [stack: 0x00000071ba800000,0x00000071ba900000] [id=11104]
  0x000001dbd90ec8c0 GCTaskThread "GC Thread#1" [stack: 0x00000071bbe00000,0x00000071bbf00000] [id=26020]
  0x000001dbd89738e0 GCTaskThread "GC Thread#2" [stack: 0x00000071bbf00000,0x00000071bc000000] [id=7056]
  0x000001dbd87fd590 GCTaskThread "GC Thread#3" [stack: 0x00000071bc000000,0x00000071bc100000] [id=23220]
  0x000001dbd8e1b6e0 GCTaskThread "GC Thread#4" [stack: 0x00000071bc100000,0x00000071bc200000] [id=31516]
  0x000001dbda45ff30 GCTaskThread "GC Thread#5" [stack: 0x00000071bcd00000,0x00000071bce00000] [id=20696]
  0x000001dbdab2e6c0 GCTaskThread "GC Thread#6" [stack: 0x00000071bce00000,0x00000071bcf00000] [id=31708]
  0x000001dbd9a8ed60 GCTaskThread "GC Thread#7" [stack: 0x00000071bcf00000,0x00000071bd000000] [id=21140]
  0x000001dbd8cdff30 GCTaskThread "GC Thread#8" [stack: 0x00000071bd000000,0x00000071bd100000] [id=30588]
  0x000001dbd9a45370 GCTaskThread "GC Thread#9" [stack: 0x00000071bd100000,0x00000071bd200000] [id=7732]
  0x000001dbd99adee0 GCTaskThread "GC Thread#10" [stack: 0x00000071bd200000,0x00000071bd300000] [id=31704]
  0x000001dbd9e5dea0 GCTaskThread "GC Thread#11" [stack: 0x00000071bd300000,0x00000071bd400000] [id=12396]
  0x000001dbd96b1e60 GCTaskThread "GC Thread#12" [stack: 0x00000071bd400000,0x00000071bd500000] [id=30996]
  0x000001dbb90ba0d0 ConcurrentGCThread "G1 Main Marker" [stack: 0x00000071ba900000,0x00000071baa00000] [id=27128]
  0x000001dbb90baaf0 ConcurrentGCThread "G1 Conc#0" [stack: 0x00000071baa00000,0x00000071bab00000] [id=31332]
  0x000001dbd96b31a0 ConcurrentGCThread "G1 Conc#1" [stack: 0x00000071bd500000,0x00000071bd600000] [id=30552]
  0x000001dbd96b3460 ConcurrentGCThread "G1 Conc#2" [stack: 0x00000071bd600000,0x00000071bd700000] [id=31308]
  0x000001dbb90fecb0 ConcurrentGCThread "G1 Refine#0" [stack: 0x00000071bab00000,0x00000071bac00000] [id=31280]
  0x000001dbda110fe0 ConcurrentGCThread "G1 Refine#1" [stack: 0x00000071c1b00000,0x00000071c1c00000] [id=11540]
  0x000001dbda1118b0 ConcurrentGCThread "G1 Refine#2" [stack: 0x00000071c1c00000,0x00000071c1d00000] [id=31268]
  0x000001dbd37ee910 ConcurrentGCThread "G1 Service" [stack: 0x00000071bac00000,0x00000071bad00000] [id=27612]

Threads with active compile tasks:

VM state: at safepoint (normal execution)

VM Mutex/Monitor currently owned by a thread:  ([mutex/lock_event])
[0x000001dbb904a570] Threads_lock - owner thread: 0x000001dbd3942410
[0x000001dbb9049be0] Heap_lock - owner thread: 0x000001dbd9365460

Heap address: 0x0000000080000000, size: 2048 MB, Compressed Oops mode: 32-bit

CDS archive(s) not mapped
Compressed class space mapped at: 0x0000000100000000-0x0000000140000000, reserved size: 1073741824
Narrow klass base: 0x0000000000000000, Narrow klass shift: 3, Narrow klass range: 0x140000000

GC Precious Log:
 CPUs: 16 total, 16 available
 Memory: 7860M
 Large Page Support: Disabled
 NUMA Support: Disabled
 Compressed Oops: Enabled (32-bit)
 Heap Region Size: 1M
 Heap Min Capacity: 8M
 Heap Initial Capacity: 124M
 Heap Max Capacity: 2G
 Pre-touch: Disabled
 Parallel Workers: 13
 Concurrent Workers: 3
 Concurrent Refinement Workers: 13
 Periodic GC: Disabled

Heap:
 garbage-first heap   total 146432K, used 80825K [0x0000000080000000, 0x0000000100000000)
  region size 1024K, 1 young (1024K), 1 survivors (1024K)
 Metaspace       used 69596K, committed 70208K, reserved 1114112K
  class space    used 9884K, committed 10176K, reserved 1048576K

Heap Regions: E=young(eden), S=young(survivor), O=old, HS=humongous(starts), HC=humongous(continues), CS=collection set, F=free, OA=open archive, CA=closed archive, TAMS=top-at-mark-start (previous, next)
|   0|0x0000000080000000, 0x0000000080100000, 0x0000000080100000|100%|HS|  |TAMS 0x0000000080100000, 0x0000000080000000| Complete 
|   1|0x0000000080100000, 0x0000000080200000, 0x0000000080200000|100%|HC|  |TAMS 0x0000000080200000, 0x0000000080100000| Complete 
|   2|0x0000000080200000, 0x0000000080300000, 0x0000000080300000|100%|HC|  |TAMS 0x0000000080300000, 0x0000000080200000| Complete 
|   3|0x0000000080300000, 0x0000000080400000, 0x0000000080400000|100%|HC|  |TAMS 0x0000000080400000, 0x0000000080300000| Complete 
|   4|0x0000000080400000, 0x0000000080500000, 0x0000000080500000|100%| O|  |TAMS 0x0000000080500000, 0x0000000080400000| Untracked 
|   5|0x0000000080500000, 0x0000000080600000, 0x0000000080600000|100%| O|  |TAMS 0x0000000080600000, 0x0000000080500000| Untracked 
|   6|0x0000000080600000, 0x0000000080700000, 0x0000000080700000|100%| O|  |TAMS 0x0000000080700000, 0x0000000080600000| Untracked 
|   7|0x0000000080700000, 0x0000000080800000, 0x0000000080800000|100%| O|  |TAMS 0x0000000080800000, 0x0000000080700000| Untracked 
|   8|0x0000000080800000, 0x0000000080900000, 0x0000000080900000|100%| O|  |TAMS 0x0000000080900000, 0x0000000080800000| Untracked 
|   9|0x0000000080900000, 0x0000000080a00000, 0x0000000080a00000|100%| O|  |TAMS 0x0000000080a00000, 0x0000000080900000| Untracked 
|  10|0x0000000080a00000, 0x0000000080ab7800, 0x0000000080b00000| 71%| O|  |TAMS 0x0000000080ab7800, 0x0000000080a00000| Untracked 
|  11|0x0000000080b00000, 0x0000000080c00000, 0x0000000080c00000|100%| O|  |TAMS 0x0000000080c00000, 0x0000000080b00000| Untracked 
|  12|0x0000000080c00000, 0x0000000080d00000, 0x0000000080d00000|100%| O|  |TAMS 0x0000000080d00000, 0x0000000080c00000| Untracked 
|  13|0x0000000080d00000, 0x0000000080e00000, 0x0000000080e00000|100%| O|  |TAMS 0x0000000080e00000, 0x0000000080d00000| Untracked 
|  14|0x0000000080e00000, 0x0000000080f00000, 0x0000000080f00000|100%| O|  |TAMS 0x0000000080f00000, 0x0000000080e00000| Untracked 
|  15|0x0000000080f00000, 0x0000000081000000, 0x0000000081000000|100%| O|  |TAMS 0x0000000081000000, 0x0000000080f00000| Untracked 
|  16|0x0000000081000000, 0x0000000081100000, 0x0000000081100000|100%| O|  |TAMS 0x0000000081100000, 0x0000000081000000| Untracked 
|  17|0x0000000081100000, 0x0000000081200000, 0x0000000081200000|100%| O|  |TAMS 0x0000000081200000, 0x0000000081100000| Untracked 
|  18|0x0000000081200000, 0x0000000081300000, 0x0000000081300000|100%| O|  |TAMS 0x0000000081300000, 0x0000000081200000| Untracked 
|  19|0x0000000081300000, 0x0000000081400000, 0x0000000081400000|100%| O|  |TAMS 0x0000000081400000, 0x0000000081300000| Untracked 
|  20|0x0000000081400000, 0x0000000081500000, 0x0000000081500000|100%|HS|  |TAMS 0x0000000081500000, 0x0000000081400000| Complete 
|  21|0x0000000081500000, 0x0000000081600000, 0x0000000081600000|100%|HC|  |TAMS 0x0000000081600000, 0x0000000081500000| Complete 
|  22|0x0000000081600000, 0x0000000081700000, 0x0000000081700000|100%|HC|  |TAMS 0x0000000081700000, 0x0000000081600000| Complete 
|  23|0x0000000081700000, 0x0000000081800000, 0x0000000081800000|100%|HC|  |TAMS 0x0000000081800000, 0x0000000081700000| Complete 
|  24|0x0000000081800000, 0x0000000081900000, 0x0000000081900000|100%|HC|  |TAMS 0x0000000081900000, 0x0000000081800000| Complete 
|  25|0x0000000081900000, 0x0000000081a00000, 0x0000000081a00000|100%|HS|  |TAMS 0x0000000081a00000, 0x0000000081900000| Complete 
|  26|0x0000000081a00000, 0x0000000081b00000, 0x0000000081b00000|100%|HC|  |TAMS 0x0000000081b00000, 0x0000000081a00000| Complete 
|  27|0x0000000081b00000, 0x0000000081c00000, 0x0000000081c00000|100%|HC|  |TAMS 0x0000000081c00000, 0x0000000081b00000| Complete 
|  28|0x0000000081c00000, 0x0000000081d00000, 0x0000000081d00000|100%|HS|  |TAMS 0x0000000081d00000, 0x0000000081c00000| Complete 
|  29|0x0000000081d00000, 0x0000000081e00000, 0x0000000081e00000|100%|HC|  |TAMS 0x0000000081e00000, 0x0000000081d00000| Complete 
|  30|0x0000000081e00000, 0x0000000081f00000, 0x0000000081f00000|100%|HC|  |TAMS 0x0000000081f00000, 0x0000000081e00000| Complete 
|  31|0x0000000081f00000, 0x0000000082000000, 0x0000000082000000|100%| O|  |TAMS 0x0000000082000000, 0x0000000081f00000| Untracked 
|  32|0x0000000082000000, 0x0000000082100000, 0x0000000082100000|100%| O|  |TAMS 0x0000000082100000, 0x0000000082000000| Untracked 
|  33|0x0000000082100000, 0x0000000082200000, 0x0000000082200000|100%| O|  |TAMS 0x0000000082200000, 0x0000000082100000| Untracked 
|  34|0x0000000082200000, 0x0000000082300000, 0x0000000082300000|100%|HS|  |TAMS 0x0000000082300000, 0x0000000082200000| Complete 
|  35|0x0000000082300000, 0x0000000082400000, 0x0000000082400000|100%| O|  |TAMS 0x0000000082400000, 0x0000000082300000| Untracked 
|  36|0x0000000082400000, 0x0000000082500000, 0x0000000082500000|100%| O|  |TAMS 0x0000000082500000, 0x0000000082400000| Untracked 
|  37|0x0000000082500000, 0x0000000082600000, 0x0000000082600000|100%| O|  |TAMS 0x0000000082500000, 0x0000000082500000| Untracked 
|  38|0x0000000082600000, 0x0000000082700000, 0x0000000082700000|100%| O|  |TAMS 0x0000000082700000, 0x0000000082600000| Untracked 
|  39|0x0000000082700000, 0x0000000082800000, 0x0000000082800000|100%| O|  |TAMS 0x0000000082800000, 0x0000000082700000| Untracked 
|  40|0x0000000082800000, 0x0000000082900000, 0x0000000082900000|100%| O|  |TAMS 0x0000000082900000, 0x0000000082800000| Untracked 
|  41|0x0000000082900000, 0x0000000082a00000, 0x0000000082a00000|100%| O|  |TAMS 0x0000000082a00000, 0x0000000082900000| Untracked 
|  42|0x0000000082a00000, 0x0000000082b00000, 0x0000000082b00000|100%| O|  |TAMS 0x0000000082b00000, 0x0000000082a00000| Untracked 
|  43|0x0000000082b00000, 0x0000000082c00000, 0x0000000082c00000|100%| O|  |TAMS 0x0000000082c00000, 0x0000000082b00000| Untracked 
|  44|0x0000000082c00000, 0x0000000082d00000, 0x0000000082d00000|100%| O|  |TAMS 0x0000000082d00000, 0x0000000082c00000| Untracked 
|  45|0x0000000082d00000, 0x0000000082e00000, 0x0000000082e00000|100%| O|  |TAMS 0x0000000082e00000, 0x0000000082d00000| Untracked 
|  46|0x0000000082e00000, 0x0000000082f00000, 0x0000000082f00000|100%|HS|  |TAMS 0x0000000082f00000, 0x0000000082e00000| Complete 
|  47|0x0000000082f00000, 0x0000000083000000, 0x0000000083000000|100%|HC|  |TAMS 0x0000000083000000, 0x0000000082f00000| Complete 
|  48|0x0000000083000000, 0x0000000083100000, 0x0000000083100000|100%|HC|  |TAMS 0x0000000083100000, 0x0000000083000000| Complete 
|  49|0x0000000083100000, 0x0000000083200000, 0x0000000083200000|100%| O|  |TAMS 0x0000000083200000, 0x0000000083100000| Untracked 
|  50|0x0000000083200000, 0x0000000083300000, 0x0000000083300000|100%| O|  |TAMS 0x0000000083300000, 0x0000000083200000| Untracked 
|  51|0x0000000083300000, 0x0000000083400000, 0x0000000083400000|100%| O|  |TAMS 0x0000000083400000, 0x0000000083300000| Untracked 
|  52|0x0000000083400000, 0x0000000083500000, 0x0000000083500000|100%|HS|  |TAMS 0x0000000083500000, 0x0000000083400000| Complete 
|  53|0x0000000083500000, 0x0000000083600000, 0x0000000083600000|100%|HC|  |TAMS 0x0000000083600000, 0x0000000083500000| Complete 
|  54|0x0000000083600000, 0x0000000083700000, 0x0000000083700000|100%|HC|  |TAMS 0x0000000083700000, 0x0000000083600000| Complete 
|  55|0x0000000083700000, 0x0000000083800000, 0x0000000083800000|100%|HC|  |TAMS 0x0000000083800000, 0x0000000083700000| Complete 
|  56|0x0000000083800000, 0x0000000083900000, 0x0000000083900000|100%|HC|  |TAMS 0x0000000083900000, 0x0000000083800000| Complete 
|  57|0x0000000083900000, 0x0000000083900000, 0x0000000083a00000|  0%| F|  |TAMS 0x0000000083900000, 0x0000000083900000| Untracked 
|  58|0x0000000083a00000, 0x0000000083b00000, 0x0000000083b00000|100%| O|  |TAMS 0x0000000083b00000, 0x0000000083a00000| Untracked 
|  59|0x0000000083b00000, 0x0000000083c00000, 0x0000000083c00000|100%|HS|  |TAMS 0x0000000083c00000, 0x0000000083b00000| Complete 
|  60|0x0000000083c00000, 0x0000000083d00000, 0x0000000083d00000|100%|HC|  |TAMS 0x0000000083d00000, 0x0000000083c00000| Complete 
|  61|0x0000000083d00000, 0x0000000083e00000, 0x0000000083e00000|100%|HC|  |TAMS 0x0000000083e00000, 0x0000000083d00000| Complete 
|  62|0x0000000083e00000, 0x0000000083f00000, 0x0000000083f00000|100%|HC|  |TAMS 0x0000000083f00000, 0x0000000083e00000| Complete 
|  63|0x0000000083f00000, 0x0000000084000000, 0x0000000084000000|100%|HC|  |TAMS 0x0000000084000000, 0x0000000083f00000| Complete 
|  64|0x0000000084000000, 0x0000000084100000, 0x0000000084100000|100%| O|  |TAMS 0x0000000084100000, 0x0000000084000000| Untracked 
|  65|0x0000000084100000, 0x0000000084200000, 0x0000000084200000|100%| O|  |TAMS 0x0000000084200000, 0x0000000084100000| Untracked 
|  66|0x0000000084200000, 0x0000000084300000, 0x0000000084300000|100%| O|  |TAMS 0x0000000084300000, 0x0000000084200000| Untracked 
|  67|0x0000000084300000, 0x0000000084400000, 0x0000000084400000|100%| O|  |TAMS 0x0000000084400000, 0x0000000084300000| Untracked 
|  68|0x0000000084400000, 0x0000000084500000, 0x0000000084500000|100%| O|  |TAMS 0x0000000084500000, 0x0000000084400000| Untracked 
|  69|0x0000000084500000, 0x0000000084600000, 0x0000000084600000|100%| O|  |TAMS 0x0000000084600000, 0x0000000084500000| Untracked 
|  70|0x0000000084600000, 0x0000000084700000, 0x0000000084700000|100%| O|  |TAMS 0x0000000084700000, 0x0000000084600000| Untracked 
|  71|0x0000000084700000, 0x0000000084800000, 0x0000000084800000|100%| O|  |TAMS 0x0000000084800000, 0x0000000084700000| Untracked 
|  72|0x0000000084800000, 0x0000000084900000, 0x0000000084900000|100%| O|  |TAMS 0x0000000084900000, 0x0000000084800000| Untracked 
|  73|0x0000000084900000, 0x0000000084a00000, 0x0000000084a00000|100%| O|  |TAMS 0x0000000084a00000, 0x0000000084900000| Untracked 
|  74|0x0000000084a00000, 0x0000000084b00000, 0x0000000084b00000|100%| O|  |TAMS 0x0000000084b00000, 0x0000000084a00000| Untracked 
|  75|0x0000000084b00000, 0x0000000084c00000, 0x0000000084c00000|100%| O|  |TAMS 0x0000000084c00000, 0x0000000084b00000| Untracked 
|  76|0x0000000084c00000, 0x0000000084d00000, 0x0000000084d00000|100%| O|  |TAMS 0x0000000084cb2000, 0x0000000084c00000| Untracked 
|  77|0x0000000084d00000, 0x0000000084e00000, 0x0000000084e00000|100%| O|  |TAMS 0x0000000084d00000, 0x0000000084d00000| Untracked 
|  78|0x0000000084e00000, 0x0000000084f00000, 0x0000000084f00000|100%| O|  |TAMS 0x0000000084e00000, 0x0000000084e00000| Untracked 
|  79|0x0000000084f00000, 0x0000000085000000, 0x0000000085000000|100%| O|  |TAMS 0x0000000084f00000, 0x0000000084f00000| Untracked 
|  80|0x0000000085000000, 0x0000000085013c00, 0x0000000085100000|  7%| O|  |TAMS 0x0000000085000000, 0x0000000085000000| Untracked 
|  81|0x0000000085100000, 0x0000000085100000, 0x0000000085200000|  0%| F|  |TAMS 0x0000000085100000, 0x0000000085100000| Untracked 
|  82|0x0000000085200000, 0x0000000085200000, 0x0000000085300000|  0%| F|  |TAMS 0x0000000085200000, 0x0000000085200000| Untracked 
|  83|0x0000000085300000, 0x0000000085300000, 0x0000000085400000|  0%| F|  |TAMS 0x0000000085300000, 0x0000000085300000| Untracked 
|  84|0x0000000085400000, 0x0000000085400000, 0x0000000085500000|  0%| F|  |TAMS 0x0000000085400000, 0x0000000085400000| Untracked 
|  85|0x0000000085500000, 0x0000000085500000, 0x0000000085600000|  0%| F|  |TAMS 0x0000000085500000, 0x0000000085500000| Untracked 
|  86|0x0000000085600000, 0x0000000085600000, 0x0000000085700000|  0%| F|  |TAMS 0x0000000085600000, 0x0000000085600000| Untracked 
|  87|0x0000000085700000, 0x0000000085700000, 0x0000000085800000|  0%| F|  |TAMS 0x0000000085700000, 0x0000000085700000| Untracked 
|  88|0x0000000085800000, 0x0000000085800000, 0x0000000085900000|  0%| F|  |TAMS 0x0000000085800000, 0x0000000085800000| Untracked 
|  89|0x0000000085900000, 0x0000000085900000, 0x0000000085a00000|  0%| F|  |TAMS 0x0000000085900000, 0x0000000085900000| Untracked 
|  90|0x0000000085a00000, 0x0000000085a00000, 0x0000000085b00000|  0%| F|  |TAMS 0x0000000085a00000, 0x0000000085a00000| Untracked 
|  91|0x0000000085b00000, 0x0000000085b00000, 0x0000000085c00000|  0%| F|  |TAMS 0x0000000085b00000, 0x0000000085b00000| Untracked 
|  92|0x0000000085c00000, 0x0000000085c00000, 0x0000000085d00000|  0%| F|  |TAMS 0x0000000085c00000, 0x0000000085c00000| Untracked 
|  93|0x0000000085d00000, 0x0000000085d00000, 0x0000000085e00000|  0%| F|  |TAMS 0x0000000085d00000, 0x0000000085d00000| Untracked 
|  94|0x0000000085e00000, 0x0000000085e00000, 0x0000000085f00000|  0%| F|  |TAMS 0x0000000085e00000, 0x0000000085e00000| Untracked 
|  95|0x0000000085f00000, 0x0000000085f00000, 0x0000000086000000|  0%| F|  |TAMS 0x0000000085f00000, 0x0000000085f00000| Untracked 
|  96|0x0000000086000000, 0x0000000086000000, 0x0000000086100000|  0%| F|  |TAMS 0x0000000086000000, 0x0000000086000000| Untracked 
|  97|0x0000000086100000, 0x0000000086100000, 0x0000000086200000|  0%| F|  |TAMS 0x0000000086100000, 0x0000000086100000| Untracked 
|  98|0x0000000086200000, 0x0000000086200000, 0x0000000086300000|  0%| F|  |TAMS 0x0000000086200000, 0x0000000086200000| Untracked 
|  99|0x0000000086300000, 0x0000000086300000, 0x0000000086400000|  0%| F|  |TAMS 0x0000000086300000, 0x0000000086300000| Untracked 
| 100|0x0000000086400000, 0x0000000086400000, 0x0000000086500000|  0%| F|  |TAMS 0x0000000086400000, 0x0000000086400000| Untracked 
| 101|0x0000000086500000, 0x0000000086500000, 0x0000000086600000|  0%| F|  |TAMS 0x0000000086500000, 0x0000000086500000| Untracked 
| 102|0x0000000086600000, 0x0000000086600000, 0x0000000086700000|  0%| F|  |TAMS 0x0000000086600000, 0x0000000086600000| Untracked 
| 103|0x0000000086700000, 0x0000000086700000, 0x0000000086800000|  0%| F|  |TAMS 0x0000000086700000, 0x0000000086700000| Untracked 
| 104|0x0000000086800000, 0x0000000086800000, 0x0000000086900000|  0%| F|  |TAMS 0x0000000086800000, 0x0000000086800000| Untracked 
| 105|0x0000000086900000, 0x0000000086900000, 0x0000000086a00000|  0%| F|  |TAMS 0x0000000086900000, 0x0000000086900000| Untracked 
| 106|0x0000000086a00000, 0x0000000086a00000, 0x0000000086b00000|  0%| F|  |TAMS 0x0000000086a00000, 0x0000000086a00000| Untracked 
| 107|0x0000000086b00000, 0x0000000086b00000, 0x0000000086c00000|  0%| F|  |TAMS 0x0000000086b00000, 0x0000000086b00000| Untracked 
| 108|0x0000000086c00000, 0x0000000086c00000, 0x0000000086d00000|  0%| F|  |TAMS 0x0000000086c00000, 0x0000000086c00000| Untracked 
| 109|0x0000000086d00000, 0x0000000086d00000, 0x0000000086e00000|  0%| F|  |TAMS 0x0000000086d00000, 0x0000000086d00000| Untracked 
| 110|0x0000000086e00000, 0x0000000086e00000, 0x0000000086f00000|  0%| F|  |TAMS 0x0000000086e00000, 0x0000000086e00000| Untracked 
| 111|0x0000000086f00000, 0x0000000086f00000, 0x0000000087000000|  0%| F|  |TAMS 0x0000000086f00000, 0x0000000086f00000| Untracked 
| 112|0x0000000087000000, 0x0000000087000000, 0x0000000087100000|  0%| F|  |TAMS 0x0000000087000000, 0x0000000087000000| Untracked 
| 113|0x0000000087100000, 0x0000000087100000, 0x0000000087200000|  0%| F|  |TAMS 0x0000000087100000, 0x0000000087100000| Untracked 
| 114|0x0000000087200000, 0x0000000087200000, 0x0000000087300000|  0%| F|  |TAMS 0x0000000087200000, 0x0000000087200000| Untracked 
| 115|0x0000000087300000, 0x0000000087300000, 0x0000000087400000|  0%| F|  |TAMS 0x0000000087300000, 0x0000000087300000| Untracked 
| 116|0x0000000087400000, 0x0000000087400000, 0x0000000087500000|  0%| F|  |TAMS 0x0000000087400000, 0x0000000087400000| Untracked 
| 117|0x0000000087500000, 0x0000000087500000, 0x0000000087600000|  0%| F|  |TAMS 0x0000000087500000, 0x0000000087500000| Untracked 
| 118|0x0000000087600000, 0x0000000087600000, 0x0000000087700000|  0%| F|  |TAMS 0x0000000087600000, 0x0000000087600000| Untracked 
| 119|0x0000000087700000, 0x0000000087700000, 0x0000000087800000|  0%| F|  |TAMS 0x0000000087700000, 0x0000000087700000| Untracked 
| 120|0x0000000087800000, 0x0000000087800000, 0x0000000087900000|  0%| F|  |TAMS 0x0000000087800000, 0x0000000087800000| Untracked 
| 121|0x0000000087900000, 0x0000000087900000, 0x0000000087a00000|  0%| F|  |TAMS 0x0000000087900000, 0x0000000087900000| Untracked 
| 122|0x0000000087a00000, 0x0000000087a00000, 0x0000000087b00000|  0%| F|  |TAMS 0x0000000087a00000, 0x0000000087a00000| Untracked 
| 123|0x0000000087b00000, 0x0000000087b00000, 0x0000000087c00000|  0%| F|  |TAMS 0x0000000087b00000, 0x0000000087b00000| Untracked 
| 124|0x0000000087c00000, 0x0000000087c00000, 0x0000000087d00000|  0%| F|  |TAMS 0x0000000087c00000, 0x0000000087c00000| Untracked 
| 125|0x0000000087d00000, 0x0000000087d00000, 0x0000000087e00000|  0%| F|  |TAMS 0x0000000087d00000, 0x0000000087d00000| Untracked 
| 126|0x0000000087e00000, 0x0000000087e00000, 0x0000000087f00000|  0%| F|  |TAMS 0x0000000087e00000, 0x0000000087e00000| Untracked 
| 127|0x0000000087f00000, 0x0000000087f00000, 0x0000000088000000|  0%| F|  |TAMS 0x0000000087f00000, 0x0000000087f00000| Untracked 
| 128|0x0000000088000000, 0x0000000088000000, 0x0000000088100000|  0%| F|  |TAMS 0x0000000088000000, 0x0000000088000000| Untracked 
| 129|0x0000000088100000, 0x0000000088100000, 0x0000000088200000|  0%| F|  |TAMS 0x0000000088100000, 0x0000000088100000| Untracked 
| 130|0x0000000088200000, 0x0000000088200000, 0x0000000088300000|  0%| F|  |TAMS 0x0000000088200000, 0x0000000088200000| Untracked 
| 131|0x0000000088300000, 0x0000000088300000, 0x0000000088400000|  0%| F|  |TAMS 0x0000000088300000, 0x0000000088300000| Untracked 
| 132|0x0000000088400000, 0x0000000088400000, 0x0000000088500000|  0%| F|  |TAMS 0x0000000088400000, 0x0000000088400000| Untracked 
| 133|0x0000000088500000, 0x0000000088500000, 0x0000000088600000|  0%| F|  |TAMS 0x0000000088500000, 0x0000000088500000| Untracked 
| 134|0x0000000088600000, 0x0000000088600000, 0x0000000088700000|  0%| F|  |TAMS 0x0000000088600000, 0x0000000088600000| Untracked 
| 135|0x0000000088700000, 0x0000000088700000, 0x0000000088800000|  0%| F|  |TAMS 0x0000000088700000, 0x0000000088700000| Untracked 
| 136|0x0000000088800000, 0x0000000088823118, 0x0000000088900000| 13%| S|CS|TAMS 0x0000000088800000, 0x0000000088800000| Complete 
| 137|0x0000000088900000, 0x0000000088900000, 0x0000000088a00000|  0%| F|  |TAMS 0x0000000088900000, 0x0000000088900000| Untracked 
| 138|0x0000000088a00000, 0x0000000088a00000, 0x0000000088b00000|  0%| F|  |TAMS 0x0000000088a00000, 0x0000000088a00000| Untracked 
| 139|0x0000000088b00000, 0x0000000088b00000, 0x0000000088c00000|  0%| F|  |TAMS 0x0000000088b00000, 0x0000000088b00000| Untracked 
| 140|0x0000000088c00000, 0x0000000088c00000, 0x0000000088d00000|  0%| F|  |TAMS 0x0000000088c00000, 0x0000000088c00000| Untracked 
| 141|0x0000000088d00000, 0x0000000088d00000, 0x0000000088e00000|  0%| F|  |TAMS 0x0000000088d00000, 0x0000000088d00000| Untracked 
| 142|0x0000000088e00000, 0x0000000088e00000, 0x0000000088f00000|  0%| F|  |TAMS 0x0000000088e00000, 0x0000000088e00000| Untracked 

Card table byte_map: [0x000001dbcc1c0000,0x000001dbcc5c0000] _byte_map_base: 0x000001dbcbdc0000

Marking Bits (Prev, Next): (CMBitMap*) 0x000001dbb90a97e0, (CMBitMap*) 0x000001dbb90a97a0
 Prev Bits: [0x000001dbce9c0000, 0x000001dbd09c0000)
 Next Bits: [0x000001dbcc9c0000, 0x000001dbce9c0000)

Polling page: 0x000001dbb6f90000

Metaspace:

Usage:
  Non-class:     58.31 MB used.
      Class:      9.65 MB used.
       Both:     67.97 MB used.

Virtual space:
  Non-class space:       64.00 MB reserved,      58.62 MB ( 92%) committed,  1 nodes.
      Class space:        1.00 GB reserved,       9.94 MB ( <1%) committed,  1 nodes.
             Both:        1.06 GB reserved,      68.56 MB (  6%) committed. 

Chunk freelists:
   Non-Class:  5.06 MB
       Class:  6.08 MB
        Both:  11.14 MB

MaxMetaspaceSize: unlimited
CompressedClassSpaceSize: 1.00 GB
Initial GC threshold: 21.00 MB
Current GC threshold: 105.31 MB
CDS: off
MetaspaceReclaimPolicy: balanced
 - commit_granule_bytes: 65536.
 - commit_granule_words: 8192.
 - virtual_space_node_default_size: 8388608.
 - enlarge_chunks_in_place: 1.
 - new_chunks_are_fully_committed: 0.
 - uncommit_free_chunks: 1.
 - use_allocation_guard: 0.
 - handle_deallocations: 1.


Internal statistics:

num_allocs_failed_limit: 3.
num_arena_births: 774.
num_arena_deaths: 0.
num_vsnodes_births: 2.
num_vsnodes_deaths: 0.
num_space_committed: 1097.
num_space_uncommitted: 0.
num_chunks_returned_to_freelist: 3.
num_chunks_taken_from_freelist: 3218.
num_chunk_merges: 3.
num_chunk_splits: 2158.
num_chunks_enlarged: 1489.
num_inconsistent_stats: 0.

CodeHeap 'non-profiled nmethods': size=119168Kb used=3856Kb max_used=3856Kb free=115311Kb
 bounds [0x000001dbc40c0000, 0x000001dbc4490000, 0x000001dbcb520000]
CodeHeap 'profiled nmethods': size=119104Kb used=14390Kb max_used=14390Kb free=104713Kb
 bounds [0x000001dbbc520000, 0x000001dbbd330000, 0x000001dbc3970000]
CodeHeap 'non-nmethods': size=7488Kb used=4039Kb max_used=4100Kb free=3448Kb
 bounds [0x000001dbc3970000, 0x000001dbc3d80000, 0x000001dbc40c0000]
 total_blobs=8284 nmethods=7414 adapters=779
 compilation: enabled
              stopped_count=0, restarted_count=0
 full_count=0

Compilation events (20 events):
Event: 8.832 Thread 0x000001dbd3b0b3b0 8178       4       java.lang.String::concat (15 bytes)
Event: 8.838 Thread 0x000001dbd3b0b3b0 nmethod 8178 0x000001dbc4378590 code [0x000001dbc4378740, 0x000001dbc4378cf8]
Event: 8.838 Thread 0x000001dbd3b0f980 8179       3       kotlin.reflect.jvm.internal.ReflectProperties::lazySoft (14 bytes)
Event: 8.839 Thread 0x000001dbd3b0f980 nmethod 8179 0x000001dbbd329990 code [0x000001dbbd329b60, 0x000001dbbd329e28]
Event: 8.840 Thread 0x000001dbd3b0b3b0 8180       4       java.util.jar.JarFile::getEntry (35 bytes)
Event: 8.857 Thread 0x000001dbd3b0b3b0 nmethod 8180 0x000001dbc4377010 code [0x000001dbc4377200, 0x000001dbc4378010]
Event: 8.857 Thread 0x000001dbd3b0b3b0 8183       4       java.net.URLStreamHandler::setURL (159 bytes)
Event: 8.858 Thread 0x000001dbd9c5bde0 8184       3       kotlin.LazyKt__LazyJVMKt::lazy (102 bytes)
Event: 8.858 Thread 0x000001dbd3cc6a70 8185       3       kotlin.SafePublicationLazyImpl::<init> (30 bytes)
Event: 8.859 Thread 0x000001dbd3cc6a70 nmethod 8185 0x000001dbbd329f90 code [0x000001dbbd32a1c0, 0x000001dbbd32a8f8]
Event: 8.859 Thread 0x000001dbd9c5bde0 nmethod 8184 0x000001dbbd32ab90 code [0x000001dbbd32afa0, 0x000001dbbd32ca38]
Event: 8.862 Thread 0x000001dbd3b0b3b0 nmethod 8183 0x000001dbc4376790 code [0x000001dbc4376920, 0x000001dbc4376c88]
Event: 8.862 Thread 0x000001dbd3b0b3b0 8181       4       sun.net.www.protocol.jar.Handler::indexOfBangSlash (52 bytes)
Event: 8.866 Thread 0x000001dbd3b0b3b0 nmethod 8181 0x000001dbc4376110 code [0x000001dbc43762a0, 0x000001dbc4376518]
Event: 8.866 Thread 0x000001dbd3b0b3b0 8182       4       sun.net.www.protocol.jar.Handler::canonicalizeString (72 bytes)
Event: 8.868 Thread 0x000001dbd3b0b3b0 nmethod 8182 0x000001dbc4375a10 code [0x000001dbc4375ba0, 0x000001dbc4375e38]
Event: 8.909 Thread 0x000001dbd3b0b3b0 8186       4       kotlin.jvm.internal.Intrinsics::checkNotNullParameter (9 bytes)
Event: 8.910 Thread 0x000001dbd3b0b3b0 nmethod 8186 0x000001dbc4375710 code [0x000001dbc4375880, 0x000001dbc43758f8]
Event: 8.925 Thread 0x000001dbd3cc64a0 8187       3       kotlin.reflect.jvm.internal.impl.renderer.DescriptorRendererOptionsImpl::property (20 bytes)
Event: 8.926 Thread 0x000001dbd3cc64a0 nmethod 8187 0x000001dbbd32d310 code [0x000001dbbd32d4c0, 0x000001dbbd32d7f8]

GC Heap History (20 events):
Event: 5.919 GC heap after
{Heap after GC invocations=21 (full 0):
 garbage-first heap   total 110592K, used 61785K [0x0000000080000000, 0x0000000100000000)
  region size 1024K, 3 young (3072K), 3 survivors (3072K)
 Metaspace       used 51160K, committed 51648K, reserved 1114112K
  class space    used 6894K, committed 7104K, reserved 1048576K
}
Event: 5.974 GC heap before
{Heap before GC invocations=22 (full 0):
 garbage-first heap   total 116736K, used 71001K [0x0000000080000000, 0x0000000100000000)
  region size 1024K, 8 young (8192K), 3 survivors (3072K)
 Metaspace       used 51515K, committed 51968K, reserved 1114112K
  class space    used 6918K, committed 7104K, reserved 1048576K
}
Event: 5.976 GC heap after
{Heap after GC invocations=23 (full 0):
 garbage-first heap   total 116736K, used 68701K [0x0000000080000000, 0x0000000100000000)
  region size 1024K, 2 young (2048K), 2 survivors (2048K)
 Metaspace       used 51515K, committed 51968K, reserved 1114112K
  class space    used 6918K, committed 7104K, reserved 1048576K
}
Event: 6.226 GC heap before
{Heap before GC invocations=24 (full 0):
 garbage-first heap   total 121856K, used 86109K [0x0000000080000000, 0x0000000100000000)
  region size 1024K, 17 young (17408K), 2 survivors (2048K)
 Metaspace       used 53620K, committed 54208K, reserved 1114112K
  class space    used 7132K, committed 7424K, reserved 1048576K
}
Event: 6.229 GC heap after
{Heap after GC invocations=25 (full 0):
 garbage-first heap   total 121856K, used 68735K [0x0000000080000000, 0x0000000100000000)
  region size 1024K, 2 young (2048K), 2 survivors (2048K)
 Metaspace       used 53620K, committed 54208K, reserved 1114112K
  class space    used 7132K, committed 7424K, reserved 1048576K
}
Event: 6.464 GC heap before
{Heap before GC invocations=25 (full 0):
 garbage-first heap   total 121856K, used 88191K [0x0000000080000000, 0x0000000100000000)
  region size 1024K, 21 young (21504K), 2 survivors (2048K)
 Metaspace       used 54427K, committed 55040K, reserved 1114112K
  class space    used 7261K, committed 7552K, reserved 1048576K
}
Event: 6.466 GC heap after
{Heap after GC invocations=26 (full 0):
 garbage-first heap   total 121856K, used 69792K [0x0000000080000000, 0x0000000100000000)
  region size 1024K, 2 young (2048K), 2 survivors (2048K)
 Metaspace       used 54427K, committed 55040K, reserved 1114112K
  class space    used 7261K, committed 7552K, reserved 1048576K
}
Event: 6.880 GC heap before
{Heap before GC invocations=27 (full 0):
 garbage-first heap   total 121856K, used 91296K [0x0000000080000000, 0x0000000100000000)
  region size 1024K, 23 young (23552K), 2 survivors (2048K)
 Metaspace       used 57240K, committed 57792K, reserved 1114112K
  class space    used 7714K, committed 8000K, reserved 1048576K
}
Event: 6.884 GC heap after
{Heap after GC invocations=28 (full 0):
 garbage-first heap   total 146432K, used 71235K [0x0000000080000000, 0x0000000100000000)
  region size 1024K, 3 young (3072K), 3 survivors (3072K)
 Metaspace       used 57240K, committed 57792K, reserved 1114112K
  class space    used 7714K, committed 8000K, reserved 1048576K
}
Event: 7.471 GC heap before
{Heap before GC invocations=28 (full 0):
 garbage-first heap   total 146432K, used 106051K [0x0000000080000000, 0x0000000100000000)
  region size 1024K, 37 young (37888K), 3 survivors (3072K)
 Metaspace       used 60550K, committed 61248K, reserved 1114112K
  class space    used 8274K, committed 8576K, reserved 1048576K
}
Event: 7.475 GC heap after
{Heap after GC invocations=29 (full 0):
 garbage-first heap   total 146432K, used 73374K [0x0000000080000000, 0x0000000100000000)
  region size 1024K, 5 young (5120K), 5 survivors (5120K)
 Metaspace       used 60550K, committed 61248K, reserved 1114112K
  class space    used 8274K, committed 8576K, reserved 1048576K
}
Event: 8.268 GC heap before
{Heap before GC invocations=30 (full 0):
 garbage-first heap   total 146432K, used 108190K [0x0000000080000000, 0x0000000100000000)
  region size 1024K, 40 young (40960K), 5 survivors (5120K)
 Metaspace       used 62404K, committed 63040K, reserved 1114112K
  class space    used 8484K, committed 8768K, reserved 1048576K
}
Event: 8.274 GC heap after
{Heap after GC invocations=31 (full 0):
 garbage-first heap   total 146432K, used 77804K [0x0000000080000000, 0x0000000100000000)
  region size 1024K, 5 young (5120K), 5 survivors (5120K)
 Metaspace       used 62404K, committed 63040K, reserved 1114112K
  class space    used 8484K, committed 8768K, reserved 1048576K
}
Event: 8.287 GC heap before
{Heap before GC invocations=31 (full 0):
 garbage-first heap   total 146432K, used 79852K [0x0000000080000000, 0x0000000100000000)
  region size 1024K, 7 young (7168K), 5 survivors (5120K)
 Metaspace       used 62424K, committed 63040K, reserved 1114112K
  class space    used 8484K, committed 8768K, reserved 1048576K
}
Event: 8.291 GC heap after
{Heap after GC invocations=32 (full 0):
 garbage-first heap   total 146432K, used 78246K [0x0000000080000000, 0x0000000100000000)
  region size 1024K, 1 young (1024K), 1 survivors (1024K)
 Metaspace       used 62424K, committed 63040K, reserved 1114112K
  class space    used 8484K, committed 8768K, reserved 1048576K
}
Event: 8.598 GC heap before
{Heap before GC invocations=32 (full 0):
 garbage-first heap   total 146432K, used 112038K [0x0000000080000000, 0x0000000100000000)
  region size 1024K, 34 young (34816K), 1 survivors (1024K)
 Metaspace       used 63772K, committed 64448K, reserved 1114112K
  class space    used 8656K, committed 8960K, reserved 1048576K
}
Event: 8.601 GC heap after
{Heap after GC invocations=33 (full 0):
 garbage-first heap   total 146432K, used 80499K [0x0000000080000000, 0x0000000100000000)
  region size 1024K, 4 young (4096K), 4 survivors (4096K)
 Metaspace       used 63772K, committed 64448K, reserved 1114112K
  class space    used 8656K, committed 8960K, reserved 1048576K
}
Event: 8.964 GC heap before
{Heap before GC invocations=34 (full 0):
 garbage-first heap   total 146432K, used 112243K [0x0000000080000000, 0x0000000100000000)
  region size 1024K, 36 young (36864K), 4 survivors (4096K)
 Metaspace       used 68822K, committed 69504K, reserved 1114112K
  class space    used 9784K, committed 10112K, reserved 1048576K
}
Event: 8.969 GC heap after
{Heap after GC invocations=35 (full 0):
 garbage-first heap   total 146432K, used 81350K [0x0000000080000000, 0x0000000100000000)
  region size 1024K, 1 young (1024K), 1 survivors (1024K)
 Metaspace       used 68822K, committed 69504K, reserved 1114112K
  class space    used 9784K, committed 10112K, reserved 1048576K
}
Event: 9.009 GC heap before
{Heap before GC invocations=35 (full 0):
 garbage-first heap   total 146432K, used 86470K [0x0000000080000000, 0x0000000100000000)
  region size 1024K, 7 young (7168K), 1 survivors (1024K)
 Metaspace       used 69596K, committed 70208K, reserved 1114112K
  class space    used 9884K, committed 10176K, reserved 1048576K
}

Dll operation events (3 events):
Event: 0.009 Loaded shared library C:\Program Files\Android\Android Studio\jbr\bin\java.dll
Event: 0.139 Loaded shared library C:\Program Files\Android\Android Studio\jbr\bin\zip.dll
Event: 0.422 Loaded shared library C:\Program Files\Android\Android Studio\jbr\bin\verify.dll

Deoptimization events (20 events):
Event: 8.742 Thread 0x000001dbd9365460 Uncommon trap: trap_request=0xffffff45 fr.pc=0x000001dbc4368bc8 relative=0x0000000000001408
Event: 8.742 Thread 0x000001dbd9365460 Uncommon trap: reason=unstable_if action=reinterpret pc=0x000001dbc4368bc8 method=java.util.concurrent.ConcurrentHashMap.putVal(Ljava/lang/Object;Ljava/lang/Object;Z)Ljava/lang/Object; @ 245 c2
Event: 8.742 Thread 0x000001dbd9365460 DEOPT PACKING pc=0x000001dbc4368bc8 sp=0x00000071bc9f5c50
Event: 8.742 Thread 0x000001dbd9365460 DEOPT UNPACKING pc=0x000001dbc39c69a3 sp=0x00000071bc9f5bd8 mode 2
Event: 8.743 Thread 0x000001dbd9365460 Uncommon trap: trap_request=0xffffff45 fr.pc=0x000001dbc4185b84 relative=0x0000000000000084
Event: 8.743 Thread 0x000001dbd9365460 Uncommon trap: reason=unstable_if action=reinterpret pc=0x000001dbc4185b84 method=java.lang.CharacterDataLatin1.isWhitespace(I)Z @ 14 c2
Event: 8.743 Thread 0x000001dbd9365460 DEOPT PACKING pc=0x000001dbc4185b84 sp=0x00000071bc9f6620
Event: 8.743 Thread 0x000001dbd9365460 DEOPT UNPACKING pc=0x000001dbc39c69a3 sp=0x00000071bc9f6590 mode 2
Event: 8.824 Thread 0x000001dbd9365460 Uncommon trap: trap_request=0xffffff45 fr.pc=0x000001dbc415d410 relative=0x0000000000001a10
Event: 8.824 Thread 0x000001dbd9365460 Uncommon trap: reason=unstable_if action=reinterpret pc=0x000001dbc415d410 method=java.util.jar.JarFile.getEntry(Ljava/lang/String;)Ljava/util/zip/ZipEntry; @ 15 c2
Event: 8.824 Thread 0x000001dbd9365460 DEOPT PACKING pc=0x000001dbc415d410 sp=0x00000071bc9f4bc0
Event: 8.824 Thread 0x000001dbd9365460 DEOPT UNPACKING pc=0x000001dbc39c69a3 sp=0x00000071bc9f4bc8 mode 2
Event: 8.931 Thread 0x000001dbd9365460 Uncommon trap: trap_request=0xffffff45 fr.pc=0x000001dbc40fc3e0 relative=0x0000000000000620
Event: 8.931 Thread 0x000001dbd9365460 Uncommon trap: reason=unstable_if action=reinterpret pc=0x000001dbc40fc3e0 method=java.lang.AbstractStringBuilder.append(Ljava/lang/String;)Ljava/lang/AbstractStringBuilder; @ 1 c2
Event: 8.931 Thread 0x000001dbd9365460 DEOPT PACKING pc=0x000001dbc40fc3e0 sp=0x00000071bc9f4e70
Event: 8.931 Thread 0x000001dbd9365460 DEOPT UNPACKING pc=0x000001dbc39c69a3 sp=0x00000071bc9f4df0 mode 2
Event: 9.008 Thread 0x000001dbd9365460 Uncommon trap: trap_request=0xffffff45 fr.pc=0x000001dbc4109bf0 relative=0x0000000000000630
Event: 9.008 Thread 0x000001dbd9365460 Uncommon trap: reason=unstable_if action=reinterpret pc=0x000001dbc4109bf0 method=java.lang.AbstractStringBuilder.append(Ljava/lang/String;)Ljava/lang/AbstractStringBuilder; @ 1 c2
Event: 9.008 Thread 0x000001dbd9365460 DEOPT PACKING pc=0x000001dbc4109bf0 sp=0x00000071bc9f5450
Event: 9.008 Thread 0x000001dbd9365460 DEOPT UNPACKING pc=0x000001dbc39c69a3 sp=0x00000071bc9f5438 mode 2

Classes unloaded (0 events):
No events

Classes redefined (0 events):
No events

Internal exceptions (20 events):
Event: 7.320 Thread 0x000001dbd9365460 Exception <a 'java/lang/NoSuchMethodError'{0x0000000087446498}: 'java.lang.Object java.lang.invoke.DelegatingMethodHandle$Holder.delegate(java.lang.Object, java.lang.Object, java.lang.Object, java.lang.Object, java.lang.Object, java.lang.Object, java.lang.Object, java.lang.Object, java.lang.Object, java.lang.Object, java.lang.Object, java.lang.Object, java.lang.Object, java.lang.Object, java.lang.Object, java.lang.Object, java.lang.Object, java.lang.Object, java.lang.Object, java.lang.Object, java.lang.Obj
Event: 7.332 Thread 0x000001dbd9365460 Exception <a 'java/lang/NoSuchMethodError'{0x000000008732bd90}: 'java.lang.Object java.lang.invoke.DirectMethodHandle$Holder.invokeStatic(java.lang.Object, java.lang.Object, java.lang.Object, java.lang.Object, java.lang.Object, java.lang.Object, java.lang.Object, java.lang.Object, java.lang.Object, java.lang.Object, java.lang.Object, java.lang.Object, java.lang.Object, java.lang.Object, java.lang.Object, java.lang.Object, java.lang.Object, java.lang.Object, java.lang.Object, java.lang.Object, java.lang.Obj
Event: 7.429 Thread 0x000001dbd9365460 Exception <a 'java/lang/NoSuchMethodError'{0x0000000086fe8108}: static Lorg/gradle/api/internal/catalog/DefaultVersionCatalog;.<clinit>()V> (0x0000000086fe8108) 
thrown [s\src\hotspot\share\prims\jni.cpp, line 1127]
Event: 7.434 Thread 0x000001dbd9365460 Exception <a 'java/lang/NoSuchMethodError'{0x0000000086e3aa58}: static [Ljava/lang/Object;.<clinit>()V> (0x0000000086e3aa58) 
thrown [s\src\hotspot\share\prims\jni.cpp, line 1127]
Event: 7.435 Thread 0x000001dbd9365460 Exception <a 'java/lang/NoSuchMethodError'{0x0000000086e63428}: static Lorg/gradle/api/internal/catalog/DependencyModel;.<clinit>()V> (0x0000000086e63428) 
thrown [s\src\hotspot\share\prims\jni.cpp, line 1127]
Event: 7.435 Thread 0x000001dbd9365460 Exception <a 'java/lang/NoSuchMethodError'{0x0000000086e66e20}: static Lorg/gradle/api/internal/catalog/AbstractContextAwareModel;.<clinit>()V> (0x0000000086e66e20) 
thrown [s\src\hotspot\share\prims\jni.cpp, line 1127]
Event: 7.437 Thread 0x000001dbd9365460 Exception <a 'java/lang/NoSuchMethodError'{0x0000000086e80770}: static Lorg/gradle/api/internal/artifacts/dependencies/AbstractVersionConstraint;.<clinit>()V> (0x0000000086e80770) 
thrown [s\src\hotspot\share\prims\jni.cpp, line 1127]
Event: 7.443 Thread 0x000001dbd9365460 Exception <a 'java/lang/NoSuchMethodError'{0x0000000086ee1208}: static Lorg/gradle/api/internal/catalog/PluginModel;.<clinit>()V> (0x0000000086ee1208) 
thrown [s\src\hotspot\share\prims\jni.cpp, line 1127]
Event: 7.445 Thread 0x000001dbd9365460 Exception <a 'java/lang/NoSuchMethodError'{0x0000000086ef8048}: static Lorg/gradle/api/internal/catalog/VersionModel;.<clinit>()V> (0x0000000086ef8048) 
thrown [s\src\hotspot\share\prims\jni.cpp, line 1127]
Event: 7.524 Thread 0x000001dbd9365460 Exception <a 'java/lang/NoSuchMethodError'{0x0000000088c85230}: 'int java.lang.invoke.DirectMethodHandle$Holder.invokeSpecialIFC(java.lang.Object, java.lang.Object, java.lang.Object)'> (0x0000000088c85230) 
thrown [s\src\hotspot\share\interpreter\linkResolver.cpp, line 771]
Event: 7.566 Thread 0x000001dbd9365460 Exception <a 'java/lang/NoSuchMethodError'{0x0000000088832648}: 'java.lang.Object java.lang.invoke.DirectMethodHandle$Holder.newInvokeSpecial(java.lang.Object, java.lang.Object, java.lang.Object, java.lang.Object, java.lang.Object, int)'> (0x0000000088832648) 
thrown [s\src\hotspot\share\interpreter\linkResolver.cpp, line 771]
Event: 7.567 Thread 0x000001dbd9365460 Exception <a 'java/lang/NoSuchMethodError'{0x0000000088837d48}: 'java.lang.Object java.lang.invoke.DirectMethodHandle$Holder.invokeSpecial(java.lang.Object, java.lang.Object, java.lang.Object, java.lang.Object, java.lang.Object, java.lang.Object, int)'> (0x0000000088837d48) 
thrown [s\src\hotspot\share\interpreter\linkResolver.cpp, line 771]
Event: 7.567 Thread 0x000001dbd9365460 Exception <a 'java/lang/NoSuchMethodError'{0x000000008883cdd0}: 'java.lang.Object java.lang.invoke.Invokers$Holder.linkToTargetMethod(java.lang.Object, java.lang.Object, java.lang.Object, java.lang.Object, int, java.lang.Object)'> (0x000000008883cdd0) 
thrown [s\src\hotspot\share\interpreter\linkResolver.cpp, line 771]
Event: 7.570 Thread 0x000001dbd9365460 Exception <a 'java/lang/NoSuchMethodError'{0x000000008886f0c8}: 'java.lang.Object java.lang.invoke.DirectMethodHandle$Holder.invokeSpecial(java.lang.Object, java.lang.Object, java.lang.Object, java.lang.Object, java.lang.Object, long)'> (0x000000008886f0c8) 
thrown [s\src\hotspot\share\interpreter\linkResolver.cpp, line 771]
Event: 7.571 Thread 0x000001dbd9365460 Exception <a 'java/lang/NoSuchMethodError'{0x0000000088892bf8}: 'void java.lang.invoke.DirectMethodHandle$Holder.invokeStatic(java.lang.Object, java.lang.Object, java.lang.Object, int, java.lang.Object)'> (0x0000000088892bf8) 
thrown [s\src\hotspot\share\interpreter\linkResolver.cpp, line 771]
Event: 8.510 Thread 0x000001dbd9365460 Exception <a 'java/lang/IncompatibleClassChangeError'{0x00000000874be908}: Found class java.lang.Object, but interface was expected> (0x00000000874be908) 
thrown [s\src\hotspot\share\interpreter\linkResolver.cpp, line 838]
Event: 8.526 Thread 0x000001dbd9365460 Exception <a 'java/lang/NoSuchMethodError'{0x000000008738df88}: 'void java.lang.invoke.DirectMethodHandle$Holder.invokeVirtual(java.lang.Object, java.lang.Object)'> (0x000000008738df88) 
thrown [s\src\hotspot\share\interpreter\linkResolver.cpp, line 771]
Event: 8.558 Thread 0x000001dbd9365460 Exception <a 'java/lang/NoSuchMethodError'{0x0000000087168798}: 'java.lang.Object java.lang.invoke.DirectMethodHandle$Holder.invokeStaticInit(java.lang.Object, int)'> (0x0000000087168798) 
thrown [s\src\hotspot\share\interpreter\linkResolver.cpp, line 771]
Event: 8.931 Thread 0x000001dbd9365460 Implicit null exception at 0x000001dbc40fbdf2 to 0x000001dbc40fc3c8
Event: 9.008 Thread 0x000001dbd9365460 Implicit null exception at 0x000001dbc41095f2 to 0x000001dbc4109bd8

VM Operations (20 events):
Event: 8.507 Executing VM operation: HandshakeAllThreads done
Event: 8.550 Executing VM operation: HandshakeAllThreads
Event: 8.551 Executing VM operation: HandshakeAllThreads done
Event: 8.551 Executing VM operation: HandshakeAllThreads
Event: 8.551 Executing VM operation: HandshakeAllThreads done
Event: 8.557 Executing VM operation: HandshakeAllThreads
Event: 8.557 Executing VM operation: HandshakeAllThreads done
Event: 8.598 Executing VM operation: G1CollectForAllocation
Event: 8.601 Executing VM operation: G1CollectForAllocation done
Event: 8.608 Executing VM operation: HandshakeAllThreads
Event: 8.608 Executing VM operation: HandshakeAllThreads done
Event: 8.609 Executing VM operation: HandshakeAllThreads
Event: 8.610 Executing VM operation: HandshakeAllThreads done
Event: 8.622 Executing VM operation: G1PauseRemark
Event: 8.625 Executing VM operation: G1PauseRemark done
Event: 8.642 Executing VM operation: G1PauseCleanup
Event: 8.643 Executing VM operation: G1PauseCleanup done
Event: 8.964 Executing VM operation: G1CollectForAllocation
Event: 8.970 Executing VM operation: G1CollectForAllocation done
Event: 9.009 Executing VM operation: G1CollectForAllocation

Events (20 events):
Event: 8.108 Thread 0x000001dbdc1befd0 Thread added: 0x000001dbdc1befd0
Event: 8.110 Thread 0x000001dbdc1c0410 Thread added: 0x000001dbdc1c0410
Event: 8.112 Thread 0x000001dbdc1be0a0 Thread added: 0x000001dbdc1be0a0
Event: 8.114 Thread 0x000001dbdc1bf4e0 Thread added: 0x000001dbdc1bf4e0
Event: 8.116 Thread 0x000001dbdc1bf9f0 Thread added: 0x000001dbdc1bf9f0
Event: 8.118 Thread 0x000001dbdc1ba3e0 Thread added: 0x000001dbdc1ba3e0
Event: 8.121 Thread 0x000001dbdc1ba8f0 Thread added: 0x000001dbdc1ba8f0
Event: 8.124 Thread 0x000001dbdc1bbd30 Thread added: 0x000001dbdc1bbd30
Event: 8.126 Thread 0x000001dbdc1bc240 Thread added: 0x000001dbdc1bc240
Event: 8.128 Thread 0x000001dbdc1be5b0 Thread added: 0x000001dbdc1be5b0
Event: 8.131 Thread 0x000001dbdc1bc750 Thread added: 0x000001dbdc1bc750
Event: 8.133 Thread 0x000001dbdc1bae00 Thread added: 0x000001dbdc1bae00
Event: 8.135 Thread 0x000001dbdc1c1340 Thread added: 0x000001dbdc1c1340
Event: 8.137 Thread 0x000001dbdc1bff00 Thread added: 0x000001dbdc1bff00
Event: 8.141 Thread 0x000001dbdc1b9ed0 Thread added: 0x000001dbdc1b9ed0
Event: 8.552 Thread 0x000001dbd3b10380 flushing nmethod 0x000001dbc4372910
Event: 8.552 Thread 0x000001dbd3b10380 flushing nmethod 0x000001dbc4386090
Event: 8.679 Thread 0x000001dbdc5f2580 Thread exited: 0x000001dbdc5f2580
Event: 8.717 Thread 0x000001dbdc3b4020 Thread exited: 0x000001dbdc3b4020
Event: 8.734 Thread 0x000001dbd8046d20 Thread exited: 0x000001dbd8046d20


Dynamic libraries:
0x00007ff76dae0000 - 0x00007ff76daea000 	C:\Program Files\Android\Android Studio\jbr\bin\java.exe
0x00007ff9d5b90000 - 0x00007ff9d5da7000 	C:\WINDOWS\SYSTEM32\ntdll.dll
0x00007ff9d4660000 - 0x00007ff9d4724000 	C:\WINDOWS\System32\KERNEL32.DLL
0x00007ff9d3070000 - 0x00007ff9d341d000 	C:\WINDOWS\System32\KERNELBASE.dll
0x00007ff9d37a0000 - 0x00007ff9d38b1000 	C:\WINDOWS\System32\ucrtbase.dll
0x00007ff982910000 - 0x00007ff98292b000 	C:\Program Files\Android\Android Studio\jbr\bin\VCRUNTIME140.dll
0x00007ff991bb0000 - 0x00007ff991bc7000 	C:\Program Files\Android\Android Studio\jbr\bin\jli.dll
0x00007ff9d5050000 - 0x00007ff9d51fe000 	C:\WINDOWS\System32\USER32.dll
0x00007ff9d3770000 - 0x00007ff9d3796000 	C:\WINDOWS\System32\win32u.dll
0x00007ff9ac420000 - 0x00007ff9ac6b3000 	C:\WINDOWS\WinSxS\amd64_microsoft.windows.common-controls_6595b64144ccf1df_6.0.22621.3672_none_2713b9d173822955\COMCTL32.dll
0x00007ff9d5520000 - 0x00007ff9d5549000 	C:\WINDOWS\System32\GDI32.dll
0x00007ff9d3f80000 - 0x00007ff9d4027000 	C:\WINDOWS\System32\msvcrt.dll
0x00007ff9d2eb0000 - 0x00007ff9d2fc9000 	C:\WINDOWS\System32\gdi32full.dll
0x00007ff9d3420000 - 0x00007ff9d34ba000 	C:\WINDOWS\System32\msvcp_win.dll
0x00007ff9d3ee0000 - 0x00007ff9d3f11000 	C:\WINDOWS\System32\IMM32.DLL
0x00007ff997cf0000 - 0x00007ff997cfc000 	C:\Program Files\Android\Android Studio\jbr\bin\vcruntime140_1.dll
0x00007ff96bad0000 - 0x00007ff96bb5d000 	C:\Program Files\Android\Android Studio\jbr\bin\msvcp140.dll
0x00007ff96f950000 - 0x00007ff9705d3000 	C:\Program Files\Android\Android Studio\jbr\bin\server\jvm.dll
0x00007ff9d3e10000 - 0x00007ff9d3ec2000 	C:\WINDOWS\System32\ADVAPI32.dll
0x00007ff9d5aa0000 - 0x00007ff9d5b49000 	C:\WINDOWS\System32\sechost.dll
0x00007ff9d3040000 - 0x00007ff9d3068000 	C:\WINDOWS\System32\bcrypt.dll
0x00007ff9d4030000 - 0x00007ff9d4144000 	C:\WINDOWS\System32\RPCRT4.dll
0x00007ff9d2d80000 - 0x00007ff9d2dcd000 	C:\WINDOWS\SYSTEM32\POWRPROF.dll
0x00007ff9a6470000 - 0x00007ff9a6479000 	C:\WINDOWS\SYSTEM32\WSOCK32.dll
0x00007ff9d4150000 - 0x00007ff9d41c1000 	C:\WINDOWS\System32\WS2_32.dll
0x00007ff9caf60000 - 0x00007ff9caf94000 	C:\WINDOWS\SYSTEM32\WINMM.dll
0x00007ff9c5c60000 - 0x00007ff9c5c6a000 	C:\WINDOWS\SYSTEM32\VERSION.dll
0x00007ff9d2cb0000 - 0x00007ff9d2cc3000 	C:\WINDOWS\SYSTEM32\UMPDC.dll
0x00007ff9d1ee0000 - 0x00007ff9d1ef8000 	C:\WINDOWS\SYSTEM32\kernel.appcore.dll
0x00007ff99df60000 - 0x00007ff99df6a000 	C:\Program Files\Android\Android Studio\jbr\bin\jimage.dll
0x00007ff9d07f0000 - 0x00007ff9d0a22000 	C:\WINDOWS\SYSTEM32\DBGHELP.DLL
0x00007ff9d4240000 - 0x00007ff9d45ce000 	C:\WINDOWS\System32\combase.dll
0x00007ff9d5550000 - 0x00007ff9d5627000 	C:\WINDOWS\System32\OLEAUT32.dll
0x00007ff9b07f0000 - 0x00007ff9b0822000 	C:\WINDOWS\SYSTEM32\dbgcore.DLL
0x00007ff9d36f0000 - 0x00007ff9d376b000 	C:\WINDOWS\System32\bcryptPrimitives.dll
0x00007ff9c9bd0000 - 0x00007ff9c9bde000 	C:\Program Files\Android\Android Studio\jbr\bin\instrument.dll
0x00007ff99df30000 - 0x00007ff99df55000 	C:\Program Files\Android\Android Studio\jbr\bin\java.dll
0x00007ff99df10000 - 0x00007ff99df28000 	C:\Program Files\Android\Android Studio\jbr\bin\zip.dll
0x00007ff9d4740000 - 0x00007ff9d4fa7000 	C:\WINDOWS\System32\SHELL32.dll
0x00007ff9d0de0000 - 0x00007ff9d16df000 	C:\WINDOWS\SYSTEM32\windows.storage.dll
0x00007ff9d0ca0000 - 0x00007ff9d0ddf000 	C:\WINDOWS\SYSTEM32\wintypes.dll
0x00007ff9d5630000 - 0x00007ff9d5729000 	C:\WINDOWS\System32\SHCORE.dll
0x00007ff9d5300000 - 0x00007ff9d535e000 	C:\WINDOWS\System32\shlwapi.dll
0x00007ff9d2de0000 - 0x00007ff9d2e07000 	C:\WINDOWS\SYSTEM32\profapi.dll
0x00007ff99def0000 - 0x00007ff99df09000 	C:\Program Files\Android\Android Studio\jbr\bin\net.dll
0x00007ff9ccca0000 - 0x00007ff9ccdd6000 	C:\WINDOWS\SYSTEM32\WINHTTP.dll
0x00007ff9d2370000 - 0x00007ff9d23d9000 	C:\WINDOWS\system32\mswsock.dll
0x00007ff99ded0000 - 0x00007ff99dee6000 	C:\Program Files\Android\Android Studio\jbr\bin\nio.dll
0x00007ff99da50000 - 0x00007ff99da60000 	C:\Program Files\Android\Android Studio\jbr\bin\verify.dll
0x00007ff9b4f60000 - 0x00007ff9b4f87000 	C:\Users\mohan\.gradle\native\c067742578af261105cb4f569cf0c3c89f3d7b1fecec35dd04571415982c5e48\windows-amd64\native-platform.dll
0x00007ff996170000 - 0x00007ff9962b4000 	C:\Users\mohan\.gradle\native\38dada09dfb8b06ba9b0570ebf7e218e3eb74d4ef43ca46872605cf95ebc2f47\windows-amd64\native-platform-file-events.dll
0x00007ff99da80000 - 0x00007ff99da89000 	C:\Program Files\Android\Android Studio\jbr\bin\management.dll
0x00007ff99da70000 - 0x00007ff99da7b000 	C:\Program Files\Android\Android Studio\jbr\bin\management_ext.dll
0x00007ff9d3ed0000 - 0x00007ff9d3ed8000 	C:\WINDOWS\System32\PSAPI.DLL
0x00007ff9d25d0000 - 0x00007ff9d25eb000 	C:\WINDOWS\SYSTEM32\CRYPTSP.dll
0x00007ff9d1e30000 - 0x00007ff9d1e65000 	C:\WINDOWS\system32\rsaenh.dll
0x00007ff9d2460000 - 0x00007ff9d2488000 	C:\WINDOWS\SYSTEM32\USERENV.dll
0x00007ff9d25c0000 - 0x00007ff9d25cc000 	C:\WINDOWS\SYSTEM32\CRYPTBASE.dll
0x00007ff9d1970000 - 0x00007ff9d199d000 	C:\WINDOWS\SYSTEM32\IPHLPAPI.DLL
0x00007ff9d5360000 - 0x00007ff9d5369000 	C:\WINDOWS\System32\NSI.dll
0x00007ff9ccbd0000 - 0x00007ff9ccbe9000 	C:\WINDOWS\SYSTEM32\dhcpcsvc6.DLL
0x00007ff9ccbb0000 - 0x00007ff9ccbcf000 	C:\WINDOWS\SYSTEM32\dhcpcsvc.DLL
0x00007ff9d19a0000 - 0x00007ff9d1a98000 	C:\WINDOWS\SYSTEM32\DNSAPI.dll
0x00007ff99dae0000 - 0x00007ff99dae9000 	C:\Program Files\Android\Android Studio\jbr\bin\extnet.dll
0x00007ff9a6460000 - 0x00007ff9a6468000 	C:\WINDOWS\system32\wshunix.dll

dbghelp: loaded successfully - version: 4.0.5 - missing functions: none
symbol engine: initialized successfully - sym options: 0x614 - pdb path: .;C:\Program Files\Android\Android Studio\jbr\bin;C:\WINDOWS\SYSTEM32;C:\WINDOWS\WinSxS\amd64_microsoft.windows.common-controls_6595b64144ccf1df_6.0.22621.3672_none_2713b9d173822955;C:\Program Files\Android\Android Studio\jbr\bin\server;C:\Users\mohan\.gradle\native\c067742578af261105cb4f569cf0c3c89f3d7b1fecec35dd04571415982c5e48\windows-amd64;C:\Users\mohan\.gradle\native\38dada09dfb8b06ba9b0570ebf7e218e3eb74d4ef43ca46872605cf95ebc2f47\windows-amd64

VM Arguments:
jvm_args: --add-opens=java.base/java.util=ALL-UNNAMED --add-opens=java.base/java.lang=ALL-UNNAMED --add-opens=java.base/java.lang.invoke=ALL-UNNAMED --add-opens=java.prefs/java.util.prefs=ALL-UNNAMED --add-opens=java.base/java.nio.charset=ALL-UNNAMED --add-opens=java.base/java.net=ALL-UNNAMED --add-opens=java.base/java.util.concurrent.atomic=ALL-UNNAMED -Xmx2048m -Dfile.encoding=UTF-8 -Duser.country=US -Duser.language=en -Duser.variant -javaagent:C:\Users\mohan\.gradle\wrapper\dists\gradle-8.7-bin\bhs2wmbdwecv87pi65oeuq5iu\gradle-8.7\lib\agents\gradle-instrumentation-agent-8.7.jar 
java_command: org.gradle.launcher.daemon.bootstrap.GradleDaemon 8.7
java_class_path (initial): C:\Users\mohan\.gradle\wrapper\dists\gradle-8.7-bin\bhs2wmbdwecv87pi65oeuq5iu\gradle-8.7\lib\gradle-launcher-8.7.jar
Launcher Type: SUN_STANDARD

[Global flags]
     intx CICompilerCount                          = 12                                        {product} {ergonomic}
     uint ConcGCThreads                            = 3                                         {product} {ergonomic}
     uint G1ConcRefinementThreads                  = 13                                        {product} {ergonomic}
   size_t G1HeapRegionSize                         = 1048576                                   {product} {ergonomic}
    uintx GCDrainStackTargetSize                   = 64                                        {product} {ergonomic}
   size_t InitialHeapSize                          = 130023424                                 {product} {ergonomic}
   size_t MarkStackSize                            = 4194304                                   {product} {ergonomic}
   size_t MaxHeapSize                              = 2147483648                                {product} {command line}
   size_t MaxNewSize                               = 1287651328                                {product} {ergonomic}
   size_t MinHeapDeltaBytes                        = 1048576                                   {product} {ergonomic}
   size_t MinHeapSize                              = 8388608                                   {product} {ergonomic}
    uintx NonNMethodCodeHeapSize                   = 7602480                                {pd product} {ergonomic}
    uintx NonProfiledCodeHeapSize                  = 122027880                              {pd product} {ergonomic}
    uintx ProfiledCodeHeapSize                     = 122027880                              {pd product} {ergonomic}
    uintx ReservedCodeCacheSize                    = 251658240                              {pd product} {ergonomic}
     bool SegmentedCodeCache                       = true                                      {product} {ergonomic}
   size_t SoftMaxHeapSize                          = 2147483648                             {manageable} {ergonomic}
     bool UseCompressedClassPointers               = true                           {product lp64_product} {ergonomic}
     bool UseCompressedOops                        = true                           {product lp64_product} {ergonomic}
     bool UseG1GC                                  = true                                      {product} {ergonomic}
     bool UseLargePagesIndividualAllocation        = false                                  {pd product} {ergonomic}

Logging:
Log output configuration:
 #0: stdout all=warning uptime,level,tags
 #1: stderr all=off uptime,level,tags

Environment Variables:
JAVA_HOME=C:\Program Files\Java\jdk-22\jdk-22
PATH=C:\Program Files\Common Files\Oracle\Java\javapath;C:\oraclexe\app\oracle\product\11.2.0\server\bin;C:\Users\mohan\Downloads\Oracle\bin;C:\WINDOWS\system32;C:\WINDOWS;C:\WINDOWS\System32\Wbem;C:\WINDOWS\System32\WindowsPowerShell\v1.0\;C:\WINDOWS\System32\OpenSSH\;C:\ProgramData\chocolatey\bin;C:\MinGW\bin;C:\Users\mohan\Downloads\mongosh\bin;C:\ngrok;C:\Program Files\nodejs\;C:\Program Files\Git\cmd;C:\Program Files\MySQL\MySQL Server 8.0\bin;C:\Program Files\PowerShell\7\;C:\Program Files\Java\jdk-22\bin;C:\Users\mohan\AppData\Local\Programs\Python\Python312\Scripts\;C:\Users\mohan\AppData\Local\Programs\Python\Python312\;C:\Users\mohan\AppData\Local\Programs\Python\Launcher\;C:\Program Files\MySQL\MySQL Shell 8.0\bin\;C:\Users\mohan\AppData\Local\Microsoft\WindowsApps;C:\Users\mohan\AppData\Local\Programs\Microsoft VS Code\bin;C:\Users\mohan\AppData\Roaming\npm
USERNAME=mohan
OS=Windows_NT
PROCESSOR_IDENTIFIER=Intel64 Family 6 Model 154 Stepping 3, GenuineIntel
TMP=C:\Users\mohan\AppData\Local\Temp
TEMP=C:\Users\mohan\AppData\Local\Temp



Periodic native trim disabled

JNI global refs:
JNI global refs: 34, weak refs: 0

JNI global refs memory usage: 843, weak refs: 841

Process memory usage:
Resident Set Size: 365296K (4% of 8048820K total physical memory with 1356680K free physical memory)

OOME stack traces (most recent first):
Classloader memory used:
Loader org.gradle.internal.classloader.VisitableURLClassLoader                         : 4681K
Loader bootstrap                                                                       : 2518K
Loader org.gradle.initialization.MixInLegacyTypesClassLoader                           : 1143K
Loader org.gradle.internal.classloader.VisitableURLClassLoader                         : 122K
Loader org.gradle.internal.classloader.VisitableURLClassLoader$InstrumentingVisitableURLClassLoader: 90501B
Loader jdk.internal.loader.ClassLoaders$PlatformClassLoader                            : 67684B
Loader jdk.internal.reflect.DelegatingClassLoader                                      : 36000B
Loader jdk.internal.loader.ClassLoaders$AppClassLoader                                 : 28771B
Loader org.gradle.groovy.scripts.internal.DefaultScriptCompilationHandler$ScriptClassLoader: 10772B
Loader org.codehaus.groovy.runtime.callsite.CallSiteClassLoader                        : 5853B

Classes loaded by more than one classloader:
Class org.gradle.internal.Cast                                                        : loaded 3 times (x 69B)
Class org.gradle.api.GradleException                                                  : loaded 3 times (x 80B)
Class Program                                                                         : loaded 3 times (x 70B)
Class kotlin.collections.AbstractCollection                                           : loaded 2 times (x 115B)
Class org.jetbrains.plugins.gradle.model.MavenRepositoryModel                         : loaded 2 times (x 68B)
Class org.gradle.internal.classpath.ClassPath                                         : loaded 2 times (x 68B)
Class org.gradle.api.internal.classpath.DefaultModuleRegistry                         : loaded 2 times (x 84B)
Class org.gradle.internal.exceptions.NonGradleCauseExceptionsHolder                   : loaded 2 times (x 68B)
Class Settings_gradle$1$1                                                             : loaded 2 times (x 72B)
Class kotlin.enums.EnumEntries                                                        : loaded 2 times (x 68B)
Class org.gradle.api.Action                                                           : loaded 2 times (x 68B)
Class org.jetbrains.kotlin.idea.gradleTooling.model.samWithReceiver.SamWithReceiverModel: loaded 2 times (x 68B)
Class kotlin.enums.EnumEntriesKt                                                      : loaded 2 times (x 69B)
Class org.jetbrains.plugins.gradle.model.ExternalProject                              : loaded 2 times (x 68B)
Class org.jetbrains.plugins.gradle.model.IntelliJSettings                             : loaded 2 times (x 68B)
Class org.jetbrains.kotlin.idea.gradleTooling.KotlinMPPGradleModel                    : loaded 2 times (x 68B)
Class org.gradle.api.internal.DefaultClassPathProvider                                : loaded 2 times (x 74B)
Class org.gradle.internal.installation.GradleInstallation$1                           : loaded 2 times (x 73B)
Class org.gradle.internal.exceptions.DefaultMultiCauseException                       : loaded 2 times (x 93B)
Class org.gradle.tooling.model.UnsupportedMethodException                             : loaded 2 times (x 80B)
Class org.gradle.internal.time.MonotonicClock                                         : loaded 2 times (x 75B)
Class org.gradle.internal.classloader.FilteringClassLoader                            : loaded 2 times (x 103B)
Class org.gradle.tooling.model.Model                                                  : loaded 2 times (x 68B)
Class org.gradle.internal.classpath.DefaultClassPath$ImmutableUniqueList$Builder      : loaded 2 times (x 73B)
Class kotlin.UninitializedPropertyAccessException                                     : loaded 2 times (x 80B)
Class org.jetbrains.kotlin.idea.gradleTooling.KotlinSourceSetContainer                : loaded 2 times (x 68B)
Class org.gradle.internal.classloader.ClassLoaderVisitor                              : loaded 2 times (x 74B)
Class org.gradle.internal.time.DefaultCountdownTimer                                  : loaded 2 times (x 86B)
Class org.gradle.internal.service.DefaultServiceLocator                               : loaded 2 times (x 81B)
Class org.jetbrains.plugins.gradle.model.jar.JarTaskManifestConfiguration             : loaded 2 times (x 68B)
Class org.gradle.internal.service.UnknownServiceException                             : loaded 2 times (x 81B)
Class sync_studio_tooling55_3xuwix5y7fzzvmyd3lo991nag$_run_closure1                   : loaded 2 times (x 137B)
Class org.jetbrains.plugins.gradle.model.DependencyAccessorsModel                     : loaded 2 times (x 68B)
Class org.gradle.internal.classloader.DefaultClassLoaderFactory                       : loaded 2 times (x 80B)
Class org.jetbrains.plugins.gradle.model.GradleExtensions                             : loaded 2 times (x 68B)
Class org.jetbrains.plugins.gradle.model.VersionCatalogsModel                         : loaded 2 times (x 68B)
Class org.gradle.internal.classloader.VisitableURLClassLoader$Spec                    : loaded 2 times (x 72B)
Class org.gradle.tooling.model.ProjectModel                                           : loaded 2 times (x 68B)
Class org.gradle.util.GradleVersion                                                   : loaded 2 times (x 81B)
Class org.gradle.tooling.internal.gradle.DefaultProjectIdentifier                     : loaded 2 times (x 84B)
Class org.gradle.api.internal.classpath.ModuleRegistry                                : loaded 2 times (x 68B)
Class org.jetbrains.plugins.gradle.model.RepositoriesModel                            : loaded 2 times (x 68B)
Class kotlin.jvm.internal.markers.KMappedMarker                                       : loaded 2 times (x 68B)
Class org.gradle.api.internal.ClassPathProvider                                       : loaded 2 times (x 68B)
Class org.gradle.internal.classloader.ClasspathUtil$1                                 : loaded 2 times (x 74B)
Class org.gradle.internal.classloader.ClassLoaderFactory                              : loaded 2 times (x 68B)
Class org.gradle.api.internal.classpath.ManifestUtil                                  : loaded 2 times (x 69B)
Class org.gradle.api.specs.Spec                                                       : loaded 2 times (x 68B)
Class kotlin.jvm.internal.Intrinsics                                                  : loaded 2 times (x 69B)
Class org.gradle.tooling.internal.gradle.GradleBuildIdentity                          : loaded 2 times (x 68B)
Class org.gradle.internal.IoActions                                                   : loaded 2 times (x 69B)
Class org.gradle.api.internal.classpath.EffectiveClassPath                            : loaded 2 times (x 88B)
Class kotlin.jvm.internal.DefaultConstructorMarker                                    : loaded 2 times (x 69B)
Class org.gradle.internal.exceptions.ResolutionProvider                               : loaded 2 times (x 68B)
Class org.jetbrains.kotlin.idea.gradleTooling.model.annotation.AnnotationBasedPluginModel: loaded 2 times (x 68B)
Class org.jetbrains.kotlin.idea.gradleTooling.model.assignment.AssignmentModel        : loaded 2 times (x 68B)
Class org.gradle.internal.installation.CurrentGradleInstallation                      : loaded 2 times (x 71B)
Class org.gradle.internal.agents.InstrumentingClassLoader                             : loaded 2 times (x 68B)
Class org.gradle.internal.installation.CurrentGradleInstallationLocator               : loaded 2 times (x 69B)
Class org.gradle.api.internal.classpath.Module                                        : loaded 2 times (x 68B)
Class org.gradle.internal.service.CachingServiceLocator                               : loaded 2 times (x 80B)
Class org.gradle.internal.time.Timer                                                  : loaded 2 times (x 68B)
Class org.jetbrains.plugins.gradle.model.tests.ExternalTestsModel                     : loaded 2 times (x 68B)
Class org.jetbrains.kotlin.idea.gradleTooling.KotlinDslScriptAdditionalTask           : loaded 2 times (x 68B)
Class org.gradle.internal.classpath.DefaultClassPath                                  : loaded 2 times (x 88B)
Class com.intellij.openapi.externalSystem.model.project.dependencies.ProjectDependencies: loaded 2 times (x 68B)
Class kotlin.enums.EnumEntriesList                                                    : loaded 2 times (x 183B)
Class org.jetbrains.kotlin.idea.gradleTooling.PrepareKotlinIdeImportTaskModel         : loaded 2 times (x 68B)
Class org.gradle.internal.impldep.com.google.common.base.Preconditions                : loaded 2 times (x 69B)
Class kotlin.jvm.functions.Function1                                                  : loaded 2 times (x 68B)
Class org.gradle.internal.time.Time                                                   : loaded 2 times (x 69B)
Class org.gradle.internal.time.TimeSource$1                                           : loaded 2 times (x 75B)
Class kotlin.KotlinNullPointerException                                               : loaded 2 times (x 81B)
Class org.gradle.internal.classloader.SystemClassLoaderSpec                           : loaded 2 times (x 69B)
Class kotlin.Function                                                                 : loaded 2 times (x 68B)
Class org.gradle.api.UncheckedIOException                                             : loaded 2 times (x 80B)
Class kotlin.collections.AbstractList                                                 : loaded 2 times (x 157B)
Class org.gradle.tooling.internal.gradle.GradleProjectIdentity                        : loaded 2 times (x 68B)
Class org.gradle.internal.time.CountdownTimer                                         : loaded 2 times (x 68B)
Class org.gradle.internal.time.Clock                                                  : loaded 2 times (x 68B)
Class org.gradle.internal.classloader.ClasspathUtil                                   : loaded 2 times (x 69B)
Class org.gradle.tooling.model.BuildIdentifier                                        : loaded 2 times (x 68B)
Class org.gradle.api.internal.DefaultClassPathRegistry                                : loaded 2 times (x 74B)
Class org.gradle.api.internal.classpath.DefaultModuleRegistry$DefaultModule           : loaded 2 times (x 84B)
Class org.gradle.internal.time.TimeSource                                             : loaded 2 times (x 68B)
Class org.jetbrains.kotlin.android.synthetic.idea.AndroidExtensionsGradleModel        : loaded 2 times (x 68B)
Class org.gradle.api.internal.classpath.UnknownModuleException                        : loaded 2 times (x 80B)
Class org.jetbrains.plugins.gradle.model.IntelliJProjectSettings                      : loaded 2 times (x 68B)
Class org.gradle.internal.service.ServiceLookupException                              : loaded 2 times (x 80B)
Class sync_studio_tooling55_3xuwix5y7fzzvmyd3lo991nag                                 : loaded 2 times (x 177B)
Class org.gradle.cache.GlobalCache                                                    : loaded 2 times (x 68B)
Class org.jetbrains.kotlin.idea.gradleTooling.model.lombok.LombokModel                : loaded 2 times (x 68B)
Class org.gradle.tooling.model.ProjectIdentifier                                      : loaded 2 times (x 68B)
Class [Lorg.gradle.api.internal.ClassPathProvider;                                    : loaded 2 times (x 67B)
Class org.gradle.internal.operations.MultipleBuildOperationFailures                   : loaded 2 times (x 93B)
Class org.gradle.util.internal.GUtil                                                  : loaded 2 times (x 69B)
Class org.jetbrains.plugins.gradle.model.AnnotationProcessingModel                    : loaded 2 times (x 68B)
Class org.gradle.internal.classloader.ClassLoaderSpec                                 : loaded 2 times (x 69B)
Class org.gradle.internal.classloader.VisitableURLClassLoader                         : loaded 2 times (x 115B)
Class org.gradle.internal.installation.GradleInstallation                             : loaded 2 times (x 73B)
Class org.gradle.api.internal.ClassPathRegistry                                       : loaded 2 times (x 68B)
Class org.gradle.internal.classloader.VisitableURLClassLoader$InstrumentingVisitableURLClassLoader: loaded 2 times (x 121B)
Class org.gradle.internal.classloader.ClassLoaderHierarchy                            : loaded 2 times (x 68B)
Class org.gradle.internal.exceptions.MultiCauseException                              : loaded 2 times (x 68B)
Class org.jetbrains.kotlin.idea.gradleTooling.model.parcelize.ParcelizeGradleModel    : loaded 2 times (x 68B)
Class org.gradle.internal.InternalTransformer                                         : loaded 2 times (x 68B)
Class org.jetbrains.kotlin.idea.gradleTooling.model.noarg.NoArgModel                  : loaded 2 times (x 68B)
Class org.jetbrains.kotlin.idea.gradleTooling.KotlinGradleModel                       : loaded 2 times (x 68B)
Class org.gradle.tooling.internal.gradle.DefaultBuildIdentifier                       : loaded 2 times (x 77B)
Class org.gradle.internal.service.ServiceLocator                                      : loaded 2 times (x 68B)
Class Settings_gradle$1                                                               : loaded 2 times (x 72B)
Class org.jetbrains.kotlin.idea.gradleTooling.model.allopen.AllOpenModel              : loaded 2 times (x 68B)
Class ijInit1_5tv7pf72fq8b5qouo5aindea5                                               : loaded 2 times (x 177B)
Class org.gradle.internal.classpath.DefaultClassPath$ImmutableUniqueList              : loaded 2 times (x 159B)
Class org.gradle.internal.time.DefaultTimer                                           : loaded 2 times (x 78B)
Class org.gradle.internal.classpath.TransformedClassPath                              : loaded 2 times (x 94B)
Class Settings_gradle                                                                 : loaded 2 times (x 126B)
Class kotlin.collections.AbstractList$Companion                                       : loaded 2 times (x 69B)


---------------  S Y S T E M  ---------------

OS:
 Windows 11 , 64 bit Build 22621 (10.0.22621.3958)
OS uptime: 1 days 4:07 hours
Hyper-V role detected

CPU: total 16 (initial active 16) (8 cores per cpu, 2 threads per core) family 6 model 154 stepping 3 microcode 0x432, cx8, cmov, fxsr, ht, mmx, 3dnowpref, sse, sse2, sse3, ssse3, sse4.1, sse4.2, popcnt, lzcnt, tsc, tscinvbit, avx, avx2, aes, erms, clmul, bmi1, bmi2, adx, sha, fma, vzeroupper, clflush, clflushopt, clwb, hv
Processor Information for processor 0
  Max Mhz: 1700, Current Mhz: 1700, Mhz Limit: 1700
Processor Information for processor 1
  Max Mhz: 1700, Current Mhz: 1700, Mhz Limit: 1700
Processor Information for processor 2
  Max Mhz: 1700, Current Mhz: 1457, Mhz Limit: 1700
Processor Information for processor 3
  Max Mhz: 1700, Current Mhz: 1700, Mhz Limit: 1700
Processor Information for processor 4
  Max Mhz: 1700, Current Mhz: 1700, Mhz Limit: 1700
Processor Information for processor 5
  Max Mhz: 1700, Current Mhz: 1700, Mhz Limit: 1700
Processor Information for processor 6
  Max Mhz: 1700, Current Mhz: 1700, Mhz Limit: 1700
Processor Information for processor 7
  Max Mhz: 1700, Current Mhz: 1700, Mhz Limit: 1700
Processor Information for processor 8
  Max Mhz: 1700, Current Mhz: 1200, Mhz Limit: 1190
Processor Information for processor 9
  Max Mhz: 1700, Current Mhz: 1200, Mhz Limit: 1190
Processor Information for processor 10
  Max Mhz: 1700, Current Mhz: 1200, Mhz Limit: 1190
Processor Information for processor 11
  Max Mhz: 1700, Current Mhz: 1200, Mhz Limit: 1190
Processor Information for processor 12
  Max Mhz: 1700, Current Mhz: 1200, Mhz Limit: 1190
Processor Information for processor 13
  Max Mhz: 1700, Current Mhz: 1200, Mhz Limit: 1190
Processor Information for processor 14
  Max Mhz: 1700, Current Mhz: 1200, Mhz Limit: 1190
Processor Information for processor 15
  Max Mhz: 1700, Current Mhz: 1200, Mhz Limit: 1190

Memory: 4k page, system-wide physical 7860M (1324M free)
TotalPageFile size 32436M (AvailPageFile size 91M)
current process WorkingSet (physical memory assigned to process): 356M, peak: 356M
current process commit charge ("private bytes"): 403M, peak: 513M

vm_info: OpenJDK 64-Bit Server VM (17.0.11+0--11852314) for windows-amd64 JRE (17.0.11+0--11852314), built on May 16 2024 21:29:20 by "androidbuild" with MS VC++ 16.10 / 16.11 (VS2019)

END.
