#
# There is insufficient memory for the Java Runtime Environment to continue.
# Native memory allocation (mmap) failed to map 55574528 bytes. Error detail: G1 virtual space
# Possible reasons:
#   The system is out of physical RAM or swap space
#   This process is running with CompressedOops enabled, and the Java Heap may be blocking the growth of the native heap
# Possible solutions:
#   Reduce memory load on the system
#   Increase physical memory or swap space
#   Check if swap backing store is full
#   Decrease Java heap size (-Xmx/-Xms)
#   Decrease number of Java threads
#   Decrease Java thread stack sizes (-Xss)
#   Set larger code cache with -XX:ReservedCodeCacheSize=
#   JVM is running with Unscaled Compressed Oops mode in which the Java heap is
#     placed in the first 4GB address space. The Java Heap base address is the
#     maximum limit for the native heap growth. Please use -XX:HeapBaseMinAddress
#     to set the Java Heap base and to place the Java Heap above 4GB virtual address.
# This output file may be truncated or incomplete.
#
#  Out of Memory Error (os_windows.cpp:3825), pid=9416, tid=19708
#
# JRE version: OpenJDK Runtime Environment (17.0.11) (build 17.0.11+0--11852314)
# Java VM: OpenJDK 64-Bit Server VM (17.0.11+0--11852314, mixed mode, tiered, compressed oops, compressed class ptrs, g1 gc, windows-amd64)
# No core dump will be written. Minidumps are not enabled by default on client versions of Windows
#

---------------  S U M M A R Y ------------

Command Line: --add-opens=java.base/java.util=ALL-UNNAMED --add-opens=java.base/java.lang=ALL-UNNAMED --add-opens=java.base/java.lang.invoke=ALL-UNNAMED --add-opens=java.prefs/java.util.prefs=ALL-UNNAMED --add-opens=java.base/java.nio.charset=ALL-UNNAMED --add-opens=java.base/java.net=ALL-UNNAMED --add-opens=java.base/java.util.concurrent.atomic=ALL-UNNAMED -Xmx2048m -Dfile.encoding=UTF-8 -Duser.country=US -Duser.language=en -Duser.variant -javaagent:C:\Users\mohan\.gradle\wrapper\dists\gradle-8.7-bin\bhs2wmbdwecv87pi65oeuq5iu\gradle-8.7\lib\agents\gradle-instrumentation-agent-8.7.jar org.gradle.launcher.daemon.bootstrap.GradleDaemon 8.7

Host: 12th Gen Intel(R) Core(TM) i5-1240P, 16 cores, 7G,  Windows 11 , 64 bit Build 22621 (10.0.22621.3958)
Time: Mon Sep 16 13:14:34 2024 India Standard Time elapsed time: 16.656327 seconds (0d 0h 0m 16s)

---------------  T H R E A D  ---------------

Current thread (0x000001c53fc0d4f0):  VMThread "VM Thread" [stack: 0x000000149ed00000,0x000000149ee00000] [id=19708]

Stack: [0x000000149ed00000,0x000000149ee00000]
Native frames: (J=compiled Java code, j=interpreted, Vv=VM code, C=native code)
V  [jvm.dll+0x687bb9]
V  [jvm.dll+0x84142a]
V  [jvm.dll+0x8430ae]
V  [jvm.dll+0x843713]
V  [jvm.dll+0x24a35f]
V  [jvm.dll+0x684989]
V  [jvm.dll+0x67923a]
V  [jvm.dll+0x30af0b]
V  [jvm.dll+0x3123b6]
V  [jvm.dll+0x361dfe]
V  [jvm.dll+0x36202f]
V  [jvm.dll+0x2e0d38]
V  [jvm.dll+0x2df144]
V  [jvm.dll+0x2de74c]
V  [jvm.dll+0x32305b]
V  [jvm.dll+0x847e0b]
V  [jvm.dll+0x848b42]
V  [jvm.dll+0x84905d]
V  [jvm.dll+0x849434]
V  [jvm.dll+0x849500]
V  [jvm.dll+0x7efa4a]
V  [jvm.dll+0x686a35]
C  [ucrtbase.dll+0x29333]
C  [KERNEL32.DLL+0x1257d]
C  [ntdll.dll+0x5af28]

VM_Operation (0x00000014a06f53a0): G1CollectForAllocation, mode: safepoint, requested by thread 0x000001c545c49d20


---------------  P R O C E S S  ---------------

Threads class SMR info:
_java_thread_list=0x000001c549f9e500, length=60, elements={
0x000001c52525e7d0, 0x000001c53fc5a6a0, 0x000001c53fc5b520, 0x000001c5440468a0,
0x000001c544054d40, 0x000001c544057810, 0x000001c5440581d0, 0x000001c544059180,
0x000001c544059c30, 0x000001c54406bc00, 0x000001c544186740, 0x000001c54421a4a0,
0x000001c5441fd210, 0x000001c544319a70, 0x000001c545c99150, 0x000001c5459c28e0,
0x000001c545c53070, 0x000001c5459ecac0, 0x000001c545e92010, 0x000001c545c49840,
0x000001c545c49d20, 0x000001c545c09b90, 0x000001c545c08240, 0x000001c545c07820,
0x000001c545c07310, 0x000001c545c09170, 0x000001c545c07d30, 0x000001c545c09680,
0x000001c545c08750, 0x000001c545c08c60, 0x000001c545c0a0a0, 0x000001c545c0a5b0,
0x000001c547223820, 0x000001c5472219c0, 0x000001c547224240, 0x000001c547224750,
0x000001c547223d30, 0x000001c547226ac0, 0x000001c547221ed0, 0x000001c547226fd0,
0x000001c5472223e0, 0x000001c5472274e0, 0x000001c547224c60, 0x000001c5472228f0,
0x000001c5472265b0, 0x000001c547220fa0, 0x000001c547225170, 0x000001c547225680,
0x000001c547220580, 0x000001c547222e00, 0x000001c5472260a0, 0x000001c547220a90,
0x000001c547220070, 0x000001c5472279f0, 0x000001c5472214b0, 0x000001c54827fda0,
0x000001c548281c00, 0x000001c548283040, 0x000001c548284ea0, 0x000001c5482853b0
}

Java Threads: ( => current thread )
  0x000001c52525e7d0 JavaThread "main" [_thread_blocked, id=22880, stack(0x000000149e700000,0x000000149e800000)]
  0x000001c53fc5a6a0 JavaThread "Reference Handler" daemon [_thread_blocked, id=18300, stack(0x000000149ee00000,0x000000149ef00000)]
  0x000001c53fc5b520 JavaThread "Finalizer" daemon [_thread_blocked, id=18664, stack(0x000000149ef00000,0x000000149f000000)]
  0x000001c5440468a0 JavaThread "Signal Dispatcher" daemon [_thread_blocked, id=7336, stack(0x000000149f000000,0x000000149f100000)]
  0x000001c544054d40 JavaThread "Attach Listener" daemon [_thread_blocked, id=22600, stack(0x000000149f100000,0x000000149f200000)]
  0x000001c544057810 JavaThread "Service Thread" daemon [_thread_blocked, id=8432, stack(0x000000149f200000,0x000000149f300000)]
  0x000001c5440581d0 JavaThread "Monitor Deflation Thread" daemon [_thread_blocked, id=16668, stack(0x000000149f300000,0x000000149f400000)]
  0x000001c544059180 JavaThread "C2 CompilerThread0" daemon [_thread_blocked, id=16640, stack(0x000000149f400000,0x000000149f500000)]
  0x000001c544059c30 JavaThread "C1 CompilerThread0" daemon [_thread_blocked, id=22556, stack(0x000000149f500000,0x000000149f600000)]
  0x000001c54406bc00 JavaThread "Sweeper thread" daemon [_thread_blocked, id=30800, stack(0x000000149f600000,0x000000149f700000)]
  0x000001c544186740 JavaThread "Common-Cleaner" daemon [_thread_blocked, id=8048, stack(0x000000149f700000,0x000000149f800000)]
  0x000001c54421a4a0 JavaThread "C1 CompilerThread1" daemon [_thread_blocked, id=20196, stack(0x000000149f800000,0x000000149f900000)]
  0x000001c5441fd210 JavaThread "C1 CompilerThread2" daemon [_thread_blocked, id=20464, stack(0x000000149f900000,0x000000149fa00000)]
  0x000001c544319a70 JavaThread "Notification Thread" daemon [_thread_blocked, id=18144, stack(0x000000149fa00000,0x000000149fb00000)]
  0x000001c545c99150 JavaThread "Daemon health stats" [_thread_blocked, id=30736, stack(0x00000014a0000000,0x00000014a0100000)]
  0x000001c5459c28e0 JavaThread "Incoming local TCP Connector on port 64604" [_thread_in_native, id=29604, stack(0x00000014a0100000,0x00000014a0200000)]
  0x000001c545c53070 JavaThread "Daemon periodic checks" [_thread_blocked, id=27696, stack(0x00000014a0200000,0x00000014a0300000)]
  0x000001c5459ecac0 JavaThread "Daemon" [_thread_blocked, id=25716, stack(0x00000014a0300000,0x00000014a0400000)]
  0x000001c545e92010 JavaThread "Handler for socket connection from /127.0.0.1:64604 to /127.0.0.1:64605" [_thread_in_native, id=27180, stack(0x00000014a0400000,0x00000014a0500000)]
  0x000001c545c49840 JavaThread "Cancel handler" [_thread_blocked, id=8288, stack(0x00000014a0500000,0x00000014a0600000)]
  0x000001c545c49d20 JavaThread "Daemon worker" [_thread_blocked, id=12632, stack(0x00000014a0600000,0x00000014a0700000)]
  0x000001c545c09b90 JavaThread "Asynchronous log dispatcher for DefaultDaemonConnection: socket connection from /127.0.0.1:64604 to /127.0.0.1:64605" [_thread_blocked, id=31204, stack(0x00000014a0700000,0x00000014a0800000)]
  0x000001c545c08240 JavaThread "Stdin handler" [_thread_blocked, id=18608, stack(0x00000014a0800000,0x00000014a0900000)]
  0x000001c545c07820 JavaThread "Daemon client event forwarder" [_thread_blocked, id=31620, stack(0x00000014a0900000,0x00000014a0a00000)]
  0x000001c545c07310 JavaThread "Cache worker for journal cache (C:\Users\mohan\.gradle\caches\journal-1)" [_thread_blocked, id=31612, stack(0x00000014a1500000,0x00000014a1600000)]
  0x000001c545c09170 JavaThread "File lock request listener" [_thread_in_native, id=21380, stack(0x00000014a1600000,0x00000014a1700000)]
  0x000001c545c07d30 JavaThread "Cache worker for file hash cache (C:\Users\mohan\.gradle\caches\8.7\fileHashes)" [_thread_blocked, id=30840, stack(0x00000014a1700000,0x00000014a1800000)]
  0x000001c545c09680 JavaThread "Cache worker for file hash cache (C:\Users\mohan\AndroidStudioProjects\checkRadio\.gradle\8.7\fileHashes)" [_thread_blocked, id=27784, stack(0x00000014a1800000,0x00000014a1900000)]
  0x000001c545c08750 JavaThread "File watcher server" daemon [_thread_in_native, id=23312, stack(0x00000014a1900000,0x00000014a1a00000)]
  0x000001c545c08c60 JavaThread "File watcher consumer" daemon [_thread_blocked, id=31676, stack(0x00000014a1a00000,0x00000014a1b00000)]
  0x000001c545c0a0a0 JavaThread "jar transforms" [_thread_blocked, id=7740, stack(0x00000014a1b00000,0x00000014a1c00000)]
  0x000001c545c0a5b0 JavaThread "jar transforms Thread 2" [_thread_blocked, id=16916, stack(0x00000014a1c00000,0x00000014a1d00000)]
  0x000001c547223820 JavaThread "jar transforms Thread 3" [_thread_blocked, id=31300, stack(0x00000014a1d00000,0x00000014a1e00000)]
  0x000001c5472219c0 JavaThread "jar transforms Thread 4" [_thread_blocked, id=16968, stack(0x00000014a1e00000,0x00000014a1f00000)]
  0x000001c547224240 JavaThread "jar transforms Thread 5" [_thread_blocked, id=8348, stack(0x00000014a1f00000,0x00000014a2000000)]
  0x000001c547224750 JavaThread "jar transforms Thread 6" [_thread_blocked, id=15336, stack(0x00000014a2000000,0x00000014a2100000)]
  0x000001c547223d30 JavaThread "jar transforms Thread 7" [_thread_blocked, id=14196, stack(0x00000014a2100000,0x00000014a2200000)]
  0x000001c547226ac0 JavaThread "jar transforms Thread 8" [_thread_blocked, id=17112, stack(0x00000014a2200000,0x00000014a2300000)]
  0x000001c547221ed0 JavaThread "jar transforms Thread 9" [_thread_blocked, id=12440, stack(0x00000014a2300000,0x00000014a2400000)]
  0x000001c547226fd0 JavaThread "jar transforms Thread 10" [_thread_blocked, id=25564, stack(0x00000014a2400000,0x00000014a2500000)]
  0x000001c5472223e0 JavaThread "jar transforms Thread 11" [_thread_blocked, id=29568, stack(0x00000014a2500000,0x00000014a2600000)]
  0x000001c5472274e0 JavaThread "jar transforms Thread 12" [_thread_blocked, id=20276, stack(0x00000014a2600000,0x00000014a2700000)]
  0x000001c547224c60 JavaThread "jar transforms Thread 13" [_thread_blocked, id=30724, stack(0x00000014a2700000,0x00000014a2800000)]
  0x000001c5472228f0 JavaThread "jar transforms Thread 14" [_thread_blocked, id=16344, stack(0x00000014a2800000,0x00000014a2900000)]
  0x000001c5472265b0 JavaThread "jar transforms Thread 15" [_thread_blocked, id=23056, stack(0x00000014a2900000,0x00000014a2a00000)]
  0x000001c547220fa0 JavaThread "jar transforms Thread 16" [_thread_blocked, id=17360, stack(0x00000014a2a00000,0x00000014a2b00000)]
  0x000001c547225170 JavaThread "Cache worker for checksums cache (C:\Users\mohan\AndroidStudioProjects\checkRadio\.gradle\8.7\checksums)" [_thread_blocked, id=29676, stack(0x00000014a2b00000,0x00000014a2c00000)]
  0x000001c547225680 JavaThread "Cache worker for cache directory md-supplier (C:\Users\mohan\.gradle\caches\8.7\md-supplier)" [_thread_blocked, id=30872, stack(0x00000014a2c00000,0x00000014a2d00000)]
  0x000001c547220580 JavaThread "Cache worker for cache directory md-rule (C:\Users\mohan\.gradle\caches\8.7\md-rule)" [_thread_blocked, id=25224, stack(0x00000014a2d00000,0x00000014a2e00000)]
  0x000001c547222e00 JavaThread "Cache worker for file content cache (C:\Users\mohan\.gradle\caches\8.7\fileContent)" [_thread_blocked, id=24716, stack(0x00000014a2e00000,0x00000014a2f00000)]
  0x000001c5472260a0 JavaThread "Unconstrained build operations" [_thread_blocked, id=29624, stack(0x00000014a2f00000,0x00000014a3000000)]
  0x000001c547220a90 JavaThread "Unconstrained build operations Thread 2" [_thread_blocked, id=4356, stack(0x00000014a3000000,0x00000014a3100000)]
  0x000001c547220070 JavaThread "Unconstrained build operations Thread 3" [_thread_blocked, id=31168, stack(0x00000014a3100000,0x00000014a3200000)]
  0x000001c5472279f0 JavaThread "Unconstrained build operations Thread 4" [_thread_blocked, id=26728, stack(0x00000014a3200000,0x00000014a3300000)]
  0x000001c5472214b0 JavaThread "Unconstrained build operations Thread 5" [_thread_blocked, id=14680, stack(0x00000014a3300000,0x00000014a3400000)]
  0x000001c54827fda0 JavaThread "Unconstrained build operations Thread 6" [_thread_blocked, id=24944, stack(0x00000014a3400000,0x00000014a3500000)]
  0x000001c548281c00 JavaThread "Unconstrained build operations Thread 7" [_thread_blocked, id=28472, stack(0x00000014a3500000,0x00000014a3600000)]
  0x000001c548283040 JavaThread "Unconstrained build operations Thread 8" [_thread_blocked, id=15380, stack(0x00000014a3600000,0x00000014a3700000)]
  0x000001c548284ea0 JavaThread "Unconstrained build operations Thread 9" [_thread_blocked, id=18168, stack(0x00000014a3700000,0x00000014a3800000)]
  0x000001c5482853b0 JavaThread "Unconstrained build operations Thread 10" [_thread_blocked, id=2552, stack(0x00000014a3800000,0x00000014a3900000)]

Other Threads:
=>0x000001c53fc0d4f0 VMThread "VM Thread" [stack: 0x000000149ed00000,0x000000149ee00000] [id=19708]
  0x000001c52525f650 WatcherThread [stack: 0x000000149fb00000,0x000000149fc00000] [id=2436]
  0x000001c5252ba210 GCTaskThread "GC Thread#0" [stack: 0x000000149e800000,0x000000149e900000] [id=12860]
  0x000001c544d12e80 GCTaskThread "GC Thread#1" [stack: 0x000000149fc00000,0x000000149fd00000] [id=31396]
  0x000001c544d3c4f0 GCTaskThread "GC Thread#2" [stack: 0x000000149fd00000,0x000000149fe00000] [id=6272]
  0x000001c544b74070 GCTaskThread "GC Thread#3" [stack: 0x000000149fe00000,0x000000149ff00000] [id=31452]
  0x000001c544d0e150 GCTaskThread "GC Thread#4" [stack: 0x000000149ff00000,0x00000014a0000000] [id=24416]
  0x000001c545e7f950 GCTaskThread "GC Thread#5" [stack: 0x00000014a0a00000,0x00000014a0b00000] [id=19504]
  0x000001c545e60020 GCTaskThread "GC Thread#6" [stack: 0x00000014a0b00000,0x00000014a0c00000] [id=2452]
  0x000001c545e602e0 GCTaskThread "GC Thread#7" [stack: 0x00000014a0c00000,0x00000014a0d00000] [id=31248]
  0x000001c545e7a700 GCTaskThread "GC Thread#8" [stack: 0x00000014a0d00000,0x00000014a0e00000] [id=22684]
  0x000001c545e7a9c0 GCTaskThread "GC Thread#9" [stack: 0x00000014a0e00000,0x00000014a0f00000] [id=21704]
  0x000001c545e7ac80 GCTaskThread "GC Thread#10" [stack: 0x00000014a0f00000,0x00000014a1000000] [id=11180]
  0x000001c545ea4010 GCTaskThread "GC Thread#11" [stack: 0x00000014a1000000,0x00000014a1100000] [id=4684]
  0x000001c545ea4ae0 GCTaskThread "GC Thread#12" [stack: 0x00000014a1100000,0x00000014a1200000] [id=31284]
  0x000001c5252cb160 ConcurrentGCThread "G1 Main Marker" [stack: 0x000000149e900000,0x000000149ea00000] [id=22392]
  0x000001c5252cbb80 ConcurrentGCThread "G1 Conc#0" [stack: 0x000000149ea00000,0x000000149eb00000] [id=23300]
  0x000001c545ec2fc0 ConcurrentGCThread "G1 Conc#1" [stack: 0x00000014a1200000,0x00000014a1300000] [id=13928]
  0x000001c545ec4300 ConcurrentGCThread "G1 Conc#2" [stack: 0x00000014a1300000,0x00000014a1400000] [id=20556]
  0x000001c52530ec60 ConcurrentGCThread "G1 Refine#0" [stack: 0x000000149eb00000,0x000000149ec00000] [id=30556]
  0x000001c5444325e0 ConcurrentGCThread "G1 Refine#1" [stack: 0x00000014a1400000,0x00000014a1500000] [id=11732]
  0x000001c5444328d0 ConcurrentGCThread "G1 Refine#2" [stack: 0x00000014a3900000,0x00000014a3a00000] [id=21412]
  0x000001c547128c60 ConcurrentGCThread "G1 Refine#3" [stack: 0x00000014a3a00000,0x00000014a3b00000] [id=2768]
  0x000001c5471280a0 ConcurrentGCThread "G1 Refine#4" [stack: 0x00000014a3b00000,0x00000014a3c00000] [id=1452]
  0x000001c547128390 ConcurrentGCThread "G1 Refine#5" [stack: 0x00000014a3c00000,0x00000014a3d00000] [id=14572]
  0x000001c53fabecf0 ConcurrentGCThread "G1 Service" [stack: 0x000000149ec00000,0x000000149ed00000] [id=26200]

Threads with active compile tasks:
C2 CompilerThread0    16707 10545       4       java.lang.String::split (327 bytes)
C1 CompilerThread1    16707 10619   !   3       java.lang.invoke.DirectMethodHandle::makePreparedLambdaForm (798 bytes)

VM state: at safepoint (normal execution)

VM Mutex/Monitor currently owned by a thread:  ([mutex/lock_event])
[0x000001c52525b940] Threads_lock - owner thread: 0x000001c53fc0d4f0
[0x000001c52525a860] Heap_lock - owner thread: 0x000001c545c49d20

Heap address: 0x0000000080000000, size: 2048 MB, Compressed Oops mode: 32-bit

CDS archive(s) not mapped
Compressed class space mapped at: 0x0000000100000000-0x0000000140000000, reserved size: 1073741824
Narrow klass base: 0x0000000000000000, Narrow klass shift: 3, Narrow klass range: 0x140000000

GC Precious Log:
 CPUs: 16 total, 16 available
 Memory: 7860M
 Large Page Support: Disabled
 NUMA Support: Disabled
 Compressed Oops: Enabled (32-bit)
 Heap Region Size: 1M
 Heap Min Capacity: 8M
 Heap Initial Capacity: 124M
 Heap Max Capacity: 2G
 Pre-touch: Disabled
 Parallel Workers: 13
 Concurrent Workers: 3
 Concurrent Refinement Workers: 13
 Periodic GC: Disabled

Heap:
 garbage-first heap   total 203776K, used 118784K [0x0000000080000000, 0x0000000100000000)
  region size 1024K, 8 young (8192K), 8 survivors (8192K)
 Metaspace       used 120215K, committed 120896K, reserved 1179648K
  class space    used 15437K, committed 15744K, reserved 1048576K

Heap Regions: E=young(eden), S=young(survivor), O=old, HS=humongous(starts), HC=humongous(continues), CS=collection set, F=free, OA=open archive, CA=closed archive, TAMS=top-at-mark-start (previous, next)
|   0|0x0000000080000000, 0x0000000080100000, 0x0000000080100000|100%|HS|  |TAMS 0x0000000080100000, 0x0000000080100000| Complete 
|   1|0x0000000080100000, 0x0000000080200000, 0x0000000080200000|100%|HC|  |TAMS 0x0000000080200000, 0x0000000080200000| Complete 
|   2|0x0000000080200000, 0x0000000080300000, 0x0000000080300000|100%|HC|  |TAMS 0x0000000080300000, 0x0000000080300000| Complete 
|   3|0x0000000080300000, 0x0000000080400000, 0x0000000080400000|100%|HC|  |TAMS 0x0000000080400000, 0x0000000080400000| Complete 
|   4|0x0000000080400000, 0x0000000080500000, 0x0000000080500000|100%| O|  |TAMS 0x0000000080500000, 0x0000000080500000| Untracked 
|   5|0x0000000080500000, 0x0000000080600000, 0x0000000080600000|100%| O|  |TAMS 0x0000000080600000, 0x0000000080600000| Untracked 
|   6|0x0000000080600000, 0x0000000080700000, 0x0000000080700000|100%| O|  |TAMS 0x0000000080700000, 0x0000000080700000| Untracked 
|   7|0x0000000080700000, 0x0000000080800000, 0x0000000080800000|100%| O|  |TAMS 0x0000000080800000, 0x0000000080800000| Untracked 
|   8|0x0000000080800000, 0x0000000080900000, 0x0000000080900000|100%| O|  |TAMS 0x0000000080900000, 0x0000000080900000| Untracked 
|   9|0x0000000080900000, 0x0000000080a00000, 0x0000000080a00000|100%| O|  |TAMS 0x0000000080a00000, 0x0000000080a00000| Untracked 
|  10|0x0000000080a00000, 0x0000000080b00000, 0x0000000080b00000|100%| O|  |TAMS 0x0000000080b00000, 0x0000000080b00000| Untracked 
|  11|0x0000000080b00000, 0x0000000080c00000, 0x0000000080c00000|100%| O|  |TAMS 0x0000000080c00000, 0x0000000080c00000| Untracked 
|  12|0x0000000080c00000, 0x0000000080d00000, 0x0000000080d00000|100%| O|  |TAMS 0x0000000080d00000, 0x0000000080d00000| Untracked 
|  13|0x0000000080d00000, 0x0000000080e00000, 0x0000000080e00000|100%| O|  |TAMS 0x0000000080e00000, 0x0000000080e00000| Untracked 
|  14|0x0000000080e00000, 0x0000000080f00000, 0x0000000080f00000|100%| O|  |TAMS 0x0000000080f00000, 0x0000000080f00000| Untracked 
|  15|0x0000000080f00000, 0x0000000081000000, 0x0000000081000000|100%| O|  |TAMS 0x0000000081000000, 0x0000000081000000| Untracked 
|  16|0x0000000081000000, 0x0000000081100000, 0x0000000081100000|100%| O|  |TAMS 0x0000000081100000, 0x0000000081100000| Untracked 
|  17|0x0000000081100000, 0x0000000081200000, 0x0000000081200000|100%| O|  |TAMS 0x0000000081200000, 0x0000000081200000| Untracked 
|  18|0x0000000081200000, 0x0000000081300000, 0x0000000081300000|100%| O|  |TAMS 0x0000000081300000, 0x0000000081300000| Untracked 
|  19|0x0000000081300000, 0x0000000081400000, 0x0000000081400000|100%|HS|  |TAMS 0x0000000081400000, 0x0000000081400000| Complete 
|  20|0x0000000081400000, 0x0000000081500000, 0x0000000081500000|100%|HC|  |TAMS 0x0000000081500000, 0x0000000081500000| Complete 
|  21|0x0000000081500000, 0x0000000081600000, 0x0000000081600000|100%|HC|  |TAMS 0x0000000081600000, 0x0000000081600000| Complete 
|  22|0x0000000081600000, 0x0000000081700000, 0x0000000081700000|100%|HC|  |TAMS 0x0000000081700000, 0x0000000081700000| Complete 
|  23|0x0000000081700000, 0x0000000081800000, 0x0000000081800000|100%|HC|  |TAMS 0x0000000081800000, 0x0000000081800000| Complete 
|  24|0x0000000081800000, 0x0000000081900000, 0x0000000081900000|100%|HS|  |TAMS 0x0000000081900000, 0x0000000081900000| Complete 
|  25|0x0000000081900000, 0x0000000081a00000, 0x0000000081a00000|100%|HC|  |TAMS 0x0000000081a00000, 0x0000000081a00000| Complete 
|  26|0x0000000081a00000, 0x0000000081b00000, 0x0000000081b00000|100%|HC|  |TAMS 0x0000000081b00000, 0x0000000081b00000| Complete 
|  27|0x0000000081b00000, 0x0000000081c00000, 0x0000000081c00000|100%|HS|  |TAMS 0x0000000081c00000, 0x0000000081c00000| Complete 
|  28|0x0000000081c00000, 0x0000000081d00000, 0x0000000081d00000|100%|HC|  |TAMS 0x0000000081d00000, 0x0000000081d00000| Complete 
|  29|0x0000000081d00000, 0x0000000081e00000, 0x0000000081e00000|100%|HC|  |TAMS 0x0000000081e00000, 0x0000000081e00000| Complete 
|  30|0x0000000081e00000, 0x0000000081f00000, 0x0000000081f00000|100%| O|  |TAMS 0x0000000081f00000, 0x0000000081f00000| Untracked 
|  31|0x0000000081f00000, 0x0000000082000000, 0x0000000082000000|100%| O|  |TAMS 0x0000000082000000, 0x0000000082000000| Untracked 
|  32|0x0000000082000000, 0x0000000082100000, 0x0000000082100000|100%| O|  |TAMS 0x0000000082100000, 0x0000000082100000| Untracked 
|  33|0x0000000082100000, 0x0000000082200000, 0x0000000082200000|100%|HS|  |TAMS 0x0000000082200000, 0x0000000082200000| Complete 
|  34|0x0000000082200000, 0x0000000082300000, 0x0000000082300000|100%| O|  |TAMS 0x0000000082300000, 0x0000000082300000| Untracked 
|  35|0x0000000082300000, 0x0000000082400000, 0x0000000082400000|100%| O|  |TAMS 0x0000000082400000, 0x0000000082400000| Untracked 
|  36|0x0000000082400000, 0x0000000082500000, 0x0000000082500000|100%| O|  |TAMS 0x0000000082500000, 0x0000000082500000| Untracked 
|  37|0x0000000082500000, 0x0000000082600000, 0x0000000082600000|100%| O|  |TAMS 0x0000000082600000, 0x0000000082600000| Untracked 
|  38|0x0000000082600000, 0x0000000082700000, 0x0000000082700000|100%| O|  |TAMS 0x0000000082700000, 0x0000000082700000| Untracked 
|  39|0x0000000082700000, 0x0000000082800000, 0x0000000082800000|100%| O|  |TAMS 0x0000000082800000, 0x0000000082800000| Untracked 
|  40|0x0000000082800000, 0x0000000082900000, 0x0000000082900000|100%| O|  |TAMS 0x0000000082900000, 0x0000000082900000| Untracked 
|  41|0x0000000082900000, 0x0000000082a00000, 0x0000000082a00000|100%| O|  |TAMS 0x0000000082a00000, 0x0000000082a00000| Untracked 
|  42|0x0000000082a00000, 0x0000000082b00000, 0x0000000082b00000|100%| O|  |TAMS 0x0000000082b00000, 0x0000000082b00000| Untracked 
|  43|0x0000000082b00000, 0x0000000082c00000, 0x0000000082c00000|100%| O|  |TAMS 0x0000000082c00000, 0x0000000082c00000| Untracked 
|  44|0x0000000082c00000, 0x0000000082d00000, 0x0000000082d00000|100%| O|  |TAMS 0x0000000082d00000, 0x0000000082d00000| Untracked 
|  45|0x0000000082d00000, 0x0000000082e00000, 0x0000000082e00000|100%|HS|  |TAMS 0x0000000082e00000, 0x0000000082e00000| Complete 
|  46|0x0000000082e00000, 0x0000000082f00000, 0x0000000082f00000|100%|HC|  |TAMS 0x0000000082f00000, 0x0000000082f00000| Complete 
|  47|0x0000000082f00000, 0x0000000083000000, 0x0000000083000000|100%|HC|  |TAMS 0x0000000083000000, 0x0000000083000000| Complete 
|  48|0x0000000083000000, 0x0000000083100000, 0x0000000083100000|100%| O|  |TAMS 0x0000000083100000, 0x0000000083100000| Untracked 
|  49|0x0000000083100000, 0x0000000083200000, 0x0000000083200000|100%| O|  |TAMS 0x0000000083200000, 0x0000000083200000| Untracked 
|  50|0x0000000083200000, 0x0000000083300000, 0x0000000083300000|100%| O|  |TAMS 0x0000000083300000, 0x0000000083300000| Untracked 
|  51|0x0000000083300000, 0x0000000083400000, 0x0000000083400000|100%|HS|  |TAMS 0x0000000083400000, 0x0000000083400000| Complete 
|  52|0x0000000083400000, 0x0000000083500000, 0x0000000083500000|100%|HC|  |TAMS 0x0000000083500000, 0x0000000083500000| Complete 
|  53|0x0000000083500000, 0x0000000083600000, 0x0000000083600000|100%|HC|  |TAMS 0x0000000083600000, 0x0000000083600000| Complete 
|  54|0x0000000083600000, 0x0000000083700000, 0x0000000083700000|100%|HC|  |TAMS 0x0000000083700000, 0x0000000083700000| Complete 
|  55|0x0000000083700000, 0x0000000083800000, 0x0000000083800000|100%|HC|  |TAMS 0x0000000083800000, 0x0000000083800000| Complete 
|  56|0x0000000083800000, 0x0000000083900000, 0x0000000083900000|100%|HS|  |TAMS 0x0000000083900000, 0x0000000083900000| Complete 
|  57|0x0000000083900000, 0x0000000083a00000, 0x0000000083a00000|100%|HC|  |TAMS 0x0000000083a00000, 0x0000000083a00000| Complete 
|  58|0x0000000083a00000, 0x0000000083b00000, 0x0000000083b00000|100%|HC|  |TAMS 0x0000000083b00000, 0x0000000083b00000| Complete 
|  59|0x0000000083b00000, 0x0000000083c00000, 0x0000000083c00000|100%|HC|  |TAMS 0x0000000083c00000, 0x0000000083c00000| Complete 
|  60|0x0000000083c00000, 0x0000000083d00000, 0x0000000083d00000|100%|HC|  |TAMS 0x0000000083d00000, 0x0000000083d00000| Complete 
|  61|0x0000000083d00000, 0x0000000083e00000, 0x0000000083e00000|100%| O|  |TAMS 0x0000000083e00000, 0x0000000083e00000| Untracked 
|  62|0x0000000083e00000, 0x0000000083f00000, 0x0000000083f00000|100%| O|  |TAMS 0x0000000083f00000, 0x0000000083f00000| Untracked 
|  63|0x0000000083f00000, 0x0000000084000000, 0x0000000084000000|100%| O|  |TAMS 0x0000000084000000, 0x0000000084000000| Untracked 
|  64|0x0000000084000000, 0x0000000084000000, 0x0000000084100000|  0%| F|  |TAMS 0x0000000084000000, 0x0000000084000000| Untracked 
|  65|0x0000000084100000, 0x0000000084200000, 0x0000000084200000|100%| O|  |TAMS 0x0000000084200000, 0x0000000084200000| Untracked 
|  66|0x0000000084200000, 0x0000000084300000, 0x0000000084300000|100%| O|  |TAMS 0x0000000084300000, 0x0000000084300000| Untracked 
|  67|0x0000000084300000, 0x0000000084400000, 0x0000000084400000|100%| O|  |TAMS 0x0000000084400000, 0x0000000084400000| Untracked 
|  68|0x0000000084400000, 0x0000000084500000, 0x0000000084500000|100%|HS|  |TAMS 0x0000000084500000, 0x0000000084500000| Complete 
|  69|0x0000000084500000, 0x0000000084600000, 0x0000000084600000|100%|HC|  |TAMS 0x0000000084600000, 0x0000000084600000| Complete 
|  70|0x0000000084600000, 0x0000000084700000, 0x0000000084700000|100%|HC|  |TAMS 0x0000000084700000, 0x0000000084700000| Complete 
|  71|0x0000000084700000, 0x0000000084800000, 0x0000000084800000|100%|HC|  |TAMS 0x0000000084800000, 0x0000000084800000| Complete 
|  72|0x0000000084800000, 0x0000000084900000, 0x0000000084900000|100%|HC|  |TAMS 0x0000000084900000, 0x0000000084900000| Complete 
|  73|0x0000000084900000, 0x0000000084a00000, 0x0000000084a00000|100%|HC|  |TAMS 0x0000000084a00000, 0x0000000084a00000| Complete 
|  74|0x0000000084a00000, 0x0000000084b00000, 0x0000000084b00000|100%|HS|  |TAMS 0x0000000084b00000, 0x0000000084b00000| Complete 
|  75|0x0000000084b00000, 0x0000000084c00000, 0x0000000084c00000|100%| O|  |TAMS 0x0000000084c00000, 0x0000000084c00000| Untracked 
|  76|0x0000000084c00000, 0x0000000084d00000, 0x0000000084d00000|100%| O|  |TAMS 0x0000000084d00000, 0x0000000084d00000| Untracked 
|  77|0x0000000084d00000, 0x0000000084e00000, 0x0000000084e00000|100%| O|  |TAMS 0x0000000084e00000, 0x0000000084e00000| Untracked 
|  78|0x0000000084e00000, 0x0000000084f00000, 0x0000000084f00000|100%| O|  |TAMS 0x0000000084f00000, 0x0000000084f00000| Untracked 
|  79|0x0000000084f00000, 0x0000000085000000, 0x0000000085000000|100%| O|  |TAMS 0x0000000085000000, 0x0000000085000000| Untracked 
|  80|0x0000000085000000, 0x0000000085100000, 0x0000000085100000|100%| O|  |TAMS 0x0000000085100000, 0x0000000085100000| Untracked 
|  81|0x0000000085100000, 0x0000000085200000, 0x0000000085200000|100%| O|  |TAMS 0x0000000085200000, 0x0000000085200000| Untracked 
|  82|0x0000000085200000, 0x0000000085300000, 0x0000000085300000|100%| O|  |TAMS 0x0000000085300000, 0x0000000085300000| Untracked 
|  83|0x0000000085300000, 0x0000000085400000, 0x0000000085400000|100%| O|  |TAMS 0x0000000085400000, 0x0000000085400000| Untracked 
|  84|0x0000000085400000, 0x0000000085500000, 0x0000000085500000|100%| O|  |TAMS 0x0000000085500000, 0x0000000085500000| Untracked 
|  85|0x0000000085500000, 0x0000000085600000, 0x0000000085600000|100%| O|  |TAMS 0x0000000085600000, 0x0000000085600000| Untracked 
|  86|0x0000000085600000, 0x0000000085700000, 0x0000000085700000|100%| O|  |TAMS 0x0000000085700000, 0x0000000085700000| Untracked 
|  87|0x0000000085700000, 0x0000000085800000, 0x0000000085800000|100%| O|  |TAMS 0x0000000085800000, 0x0000000085800000| Untracked 
|  88|0x0000000085800000, 0x0000000085900000, 0x0000000085900000|100%| O|  |TAMS 0x0000000085900000, 0x0000000085900000| Untracked 
|  89|0x0000000085900000, 0x0000000085a00000, 0x0000000085a00000|100%| O|  |TAMS 0x0000000085a00000, 0x0000000085a00000| Untracked 
|  90|0x0000000085a00000, 0x0000000085b00000, 0x0000000085b00000|100%| O|  |TAMS 0x0000000085b00000, 0x0000000085b00000| Untracked 
|  91|0x0000000085b00000, 0x0000000085c00000, 0x0000000085c00000|100%| O|  |TAMS 0x0000000085c00000, 0x0000000085c00000| Untracked 
|  92|0x0000000085c00000, 0x0000000085d00000, 0x0000000085d00000|100%| O|  |TAMS 0x0000000085d00000, 0x0000000085d00000| Untracked 
|  93|0x0000000085d00000, 0x0000000085e00000, 0x0000000085e00000|100%| O|  |TAMS 0x0000000085e00000, 0x0000000085e00000| Untracked 
|  94|0x0000000085e00000, 0x0000000085f00000, 0x0000000085f00000|100%| O|  |TAMS 0x0000000085f00000, 0x0000000085f00000| Untracked 
|  95|0x0000000085f00000, 0x0000000086000000, 0x0000000086000000|100%| O|  |TAMS 0x0000000086000000, 0x0000000086000000| Untracked 
|  96|0x0000000086000000, 0x0000000086100000, 0x0000000086100000|100%| O|  |TAMS 0x0000000086100000, 0x0000000086100000| Untracked 
|  97|0x0000000086100000, 0x0000000086200000, 0x0000000086200000|100%| O|  |TAMS 0x0000000086200000, 0x0000000086200000| Untracked 
|  98|0x0000000086200000, 0x0000000086300000, 0x0000000086300000|100%| O|  |TAMS 0x0000000086300000, 0x0000000086300000| Untracked 
|  99|0x0000000086300000, 0x0000000086400000, 0x0000000086400000|100%| O|  |TAMS 0x0000000086400000, 0x0000000086400000| Untracked 
| 100|0x0000000086400000, 0x0000000086500000, 0x0000000086500000|100%| O|  |TAMS 0x0000000086500000, 0x0000000086500000| Untracked 
| 101|0x0000000086500000, 0x0000000086600000, 0x0000000086600000|100%| O|  |TAMS 0x0000000086600000, 0x0000000086600000| Untracked 
| 102|0x0000000086600000, 0x0000000086700000, 0x0000000086700000|100%| O|  |TAMS 0x0000000086700000, 0x0000000086700000| Untracked 
| 103|0x0000000086700000, 0x0000000086800000, 0x0000000086800000|100%| O|  |TAMS 0x00000000867ca800, 0x0000000086800000| Untracked 
| 104|0x0000000086800000, 0x0000000086900000, 0x0000000086900000|100%| O|  |TAMS 0x0000000086800000, 0x0000000086900000| Untracked 
| 105|0x0000000086900000, 0x0000000086a00000, 0x0000000086a00000|100%| O|  |TAMS 0x0000000086900000, 0x0000000086a00000| Untracked 
| 106|0x0000000086a00000, 0x0000000086b00000, 0x0000000086b00000|100%| O|  |TAMS 0x0000000086a00000, 0x0000000086b00000| Untracked 
| 107|0x0000000086b00000, 0x0000000086c00000, 0x0000000086c00000|100%| O|  |TAMS 0x0000000086b00000, 0x0000000086c00000| Untracked 
| 108|0x0000000086c00000, 0x0000000086d00000, 0x0000000086d00000|100%| O|  |TAMS 0x0000000086c00000, 0x0000000086cefc00| Untracked 
| 109|0x0000000086d00000, 0x0000000086d00000, 0x0000000086e00000|  0%| F|  |TAMS 0x0000000086d00000, 0x0000000086d00000| Untracked 
| 110|0x0000000086e00000, 0x0000000086e00000, 0x0000000086f00000|  0%| F|  |TAMS 0x0000000086e00000, 0x0000000086e00000| Untracked 
| 111|0x0000000086f00000, 0x0000000086f00000, 0x0000000087000000|  0%| F|  |TAMS 0x0000000086f00000, 0x0000000086f00000| Untracked 
| 112|0x0000000087000000, 0x0000000087000000, 0x0000000087100000|  0%| F|  |TAMS 0x0000000087000000, 0x0000000087000000| Untracked 
| 113|0x0000000087100000, 0x0000000087100000, 0x0000000087200000|  0%| F|  |TAMS 0x0000000087100000, 0x0000000087100000| Untracked 
| 114|0x0000000087200000, 0x0000000087200000, 0x0000000087300000|  0%| F|  |TAMS 0x0000000087200000, 0x0000000087200000| Untracked 
| 115|0x0000000087300000, 0x0000000087300000, 0x0000000087400000|  0%| F|  |TAMS 0x0000000087300000, 0x0000000087300000| Untracked 
| 116|0x0000000087400000, 0x0000000087400000, 0x0000000087500000|  0%| F|  |TAMS 0x0000000087400000, 0x0000000087400000| Untracked 
| 117|0x0000000087500000, 0x0000000087500000, 0x0000000087600000|  0%| F|  |TAMS 0x0000000087500000, 0x0000000087500000| Untracked 
| 118|0x0000000087600000, 0x0000000087600000, 0x0000000087700000|  0%| F|  |TAMS 0x0000000087600000, 0x0000000087600000| Untracked 
| 119|0x0000000087700000, 0x0000000087700000, 0x0000000087800000|  0%| F|  |TAMS 0x0000000087700000, 0x0000000087700000| Untracked 
| 120|0x0000000087800000, 0x0000000087800000, 0x0000000087900000|  0%| F|  |TAMS 0x0000000087800000, 0x0000000087800000| Untracked 
| 121|0x0000000087900000, 0x0000000087900000, 0x0000000087a00000|  0%| F|  |TAMS 0x0000000087900000, 0x0000000087900000| Untracked 
| 122|0x0000000087a00000, 0x0000000087a00000, 0x0000000087b00000|  0%| F|  |TAMS 0x0000000087a00000, 0x0000000087a00000| Untracked 
| 123|0x0000000087b00000, 0x0000000087b00000, 0x0000000087c00000|  0%| F|  |TAMS 0x0000000087b00000, 0x0000000087b00000| Untracked 
| 124|0x0000000087c00000, 0x0000000087c00000, 0x0000000087d00000|  0%| F|  |TAMS 0x0000000087c00000, 0x0000000087c00000| Untracked 
| 125|0x0000000087d00000, 0x0000000087d00000, 0x0000000087e00000|  0%| F|  |TAMS 0x0000000087d00000, 0x0000000087d00000| Untracked 
| 126|0x0000000087e00000, 0x0000000087e00000, 0x0000000087f00000|  0%| F|  |TAMS 0x0000000087e00000, 0x0000000087e00000| Untracked 
| 127|0x0000000087f00000, 0x0000000087f00000, 0x0000000088000000|  0%| F|  |TAMS 0x0000000087f00000, 0x0000000087f00000| Untracked 
| 128|0x0000000088000000, 0x0000000088000000, 0x0000000088100000|  0%| F|  |TAMS 0x0000000088000000, 0x0000000088000000| Untracked 
| 129|0x0000000088100000, 0x0000000088100000, 0x0000000088200000|  0%| F|  |TAMS 0x0000000088100000, 0x0000000088100000| Untracked 
| 130|0x0000000088200000, 0x0000000088200000, 0x0000000088300000|  0%| F|  |TAMS 0x0000000088200000, 0x0000000088200000| Untracked 
| 131|0x0000000088300000, 0x0000000088300000, 0x0000000088400000|  0%| F|  |TAMS 0x0000000088300000, 0x0000000088300000| Untracked 
| 132|0x0000000088400000, 0x0000000088400000, 0x0000000088500000|  0%| F|  |TAMS 0x0000000088400000, 0x0000000088400000| Untracked 
| 133|0x0000000088500000, 0x0000000088600000, 0x0000000088600000|100%| S|CS|TAMS 0x0000000088500000, 0x0000000088500000| Complete 
| 134|0x0000000088600000, 0x0000000088700000, 0x0000000088700000|100%| S|CS|TAMS 0x0000000088600000, 0x0000000088600000| Complete 
| 135|0x0000000088700000, 0x0000000088800000, 0x0000000088800000|100%| S|CS|TAMS 0x0000000088700000, 0x0000000088700000| Complete 
| 136|0x0000000088800000, 0x0000000088900000, 0x0000000088900000|100%| S|CS|TAMS 0x0000000088800000, 0x0000000088800000| Complete 
| 137|0x0000000088900000, 0x0000000088a00000, 0x0000000088a00000|100%| S|CS|TAMS 0x0000000088900000, 0x0000000088900000| Complete 
| 138|0x0000000088a00000, 0x0000000088b00000, 0x0000000088b00000|100%| S|CS|TAMS 0x0000000088a00000, 0x0000000088a00000| Complete 
| 139|0x0000000088b00000, 0x0000000088c00000, 0x0000000088c00000|100%| S|CS|TAMS 0x0000000088b00000, 0x0000000088b00000| Complete 
| 140|0x0000000088c00000, 0x0000000088d00000, 0x0000000088d00000|100%| S|CS|TAMS 0x0000000088c00000, 0x0000000088c00000| Complete 
| 141|0x0000000088d00000, 0x0000000088d00000, 0x0000000088e00000|  0%| F|  |TAMS 0x0000000088d00000, 0x0000000088d00000| Untracked 
| 142|0x0000000088e00000, 0x0000000088e00000, 0x0000000088f00000|  0%| F|  |TAMS 0x0000000088e00000, 0x0000000088e00000| Untracked 
| 143|0x0000000088f00000, 0x0000000088f00000, 0x0000000089000000|  0%| F|  |TAMS 0x0000000088f00000, 0x0000000088f00000| Untracked 
| 144|0x0000000089000000, 0x0000000089000000, 0x0000000089100000|  0%| F|  |TAMS 0x0000000089000000, 0x0000000089000000| Untracked 
| 145|0x0000000089100000, 0x0000000089100000, 0x0000000089200000|  0%| F|  |TAMS 0x0000000089100000, 0x0000000089100000| Untracked 
| 146|0x0000000089200000, 0x0000000089200000, 0x0000000089300000|  0%| F|  |TAMS 0x0000000089200000, 0x0000000089200000| Untracked 
| 147|0x0000000089300000, 0x0000000089300000, 0x0000000089400000|  0%| F|  |TAMS 0x0000000089300000, 0x0000000089300000| Untracked 
| 148|0x0000000089400000, 0x0000000089400000, 0x0000000089500000|  0%| F|  |TAMS 0x0000000089400000, 0x0000000089400000| Untracked 
| 149|0x0000000089500000, 0x0000000089500000, 0x0000000089600000|  0%| F|  |TAMS 0x0000000089500000, 0x0000000089500000| Untracked 
| 150|0x0000000089600000, 0x0000000089600000, 0x0000000089700000|  0%| F|  |TAMS 0x0000000089600000, 0x0000000089600000| Untracked 
| 151|0x0000000089700000, 0x0000000089700000, 0x0000000089800000|  0%| F|  |TAMS 0x0000000089700000, 0x0000000089700000| Untracked 
| 152|0x0000000089800000, 0x0000000089800000, 0x0000000089900000|  0%| F|  |TAMS 0x0000000089800000, 0x0000000089800000| Untracked 
| 153|0x0000000089900000, 0x0000000089900000, 0x0000000089a00000|  0%| F|  |TAMS 0x0000000089900000, 0x0000000089900000| Untracked 
| 154|0x0000000089a00000, 0x0000000089a00000, 0x0000000089b00000|  0%| F|  |TAMS 0x0000000089a00000, 0x0000000089a00000| Untracked 
| 155|0x0000000089b00000, 0x0000000089b00000, 0x0000000089c00000|  0%| F|  |TAMS 0x0000000089b00000, 0x0000000089b00000| Untracked 
| 156|0x0000000089c00000, 0x0000000089c00000, 0x0000000089d00000|  0%| F|  |TAMS 0x0000000089c00000, 0x0000000089c00000| Untracked 
| 157|0x0000000089d00000, 0x0000000089d00000, 0x0000000089e00000|  0%| F|  |TAMS 0x0000000089d00000, 0x0000000089d00000| Untracked 
| 158|0x0000000089e00000, 0x0000000089e00000, 0x0000000089f00000|  0%| F|  |TAMS 0x0000000089e00000, 0x0000000089e00000| Untracked 
| 159|0x0000000089f00000, 0x0000000089f00000, 0x000000008a000000|  0%| F|  |TAMS 0x0000000089f00000, 0x0000000089f00000| Untracked 
| 160|0x000000008a000000, 0x000000008a000000, 0x000000008a100000|  0%| F|  |TAMS 0x000000008a000000, 0x000000008a000000| Untracked 
| 161|0x000000008a100000, 0x000000008a100000, 0x000000008a200000|  0%| F|  |TAMS 0x000000008a100000, 0x000000008a100000| Untracked 
| 162|0x000000008a200000, 0x000000008a200000, 0x000000008a300000|  0%| F|  |TAMS 0x000000008a200000, 0x000000008a200000| Untracked 
| 163|0x000000008a300000, 0x000000008a300000, 0x000000008a400000|  0%| F|  |TAMS 0x000000008a300000, 0x000000008a300000| Untracked 
| 164|0x000000008a400000, 0x000000008a400000, 0x000000008a500000|  0%| F|  |TAMS 0x000000008a400000, 0x000000008a400000| Untracked 
| 165|0x000000008a500000, 0x000000008a500000, 0x000000008a600000|  0%| F|  |TAMS 0x000000008a500000, 0x000000008a500000| Untracked 
| 166|0x000000008a600000, 0x000000008a600000, 0x000000008a700000|  0%| F|  |TAMS 0x000000008a600000, 0x000000008a600000| Untracked 
| 167|0x000000008a700000, 0x000000008a700000, 0x000000008a800000|  0%| F|  |TAMS 0x000000008a700000, 0x000000008a700000| Untracked 
| 168|0x000000008a800000, 0x000000008a800000, 0x000000008a900000|  0%| F|  |TAMS 0x000000008a800000, 0x000000008a800000| Untracked 
| 169|0x000000008a900000, 0x000000008a900000, 0x000000008aa00000|  0%| F|  |TAMS 0x000000008a900000, 0x000000008a900000| Untracked 
| 170|0x000000008aa00000, 0x000000008aa00000, 0x000000008ab00000|  0%| F|  |TAMS 0x000000008aa00000, 0x000000008aa00000| Untracked 
| 171|0x000000008ab00000, 0x000000008ab00000, 0x000000008ac00000|  0%| F|  |TAMS 0x000000008ab00000, 0x000000008ab00000| Untracked 
| 172|0x000000008ac00000, 0x000000008ac00000, 0x000000008ad00000|  0%| F|  |TAMS 0x000000008ac00000, 0x000000008ac00000| Untracked 
| 173|0x000000008ad00000, 0x000000008ad00000, 0x000000008ae00000|  0%| F|  |TAMS 0x000000008ad00000, 0x000000008ad00000| Untracked 
| 174|0x000000008ae00000, 0x000000008ae00000, 0x000000008af00000|  0%| F|  |TAMS 0x000000008ae00000, 0x000000008ae00000| Untracked 
| 175|0x000000008af00000, 0x000000008af00000, 0x000000008b000000|  0%| F|  |TAMS 0x000000008af00000, 0x000000008af00000| Untracked 
| 176|0x000000008b000000, 0x000000008b000000, 0x000000008b100000|  0%| F|  |TAMS 0x000000008b000000, 0x000000008b000000| Untracked 
| 177|0x000000008b100000, 0x000000008b100000, 0x000000008b200000|  0%| F|  |TAMS 0x000000008b100000, 0x000000008b100000| Untracked 
| 178|0x000000008b200000, 0x000000008b200000, 0x000000008b300000|  0%| F|  |TAMS 0x000000008b200000, 0x000000008b200000| Untracked 
| 179|0x000000008b300000, 0x000000008b300000, 0x000000008b400000|  0%| F|  |TAMS 0x000000008b300000, 0x000000008b300000| Untracked 
| 180|0x000000008b400000, 0x000000008b400000, 0x000000008b500000|  0%| F|  |TAMS 0x000000008b400000, 0x000000008b400000| Untracked 
| 181|0x000000008b500000, 0x000000008b500000, 0x000000008b600000|  0%| F|  |TAMS 0x000000008b500000, 0x000000008b500000| Untracked 
| 182|0x000000008b600000, 0x000000008b600000, 0x000000008b700000|  0%| F|  |TAMS 0x000000008b600000, 0x000000008b600000| Untracked 
| 183|0x000000008b700000, 0x000000008b700000, 0x000000008b800000|  0%| F|  |TAMS 0x000000008b700000, 0x000000008b700000| Untracked 
| 184|0x000000008b800000, 0x000000008b800000, 0x000000008b900000|  0%| F|  |TAMS 0x000000008b800000, 0x000000008b800000| Untracked 
| 185|0x000000008b900000, 0x000000008b900000, 0x000000008ba00000|  0%| F|  |TAMS 0x000000008b900000, 0x000000008b900000| Untracked 
| 186|0x000000008ba00000, 0x000000008ba00000, 0x000000008bb00000|  0%| F|  |TAMS 0x000000008ba00000, 0x000000008ba00000| Untracked 
| 187|0x000000008bb00000, 0x000000008bb00000, 0x000000008bc00000|  0%| F|  |TAMS 0x000000008bb00000, 0x000000008bb00000| Untracked 
| 188|0x000000008bc00000, 0x000000008bc00000, 0x000000008bd00000|  0%| F|  |TAMS 0x000000008bc00000, 0x000000008bc00000| Untracked 
| 189|0x000000008bd00000, 0x000000008bd00000, 0x000000008be00000|  0%| F|  |TAMS 0x000000008bd00000, 0x000000008bd00000| Untracked 
| 190|0x000000008be00000, 0x000000008be00000, 0x000000008bf00000|  0%| F|  |TAMS 0x000000008be00000, 0x000000008be00000| Untracked 
| 191|0x000000008bf00000, 0x000000008bf00000, 0x000000008c000000|  0%| F|  |TAMS 0x000000008bf00000, 0x000000008bf00000| Untracked 
| 192|0x000000008c000000, 0x000000008c000000, 0x000000008c100000|  0%| F|  |TAMS 0x000000008c000000, 0x000000008c000000| Untracked 
| 193|0x000000008c100000, 0x000000008c100000, 0x000000008c200000|  0%| F|  |TAMS 0x000000008c100000, 0x000000008c100000| Untracked 
| 194|0x000000008c200000, 0x000000008c200000, 0x000000008c300000|  0%| F|  |TAMS 0x000000008c200000, 0x000000008c200000| Untracked 
| 195|0x000000008c300000, 0x000000008c300000, 0x000000008c400000|  0%| F|  |TAMS 0x000000008c300000, 0x000000008c300000| Untracked 
| 196|0x000000008c400000, 0x000000008c400000, 0x000000008c500000|  0%| F|  |TAMS 0x000000008c400000, 0x000000008c400000| Untracked 
| 197|0x000000008c500000, 0x000000008c500000, 0x000000008c600000|  0%| F|  |TAMS 0x000000008c500000, 0x000000008c500000| Untracked 
| 198|0x000000008c600000, 0x000000008c600000, 0x000000008c700000|  0%| F|  |TAMS 0x000000008c600000, 0x000000008c600000| Untracked 

Card table byte_map: [0x000001c5383b0000,0x000001c5387b0000] _byte_map_base: 0x000001c537fb0000

Marking Bits (Prev, Next): (CMBitMap*) 0x000001c5252ba870, (CMBitMap*) 0x000001c5252ba830
 Prev Bits: [0x000001c53abb0000, 0x000001c53cbb0000)
 Next Bits: [0x000001c538bb0000, 0x000001c53abb0000)

Polling page: 0x000001c523170000

Metaspace:

Usage:
  Non-class:    102.32 MB used.
      Class:     15.08 MB used.
       Both:    117.40 MB used.

Virtual space:
  Non-class space:      128.00 MB reserved,     102.69 MB ( 80%) committed,  2 nodes.
      Class space:        1.00 GB reserved,      15.38 MB (  2%) committed,  1 nodes.
             Both:        1.12 GB reserved,     118.06 MB ( 10%) committed. 

Chunk freelists:
   Non-Class:  9.26 MB
       Class:  480.00 KB
        Both:  9.73 MB

MaxMetaspaceSize: unlimited
CompressedClassSpaceSize: 1.00 GB
Initial GC threshold: 21.00 MB
Current GC threshold: 186.81 MB
CDS: off
MetaspaceReclaimPolicy: balanced
 - commit_granule_bytes: 65536.
 - commit_granule_words: 8192.
 - virtual_space_node_default_size: 8388608.
 - enlarge_chunks_in_place: 1.
 - new_chunks_are_fully_committed: 0.
 - uncommit_free_chunks: 1.
 - use_allocation_guard: 0.
 - handle_deallocations: 1.


Internal statistics:

num_allocs_failed_limit: 3.
num_arena_births: 770.
num_arena_deaths: 0.
num_vsnodes_births: 3.
num_vsnodes_deaths: 0.
num_space_committed: 1887.
num_space_uncommitted: 0.
num_chunks_returned_to_freelist: 3.
num_chunks_taken_from_freelist: 4755.
num_chunk_merges: 3.
num_chunk_splits: 3689.
num_chunks_enlarged: 3058.
num_inconsistent_stats: 0.

CodeHeap 'non-profiled nmethods': size=119168Kb used=4195Kb max_used=4874Kb free=114972Kb
 bounds [0x000001c5302d0000, 0x000001c5307a0000, 0x000001c537730000]
CodeHeap 'profiled nmethods': size=119104Kb used=20988Kb max_used=21235Kb free=98115Kb
 bounds [0x000001c528730000, 0x000001c529c10000, 0x000001c52fb80000]
CodeHeap 'non-nmethods': size=7488Kb used=3637Kb max_used=3669Kb free=3850Kb
 bounds [0x000001c52fb80000, 0x000001c52ff20000, 0x000001c5302d0000]
 total_blobs=10261 nmethods=9193 adapters=976
 compilation: enabled
              stopped_count=0, restarted_count=0
 full_count=0

Compilation events (20 events):
Event: 16.611 Thread 0x000001c544059c30 10609       3       jdk.internal.jimage.decompressor.ZipDecompressor::decompress (81 bytes)
Event: 16.611 Thread 0x000001c54421a4a0 nmethod 10608 0x000001c5296cf310 code [0x000001c5296cf4a0, 0x000001c5296cf5e8]
Event: 16.612 Thread 0x000001c54421a4a0 10610       3       java.security.SecureClassLoader::defineClass (12 bytes)
Event: 16.612 Thread 0x000001c5441fd210 10611       3       java.lang.ClassLoader::defineClass (108 bytes)
Event: 16.612 Thread 0x000001c544059c30 nmethod 10609 0x000001c5296ce290 code [0x000001c5296ce4e0, 0x000001c5296cef28]
Event: 16.612 Thread 0x000001c544059c30 10612       3       jdk.internal.module.SystemModuleFinders$SystemModuleReader::release (10 bytes)
Event: 16.612 Thread 0x000001c54421a4a0 nmethod 10610 0x000001c5296cde90 code [0x000001c5296ce040, 0x000001c5296ce1d8]
Event: 16.612 Thread 0x000001c54421a4a0 10613       3       jdk.internal.jimage.ImageReader::releaseByteBuffer (5 bytes)
Event: 16.612 Thread 0x000001c54421a4a0 nmethod 10613 0x000001c528895410 code [0x000001c5288955c0, 0x000001c528895868]
Event: 16.612 Thread 0x000001c54421a4a0 10614       3       jdk.internal.jimage.BasicImageReader::releaseByteBuffer (16 bytes)
Event: 16.612 Thread 0x000001c544059c30 nmethod 10612 0x000001c528894c10 code [0x000001c528894e00, 0x000001c528895278]
Event: 16.612 Thread 0x000001c54421a4a0 nmethod 10614 0x000001c5296cd990 code [0x000001c5296cdb40, 0x000001c5296cdd88]
Event: 16.613 Thread 0x000001c5441fd210 nmethod 10611 0x000001c529163c90 code [0x000001c529163f80, 0x000001c529164f78]
Event: 16.643 Thread 0x000001c5441fd210 10616       3       java.util.zip.ZipFile$Source$Key::equals (93 bytes)
Event: 16.644 Thread 0x000001c5441fd210 nmethod 10616 0x000001c529162710 code [0x000001c5291629c0, 0x000001c5291638a8]
Event: 16.645 Thread 0x000001c544059c30 10617       3       java.lang.Integer::numberOfTrailingZeros (80 bytes)
Event: 16.645 Thread 0x000001c5441fd210 10618       3       java.util.JumboEnumSet$EnumSetIterator::hasNext (67 bytes)
Event: 16.646 Thread 0x000001c544059c30 nmethod 10617 0x000001c528894710 code [0x000001c5288948c0, 0x000001c528894b38]
Event: 16.646 Thread 0x000001c5441fd210 nmethod 10618 0x000001c528894190 code [0x000001c528894340, 0x000001c5288945f8]
Event: 16.646 Thread 0x000001c54421a4a0 10619   !   3       java.lang.invoke.DirectMethodHandle::makePreparedLambdaForm (798 bytes)

GC Heap History (20 events):
Event: 11.794 GC heap after
{Heap after GC invocations=44 (full 0):
 garbage-first heap   total 163840K, used 97604K [0x0000000080000000, 0x0000000100000000)
  region size 1024K, 4 young (4096K), 4 survivors (4096K)
 Metaspace       used 90237K, committed 90816K, reserved 1179648K
  class space    used 12084K, committed 12352K, reserved 1048576K
}
Event: 12.186 GC heap before
{Heap before GC invocations=45 (full 0):
 garbage-first heap   total 173056K, used 135492K [0x0000000080000000, 0x0000000100000000)
  region size 1024K, 40 young (40960K), 4 survivors (4096K)
 Metaspace       used 91313K, committed 91904K, reserved 1179648K
  class space    used 12202K, committed 12480K, reserved 1048576K
}
Event: 12.191 GC heap after
{Heap after GC invocations=46 (full 0):
 garbage-first heap   total 173056K, used 99701K [0x0000000080000000, 0x0000000100000000)
  region size 1024K, 3 young (3072K), 3 survivors (3072K)
 Metaspace       used 91313K, committed 91904K, reserved 1179648K
  class space    used 12202K, committed 12480K, reserved 1048576K
}
Event: 12.256 GC heap before
{Heap before GC invocations=46 (full 0):
 garbage-first heap   total 173056K, used 104821K [0x0000000080000000, 0x0000000100000000)
  region size 1024K, 8 young (8192K), 3 survivors (3072K)
 Metaspace       used 92071K, committed 92672K, reserved 1179648K
  class space    used 12288K, committed 12544K, reserved 1048576K
}
Event: 12.260 GC heap after
{Heap after GC invocations=47 (full 0):
 garbage-first heap   total 173056K, used 99748K [0x0000000080000000, 0x0000000100000000)
  region size 1024K, 1 young (1024K), 1 survivors (1024K)
 Metaspace       used 92071K, committed 92672K, reserved 1179648K
  class space    used 12288K, committed 12544K, reserved 1048576K
}
Event: 12.741 GC heap before
{Heap before GC invocations=47 (full 0):
 garbage-first heap   total 173056K, used 141732K [0x0000000080000000, 0x0000000100000000)
  region size 1024K, 42 young (43008K), 1 survivors (1024K)
 Metaspace       used 94652K, committed 95296K, reserved 1179648K
  class space    used 12563K, committed 12864K, reserved 1048576K
}
Event: 12.746 GC heap after
{Heap after GC invocations=48 (full 0):
 garbage-first heap   total 173056K, used 102960K [0x0000000080000000, 0x0000000100000000)
  region size 1024K, 4 young (4096K), 4 survivors (4096K)
 Metaspace       used 94652K, committed 95296K, reserved 1179648K
  class space    used 12563K, committed 12864K, reserved 1048576K
}
Event: 13.303 GC heap before
{Heap before GC invocations=49 (full 0):
 garbage-first heap   total 179200K, used 141872K [0x0000000080000000, 0x0000000100000000)
  region size 1024K, 43 young (44032K), 4 survivors (4096K)
 Metaspace       used 99000K, committed 99584K, reserved 1179648K
  class space    used 13001K, committed 13248K, reserved 1048576K
}
Event: 13.307 GC heap after
{Heap after GC invocations=50 (full 0):
 garbage-first heap   total 179200K, used 105797K [0x0000000080000000, 0x0000000100000000)
  region size 1024K, 3 young (3072K), 3 survivors (3072K)
 Metaspace       used 99000K, committed 99584K, reserved 1179648K
  class space    used 13001K, committed 13248K, reserved 1048576K
}
Event: 13.384 GC heap before
{Heap before GC invocations=50 (full 0):
 garbage-first heap   total 179200K, used 109893K [0x0000000080000000, 0x0000000100000000)
  region size 1024K, 8 young (8192K), 3 survivors (3072K)
 Metaspace       used 99635K, committed 100288K, reserved 1179648K
  class space    used 13072K, committed 13376K, reserved 1048576K
}
Event: 13.387 GC heap after
{Heap after GC invocations=51 (full 0):
 garbage-first heap   total 179200K, used 105723K [0x0000000080000000, 0x0000000100000000)
  region size 1024K, 1 young (1024K), 1 survivors (1024K)
 Metaspace       used 99635K, committed 100288K, reserved 1179648K
  class space    used 13072K, committed 13376K, reserved 1048576K
}
Event: 14.011 GC heap before
{Heap before GC invocations=51 (full 0):
 garbage-first heap   total 179200K, used 148731K [0x0000000080000000, 0x0000000100000000)
  region size 1024K, 43 young (44032K), 1 survivors (1024K)
 Metaspace       used 105653K, committed 106304K, reserved 1179648K
  class space    used 13718K, committed 14016K, reserved 1048576K
}
Event: 14.014 GC heap after
{Heap after GC invocations=52 (full 0):
 garbage-first heap   total 179200K, used 106455K [0x0000000080000000, 0x0000000100000000)
  region size 1024K, 2 young (2048K), 2 survivors (2048K)
 Metaspace       used 105653K, committed 106304K, reserved 1179648K
  class space    used 13718K, committed 14016K, reserved 1048576K
}
Event: 14.583 GC heap before
{Heap before GC invocations=53 (full 0):
 garbage-first heap   total 184320K, used 148439K [0x0000000080000000, 0x0000000100000000)
  region size 1024K, 44 young (45056K), 2 survivors (2048K)
 Metaspace       used 112043K, committed 112640K, reserved 1179648K
  class space    used 14388K, committed 14656K, reserved 1048576K
}
Event: 14.589 GC heap after
{Heap after GC invocations=54 (full 0):
 garbage-first heap   total 184320K, used 107418K [0x0000000080000000, 0x0000000100000000)
  region size 1024K, 3 young (3072K), 3 survivors (3072K)
 Metaspace       used 112043K, committed 112640K, reserved 1179648K
  class space    used 14388K, committed 14656K, reserved 1048576K
}
Event: 15.097 GC heap before
{Heap before GC invocations=54 (full 0):
 garbage-first heap   total 184320K, used 138138K [0x0000000080000000, 0x0000000100000000)
  region size 1024K, 34 young (34816K), 3 survivors (3072K)
 Metaspace       used 114177K, committed 114752K, reserved 1179648K
  class space    used 14649K, committed 14912K, reserved 1048576K
}
Event: 15.103 GC heap after
{Heap after GC invocations=55 (full 0):
 garbage-first heap   total 184320K, used 110718K [0x0000000080000000, 0x0000000100000000)
  region size 1024K, 6 young (6144K), 6 survivors (6144K)
 Metaspace       used 114177K, committed 114752K, reserved 1179648K
  class space    used 14649K, committed 14912K, reserved 1048576K
}
Event: 15.353 GC heap before
{Heap before GC invocations=56 (full 0):
 garbage-first heap   total 203776K, used 155774K [0x0000000080000000, 0x0000000100000000)
  region size 1024K, 49 young (50176K), 6 survivors (6144K)
 Metaspace       used 114354K, committed 115008K, reserved 1179648K
  class space    used 14649K, committed 14912K, reserved 1048576K
}
Event: 15.359 GC heap after
{Heap after GC invocations=57 (full 0):
 garbage-first heap   total 203776K, used 114458K [0x0000000080000000, 0x0000000100000000)
  region size 1024K, 4 young (4096K), 4 survivors (4096K)
 Metaspace       used 114354K, committed 115008K, reserved 1179648K
  class space    used 14649K, committed 14912K, reserved 1048576K
}
Event: 16.647 GC heap before
{Heap before GC invocations=57 (full 0):
 garbage-first heap   total 203776K, used 169754K [0x0000000080000000, 0x0000000100000000)
  region size 1024K, 58 young (59392K), 4 survivors (4096K)
 Metaspace       used 120215K, committed 120896K, reserved 1179648K
  class space    used 15437K, committed 15744K, reserved 1048576K
}

Dll operation events (3 events):
Event: 0.021 Loaded shared library C:\Program Files\Android\Android Studio\jbr\bin\java.dll
Event: 0.161 Loaded shared library C:\Program Files\Android\Android Studio\jbr\bin\zip.dll
Event: 0.439 Loaded shared library C:\Program Files\Android\Android Studio\jbr\bin\verify.dll

Deoptimization events (20 events):
Event: 16.471 Thread 0x000001c545c49d20 Uncommon trap: trap_request=0xffffffc6 fr.pc=0x000001c53053f948 relative=0x0000000000000748
Event: 16.471 Thread 0x000001c545c49d20 Uncommon trap: reason=bimorphic_or_optimized_type_check action=maybe_recompile pc=0x000001c53053f948 method=java.util.regex.Pattern$Start.match(Ljava/util/regex/Matcher;ILjava/lang/CharSequence;)Z @ 44 c2
Event: 16.471 Thread 0x000001c545c49d20 DEOPT PACKING pc=0x000001c53053f948 sp=0x00000014a06f7c40
Event: 16.471 Thread 0x000001c545c49d20 DEOPT UNPACKING pc=0x000001c52fbd69a3 sp=0x00000014a06f7bb0 mode 2
Event: 16.471 Thread 0x000001c545c49d20 Uncommon trap: trap_request=0xffffffc6 fr.pc=0x000001c5305354bc relative=0x000000000000055c
Event: 16.471 Thread 0x000001c545c49d20 Uncommon trap: reason=bimorphic_or_optimized_type_check action=maybe_recompile pc=0x000001c5305354bc method=java.util.regex.Pattern$Start.match(Ljava/util/regex/Matcher;ILjava/lang/CharSequence;)Z @ 44 c2
Event: 16.471 Thread 0x000001c545c49d20 DEOPT PACKING pc=0x000001c5305354bc sp=0x00000014a06f7b30
Event: 16.471 Thread 0x000001c545c49d20 DEOPT UNPACKING pc=0x000001c52fbd69a3 sp=0x00000014a06f7b10 mode 2
Event: 16.472 Thread 0x000001c545c49d20 Uncommon trap: trap_request=0xffffffc6 fr.pc=0x000001c5305370e0 relative=0x0000000000000780
Event: 16.472 Thread 0x000001c545c49d20 Uncommon trap: reason=bimorphic_or_optimized_type_check action=maybe_recompile pc=0x000001c5305370e0 method=java.util.regex.Pattern$Start.match(Ljava/util/regex/Matcher;ILjava/lang/CharSequence;)Z @ 44 c2
Event: 16.472 Thread 0x000001c545c49d20 DEOPT PACKING pc=0x000001c5305370e0 sp=0x00000014a06f7b90
Event: 16.472 Thread 0x000001c545c49d20 DEOPT UNPACKING pc=0x000001c52fbd69a3 sp=0x00000014a06f7b10 mode 2
Event: 16.563 Thread 0x000001c545c49d20 Uncommon trap: trap_request=0xffffff45 fr.pc=0x000001c530509d00 relative=0x0000000000000080
Event: 16.563 Thread 0x000001c545c49d20 Uncommon trap: reason=unstable_if action=reinterpret pc=0x000001c530509d00 method=java.util.HashMap$HashMapSpliterator.getFence()I @ 37 c2
Event: 16.563 Thread 0x000001c545c49d20 DEOPT PACKING pc=0x000001c530509d00 sp=0x00000014a06f8fb0
Event: 16.563 Thread 0x000001c545c49d20 DEOPT UNPACKING pc=0x000001c52fbd69a3 sp=0x00000014a06f8f28 mode 2
Event: 16.617 Thread 0x000001c545c49d20 Uncommon trap: trap_request=0xffffff45 fr.pc=0x000001c53053d29c relative=0x000000000000007c
Event: 16.617 Thread 0x000001c545c49d20 Uncommon trap: reason=unstable_if action=reinterpret pc=0x000001c53053d29c method=java.util.Spliterator.getExactSizeIfKnown()J @ 9 c2
Event: 16.617 Thread 0x000001c545c49d20 DEOPT PACKING pc=0x000001c53053d29c sp=0x00000014a06f8ec0
Event: 16.617 Thread 0x000001c545c49d20 DEOPT UNPACKING pc=0x000001c52fbd69a3 sp=0x00000014a06f8e58 mode 2

Classes unloaded (0 events):
No events

Classes redefined (0 events):
No events

Internal exceptions (20 events):
Event: 15.971 Thread 0x000001c545c49d20 Exception <a 'sun/nio/fs/WindowsException'{0x000000008ad7f7a0}> (0x000000008ad7f7a0) 
thrown [s\src\hotspot\share\prims\jni.cpp, line 531]
Event: 16.076 Thread 0x000001c545c49d20 Exception <a 'java/lang/ClassNotFoundException'{0x000000008a9bc298}: org/jetbrains/plugins/gradle/model/web/WebConfigurationBeanInfo> (0x000000008a9bc298) 
thrown [s\src\hotspot\share\classfile\systemDictionary.cpp, line 256]
Event: 16.077 Thread 0x000001c545c49d20 Exception <a 'java/lang/ClassNotFoundException'{0x000000008a9c4f80}: org/jetbrains/plugins/gradle/model/web/WebConfigurationCustomizer> (0x000000008a9c4f80) 
thrown [s\src\hotspot\share\classfile\systemDictionary.cpp, line 256]
Event: 16.082 Thread 0x000001c545c49d20 Exception <a 'java/lang/ClassNotFoundException'{0x000000008a8e1f08}: java/lang/StringBeanInfo> (0x000000008a8e1f08) 
thrown [s\src\hotspot\share\classfile\systemDictionary.cpp, line 256]
Event: 16.082 Thread 0x000001c545c49d20 Exception <a 'java/lang/ClassNotFoundException'{0x000000008a8e6c08}: java/lang/StringCustomizer> (0x000000008a8e6c08) 
thrown [s\src\hotspot\share\classfile\systemDictionary.cpp, line 256]
Event: 16.092 Thread 0x000001c545c07820 Exception <a 'java/lang/NoSuchMethodError'{0x000000008a7969e8}: static Lorg/gradle/internal/build/event/types/DefaultOperationStartedProgressEvent;.<clinit>()V> (0x000000008a7969e8) 
thrown [s\src\hotspot\share\prims\jni.cpp, line 1127]
Event: 16.093 Thread 0x000001c545c07820 Exception <a 'java/lang/NoSuchMethodError'{0x000000008a798658}: static Lorg/gradle/internal/build/event/types/AbstractProgressEvent;.<clinit>()V> (0x000000008a798658) 
thrown [s\src\hotspot\share\prims\jni.cpp, line 1127]
Event: 16.095 Thread 0x000001c545c07820 Exception <a 'java/lang/NoSuchMethodError'{0x000000008a7acde8}: static Lorg/gradle/internal/build/event/types/DefaultBuildPhaseDescriptor;.<clinit>()V> (0x000000008a7acde8) 
thrown [s\src\hotspot\share\prims\jni.cpp, line 1127]
Event: 16.095 Thread 0x000001c545c07820 Exception <a 'java/lang/NoSuchMethodError'{0x000000008a603298}: static Lorg/gradle/internal/build/event/types/DefaultOperationDescriptor;.<clinit>()V> (0x000000008a603298) 
thrown [s\src\hotspot\share\prims\jni.cpp, line 1127]
Event: 16.096 Thread 0x000001c545c07820 Exception <a 'java/lang/NoSuchMethodError'{0x000000008a616a40}: static Lorg/gradle/internal/operations/OperationIdentifier;.<clinit>()V> (0x000000008a616a40) 
thrown [s\src\hotspot\share\prims\jni.cpp, line 1127]
Event: 16.214 Thread 0x000001c545c49d20 Exception <a 'sun/nio/fs/WindowsException'{0x000000008a2ff798}> (0x000000008a2ff798) 
thrown [s\src\hotspot\share\prims\jni.cpp, line 531]
Event: 16.214 Thread 0x000001c545c49d20 Exception <a 'sun/nio/fs/WindowsException'{0x000000008a2ffa80}> (0x000000008a2ffa80) 
thrown [s\src\hotspot\share\prims\jni.cpp, line 531]
Event: 16.214 Thread 0x000001c545c49d20 Exception <a 'sun/nio/fs/WindowsException'{0x000000008a1029d0}> (0x000000008a1029d0) 
thrown [s\src\hotspot\share\prims\jni.cpp, line 531]
Event: 16.215 Thread 0x000001c545c49d20 Exception <a 'sun/nio/fs/WindowsException'{0x000000008a102db0}> (0x000000008a102db0) 
thrown [s\src\hotspot\share\prims\jni.cpp, line 531]
Event: 16.217 Thread 0x000001c545c49d20 Exception <a 'sun/nio/fs/WindowsException'{0x000000008a112f80}> (0x000000008a112f80) 
thrown [s\src\hotspot\share\prims\jni.cpp, line 531]
Event: 16.217 Thread 0x000001c545c49d20 Exception <a 'sun/nio/fs/WindowsException'{0x000000008a113360}> (0x000000008a113360) 
thrown [s\src\hotspot\share\prims\jni.cpp, line 531]
Event: 16.389 Thread 0x000001c545c49d20 Exception <a 'java/lang/NoSuchMethodError'{0x0000000089508de8}: 'void java.lang.invoke.DirectMethodHandle$Holder.invokeStatic(java.lang.Object, java.lang.Object, java.lang.Object, java.lang.Object, java.lang.Object, java.lang.Object, java.lang.Object)'> (0x0000000089508de8) 
thrown [s\src\hotspot\share\interpreter\linkResolver.cpp, line 771]
Event: 16.563 Thread 0x000001c545c49d20 Implicit null exception at 0x000001c530509ccb to 0x000001c530509cf0
Event: 16.569 Thread 0x000001c545c49d20 Exception <a 'java/lang/NoSuchMethodError'{0x0000000088fdc488}: 'java.lang.Object java.lang.invoke.DirectMethodHandle$Holder.newInvokeSpecial(java.lang.Object, java.lang.Object, java.lang.Object, int, int)'> (0x0000000088fdc488) 
thrown [s\src\hotspot\share\interpreter\linkResolver.cpp, line 771]
Event: 16.573 Thread 0x000001c545c49d20 Exception <a 'java/lang/NoSuchMethodError'{0x0000000088e230a0}: 'java.lang.Object java.lang.invoke.Invokers$Holder.linkToTargetMethod(java.lang.Object, java.lang.Object, java.lang.Object, int, int, java.lang.Object, java.lang.Object)'> (0x0000000088e230a0) 
thrown [s\src\hotspot\share\interpreter\linkResolver.cpp, line 771]

VM Operations (20 events):
Event: 15.613 Executing VM operation: ICBufferFull done
Event: 15.794 Executing VM operation: HandshakeAllThreads
Event: 15.794 Executing VM operation: HandshakeAllThreads done
Event: 15.821 Executing VM operation: ICBufferFull
Event: 15.821 Executing VM operation: ICBufferFull done
Event: 15.824 Executing VM operation: HandshakeAllThreads
Event: 15.824 Executing VM operation: HandshakeAllThreads done
Event: 15.936 Executing VM operation: ICBufferFull
Event: 15.936 Executing VM operation: ICBufferFull done
Event: 16.410 Executing VM operation: HandshakeAllThreads
Event: 16.410 Executing VM operation: HandshakeAllThreads done
Event: 16.411 Executing VM operation: ICBufferFull
Event: 16.411 Executing VM operation: ICBufferFull done
Event: 16.475 Executing VM operation: HandshakeAllThreads
Event: 16.475 Executing VM operation: HandshakeAllThreads done
Event: 16.557 Executing VM operation: HandshakeAllThreads
Event: 16.558 Executing VM operation: HandshakeAllThreads done
Event: 16.628 Executing VM operation: HandshakeAllThreads
Event: 16.628 Executing VM operation: HandshakeAllThreads done
Event: 16.647 Executing VM operation: G1CollectForAllocation

Events (20 events):
Event: 16.452 loading class java/nio/file/ProviderNotFoundException
Event: 16.452 loading class java/nio/file/ProviderNotFoundException done
Event: 16.473 loading class java/io/FileWriter
Event: 16.473 loading class java/io/FileWriter done
Event: 16.479 loading class java/util/JumboEnumSet
Event: 16.479 loading class java/util/JumboEnumSet done
Event: 16.490 loading class java/util/JumboEnumSet$EnumSetIterator
Event: 16.491 loading class java/util/JumboEnumSet$EnumSetIterator done
Event: 16.501 loading class java/util/ResourceBundle$KeyElementReference
Event: 16.501 loading class java/util/ResourceBundle$CacheKeyReference
Event: 16.501 loading class java/util/ResourceBundle$CacheKeyReference done
Event: 16.501 loading class java/util/ResourceBundle$KeyElementReference done
Event: 16.501 loading class java/util/ResourceBundle$3
Event: 16.502 loading class java/util/ResourceBundle$3 done
Event: 16.512 loading class java/util/ResourceBundle$BundleReference
Event: 16.513 loading class java/util/ResourceBundle$BundleReference done
Event: 16.560 loading class java/util/HashMap$EntrySpliterator
Event: 16.561 loading class java/util/HashMap$EntrySpliterator done
Event: 16.616 loading class java/util/ServiceLoader$ProviderSpliterator
Event: 16.616 loading class java/util/ServiceLoader$ProviderSpliterator done


Dynamic libraries:
0x00007ff76dae0000 - 0x00007ff76daea000 	C:\Program Files\Android\Android Studio\jbr\bin\java.exe
0x00007ff9d5b90000 - 0x00007ff9d5da7000 	C:\WINDOWS\SYSTEM32\ntdll.dll
0x00007ff9d4660000 - 0x00007ff9d4724000 	C:\WINDOWS\System32\KERNEL32.DLL
0x00007ff9d3070000 - 0x00007ff9d341d000 	C:\WINDOWS\System32\KERNELBASE.dll
0x00007ff9d37a0000 - 0x00007ff9d38b1000 	C:\WINDOWS\System32\ucrtbase.dll
0x00007ff991bb0000 - 0x00007ff991bc7000 	C:\Program Files\Android\Android Studio\jbr\bin\jli.dll
0x00007ff982910000 - 0x00007ff98292b000 	C:\Program Files\Android\Android Studio\jbr\bin\VCRUNTIME140.dll
0x00007ff9d5050000 - 0x00007ff9d51fe000 	C:\WINDOWS\System32\USER32.dll
0x00007ff9d3770000 - 0x00007ff9d3796000 	C:\WINDOWS\System32\win32u.dll
0x00007ff9d5520000 - 0x00007ff9d5549000 	C:\WINDOWS\System32\GDI32.dll
0x00007ff9ac420000 - 0x00007ff9ac6b3000 	C:\WINDOWS\WinSxS\amd64_microsoft.windows.common-controls_6595b64144ccf1df_6.0.22621.3672_none_2713b9d173822955\COMCTL32.dll
0x00007ff9d2eb0000 - 0x00007ff9d2fc9000 	C:\WINDOWS\System32\gdi32full.dll
0x00007ff9d3f80000 - 0x00007ff9d4027000 	C:\WINDOWS\System32\msvcrt.dll
0x00007ff9d3420000 - 0x00007ff9d34ba000 	C:\WINDOWS\System32\msvcp_win.dll
0x00007ff9d3ee0000 - 0x00007ff9d3f11000 	C:\WINDOWS\System32\IMM32.DLL
0x00007ff997cf0000 - 0x00007ff997cfc000 	C:\Program Files\Android\Android Studio\jbr\bin\vcruntime140_1.dll
0x00007ff96bad0000 - 0x00007ff96bb5d000 	C:\Program Files\Android\Android Studio\jbr\bin\msvcp140.dll
0x00007ff96f950000 - 0x00007ff9705d3000 	C:\Program Files\Android\Android Studio\jbr\bin\server\jvm.dll
0x00007ff9d3e10000 - 0x00007ff9d3ec2000 	C:\WINDOWS\System32\ADVAPI32.dll
0x00007ff9d5aa0000 - 0x00007ff9d5b49000 	C:\WINDOWS\System32\sechost.dll
0x00007ff9d3040000 - 0x00007ff9d3068000 	C:\WINDOWS\System32\bcrypt.dll
0x00007ff9d4030000 - 0x00007ff9d4144000 	C:\WINDOWS\System32\RPCRT4.dll
0x00007ff9caf60000 - 0x00007ff9caf94000 	C:\WINDOWS\SYSTEM32\WINMM.dll
0x00007ff9d2d80000 - 0x00007ff9d2dcd000 	C:\WINDOWS\SYSTEM32\POWRPROF.dll
0x00007ff9a6470000 - 0x00007ff9a6479000 	C:\WINDOWS\SYSTEM32\WSOCK32.dll
0x00007ff9c5c60000 - 0x00007ff9c5c6a000 	C:\WINDOWS\SYSTEM32\VERSION.dll
0x00007ff9d4150000 - 0x00007ff9d41c1000 	C:\WINDOWS\System32\WS2_32.dll
0x00007ff9d2cb0000 - 0x00007ff9d2cc3000 	C:\WINDOWS\SYSTEM32\UMPDC.dll
0x00007ff9d1ee0000 - 0x00007ff9d1ef8000 	C:\WINDOWS\SYSTEM32\kernel.appcore.dll
0x00007ff99df60000 - 0x00007ff99df6a000 	C:\Program Files\Android\Android Studio\jbr\bin\jimage.dll
0x00007ff9d07f0000 - 0x00007ff9d0a22000 	C:\WINDOWS\SYSTEM32\DBGHELP.DLL
0x00007ff9d4240000 - 0x00007ff9d45ce000 	C:\WINDOWS\System32\combase.dll
0x00007ff9d5550000 - 0x00007ff9d5627000 	C:\WINDOWS\System32\OLEAUT32.dll
0x00007ff9b07f0000 - 0x00007ff9b0822000 	C:\WINDOWS\SYSTEM32\dbgcore.DLL
0x00007ff9d36f0000 - 0x00007ff9d376b000 	C:\WINDOWS\System32\bcryptPrimitives.dll
0x00007ff9c9bd0000 - 0x00007ff9c9bde000 	C:\Program Files\Android\Android Studio\jbr\bin\instrument.dll
0x00007ff99df30000 - 0x00007ff99df55000 	C:\Program Files\Android\Android Studio\jbr\bin\java.dll
0x00007ff99df10000 - 0x00007ff99df28000 	C:\Program Files\Android\Android Studio\jbr\bin\zip.dll
0x00007ff9d4740000 - 0x00007ff9d4fa7000 	C:\WINDOWS\System32\SHELL32.dll
0x00007ff9d0de0000 - 0x00007ff9d16df000 	C:\WINDOWS\SYSTEM32\windows.storage.dll
0x00007ff9d0ca0000 - 0x00007ff9d0ddf000 	C:\WINDOWS\SYSTEM32\wintypes.dll
0x00007ff9d5630000 - 0x00007ff9d5729000 	C:\WINDOWS\System32\SHCORE.dll
0x00007ff9d5300000 - 0x00007ff9d535e000 	C:\WINDOWS\System32\shlwapi.dll
0x00007ff9d2de0000 - 0x00007ff9d2e07000 	C:\WINDOWS\SYSTEM32\profapi.dll
0x00007ff99def0000 - 0x00007ff99df09000 	C:\Program Files\Android\Android Studio\jbr\bin\net.dll
0x00007ff9ccca0000 - 0x00007ff9ccdd6000 	C:\WINDOWS\SYSTEM32\WINHTTP.dll
0x00007ff9d2370000 - 0x00007ff9d23d9000 	C:\WINDOWS\system32\mswsock.dll
0x00007ff99ded0000 - 0x00007ff99dee6000 	C:\Program Files\Android\Android Studio\jbr\bin\nio.dll
0x00007ff99da50000 - 0x00007ff99da60000 	C:\Program Files\Android\Android Studio\jbr\bin\verify.dll
0x00007ff9b4f60000 - 0x00007ff9b4f87000 	C:\Users\mohan\.gradle\native\c067742578af261105cb4f569cf0c3c89f3d7b1fecec35dd04571415982c5e48\windows-amd64\native-platform.dll
0x00007ff97e9c0000 - 0x00007ff97eb04000 	C:\Users\mohan\.gradle\native\38dada09dfb8b06ba9b0570ebf7e218e3eb74d4ef43ca46872605cf95ebc2f47\windows-amd64\native-platform-file-events.dll
0x00007ff99da80000 - 0x00007ff99da89000 	C:\Program Files\Android\Android Studio\jbr\bin\management.dll
0x00007ff99da70000 - 0x00007ff99da7b000 	C:\Program Files\Android\Android Studio\jbr\bin\management_ext.dll
0x00007ff9d3ed0000 - 0x00007ff9d3ed8000 	C:\WINDOWS\System32\PSAPI.DLL
0x00007ff9d25d0000 - 0x00007ff9d25eb000 	C:\WINDOWS\SYSTEM32\CRYPTSP.dll
0x00007ff9d1e30000 - 0x00007ff9d1e65000 	C:\WINDOWS\system32\rsaenh.dll
0x00007ff9d2460000 - 0x00007ff9d2488000 	C:\WINDOWS\SYSTEM32\USERENV.dll
0x00007ff9d25c0000 - 0x00007ff9d25cc000 	C:\WINDOWS\SYSTEM32\CRYPTBASE.dll
0x00007ff9d1970000 - 0x00007ff9d199d000 	C:\WINDOWS\SYSTEM32\IPHLPAPI.DLL
0x00007ff9d5360000 - 0x00007ff9d5369000 	C:\WINDOWS\System32\NSI.dll
0x00007ff9ccbd0000 - 0x00007ff9ccbe9000 	C:\WINDOWS\SYSTEM32\dhcpcsvc6.DLL
0x00007ff9ccbb0000 - 0x00007ff9ccbcf000 	C:\WINDOWS\SYSTEM32\dhcpcsvc.DLL
0x00007ff9d19a0000 - 0x00007ff9d1a98000 	C:\WINDOWS\SYSTEM32\DNSAPI.dll
0x00007ff99dae0000 - 0x00007ff99dae9000 	C:\Program Files\Android\Android Studio\jbr\bin\extnet.dll
0x00007ff9a6460000 - 0x00007ff9a6468000 	C:\WINDOWS\system32\wshunix.dll

dbghelp: loaded successfully - version: 4.0.5 - missing functions: none
symbol engine: initialized successfully - sym options: 0x614 - pdb path: .;C:\Program Files\Android\Android Studio\jbr\bin;C:\WINDOWS\SYSTEM32;C:\WINDOWS\WinSxS\amd64_microsoft.windows.common-controls_6595b64144ccf1df_6.0.22621.3672_none_2713b9d173822955;C:\Program Files\Android\Android Studio\jbr\bin\server;C:\Users\mohan\.gradle\native\c067742578af261105cb4f569cf0c3c89f3d7b1fecec35dd04571415982c5e48\windows-amd64;C:\Users\mohan\.gradle\native\38dada09dfb8b06ba9b0570ebf7e218e3eb74d4ef43ca46872605cf95ebc2f47\windows-amd64

VM Arguments:
jvm_args: --add-opens=java.base/java.util=ALL-UNNAMED --add-opens=java.base/java.lang=ALL-UNNAMED --add-opens=java.base/java.lang.invoke=ALL-UNNAMED --add-opens=java.prefs/java.util.prefs=ALL-UNNAMED --add-opens=java.base/java.nio.charset=ALL-UNNAMED --add-opens=java.base/java.net=ALL-UNNAMED --add-opens=java.base/java.util.concurrent.atomic=ALL-UNNAMED -Xmx2048m -Dfile.encoding=UTF-8 -Duser.country=US -Duser.language=en -Duser.variant -javaagent:C:\Users\mohan\.gradle\wrapper\dists\gradle-8.7-bin\bhs2wmbdwecv87pi65oeuq5iu\gradle-8.7\lib\agents\gradle-instrumentation-agent-8.7.jar 
java_command: org.gradle.launcher.daemon.bootstrap.GradleDaemon 8.7
java_class_path (initial): C:\Users\mohan\.gradle\wrapper\dists\gradle-8.7-bin\bhs2wmbdwecv87pi65oeuq5iu\gradle-8.7\lib\gradle-launcher-8.7.jar
Launcher Type: SUN_STANDARD

[Global flags]
     intx CICompilerCount                          = 12                                        {product} {ergonomic}
     uint ConcGCThreads                            = 3                                         {product} {ergonomic}
     uint G1ConcRefinementThreads                  = 13                                        {product} {ergonomic}
   size_t G1HeapRegionSize                         = 1048576                                   {product} {ergonomic}
    uintx GCDrainStackTargetSize                   = 64                                        {product} {ergonomic}
   size_t InitialHeapSize                          = 130023424                                 {product} {ergonomic}
   size_t MarkStackSize                            = 4194304                                   {product} {ergonomic}
   size_t MaxHeapSize                              = 2147483648                                {product} {command line}
   size_t MaxNewSize                               = 1287651328                                {product} {ergonomic}
   size_t MinHeapDeltaBytes                        = 1048576                                   {product} {ergonomic}
   size_t MinHeapSize                              = 8388608                                   {product} {ergonomic}
    uintx NonNMethodCodeHeapSize                   = 7602480                                {pd product} {ergonomic}
    uintx NonProfiledCodeHeapSize                  = 122027880                              {pd product} {ergonomic}
    uintx ProfiledCodeHeapSize                     = 122027880                              {pd product} {ergonomic}
    uintx ReservedCodeCacheSize                    = 251658240                              {pd product} {ergonomic}
     bool SegmentedCodeCache                       = true                                      {product} {ergonomic}
   size_t SoftMaxHeapSize                          = 2147483648                             {manageable} {ergonomic}
     bool UseCompressedClassPointers               = true                           {product lp64_product} {ergonomic}
     bool UseCompressedOops                        = true                           {product lp64_product} {ergonomic}
     bool UseG1GC                                  = true                                      {product} {ergonomic}
     bool UseLargePagesIndividualAllocation        = false                                  {pd product} {ergonomic}

Logging:
Log output configuration:
 #0: stdout all=warning uptime,level,tags
 #1: stderr all=off uptime,level,tags

Environment Variables:
JAVA_HOME=C:\Program Files\Java\jdk-22\jdk-22
PATH=C:\Program Files\Common Files\Oracle\Java\javapath;C:\oraclexe\app\oracle\product\11.2.0\server\bin;C:\Users\mohan\Downloads\Oracle\bin;C:\WINDOWS\system32;C:\WINDOWS;C:\WINDOWS\System32\Wbem;C:\WINDOWS\System32\WindowsPowerShell\v1.0\;C:\WINDOWS\System32\OpenSSH\;C:\ProgramData\chocolatey\bin;C:\MinGW\bin;C:\Users\mohan\Downloads\mongosh\bin;C:\ngrok;C:\Program Files\nodejs\;C:\Program Files\Git\cmd;C:\Program Files\MySQL\MySQL Server 8.0\bin;C:\Program Files\PowerShell\7\;C:\Program Files\Java\jdk-22\bin;C:\Users\mohan\AppData\Local\Programs\Python\Python312\Scripts\;C:\Users\mohan\AppData\Local\Programs\Python\Python312\;C:\Users\mohan\AppData\Local\Programs\Python\Launcher\;C:\Program Files\MySQL\MySQL Shell 8.0\bin\;C:\Users\mohan\AppData\Local\Microsoft\WindowsApps;C:\Users\mohan\AppData\Local\Programs\Microsoft VS Code\bin;C:\Users\mohan\AppData\Roaming\npm
USERNAME=mohan
OS=Windows_NT
PROCESSOR_IDENTIFIER=Intel64 Family 6 Model 154 Stepping 3, GenuineIntel
TMP=C:\Users\mohan\AppData\Local\Temp
TEMP=C:\Users\mohan\AppData\Local\Temp



Periodic native trim disabled

JNI global refs:
JNI global refs: 33, weak refs: 0

JNI global refs memory usage: 843, weak refs: 841

Process memory usage:
Resident Set Size: 489268K (6% of 8048820K total physical memory with 303956K free physical memory)

OOME stack traces (most recent first):
Classloader memory used:
Loader org.gradle.internal.classloader.VisitableURLClassLoader                         : 11060K
Loader bootstrap                                                                       : 2535K
Loader org.gradle.initialization.MixInLegacyTypesClassLoader                           : 892K
Loader jdk.internal.loader.ClassLoaders$AppClassLoader                                 : 181K
Loader org.gradle.internal.classloader.VisitableURLClassLoader                         : 112K
Loader org.gradle.internal.classloader.VisitableURLClassLoader$InstrumentingVisitableURLClassLoader: 81572B
Loader jdk.internal.loader.ClassLoaders$PlatformClassLoader                            : 79123B
Loader jdk.internal.jrtfs.JrtFileSystemProvider$JrtFsLoader                            : 42388B
Loader jdk.internal.reflect.DelegatingClassLoader                                      : 30152B
Loader org.gradle.groovy.scripts.internal.DefaultScriptCompilationHandler$ScriptClassLoader: 10914B
Loader org.codehaus.groovy.runtime.callsite.CallSiteClassLoader                        : 6077B

Classes loaded by more than one classloader:
Class org.gradle.internal.Cast                                                        : loaded 3 times (x 69B)
Class org.gradle.api.GradleException                                                  : loaded 3 times (x 80B)
Class kotlin.collections.AbstractList                                                 : loaded 2 times (x 157B)
Class kotlin.collections.AbstractCollection                                           : loaded 2 times (x 115B)
Class org.jetbrains.plugins.gradle.model.MavenRepositoryModel                         : loaded 2 times (x 68B)
Class org.gradle.internal.classpath.ClassPath                                         : loaded 2 times (x 68B)
Class org.gradle.api.internal.classpath.DefaultModuleRegistry                         : loaded 2 times (x 84B)
Class org.gradle.internal.exceptions.NonGradleCauseExceptionsHolder                   : loaded 2 times (x 68B)
Class Settings_gradle$1$1                                                             : loaded 2 times (x 72B)
Class jdk.internal.jimage.BasicImageReader$1                                          : loaded 2 times (x 75B)
Class kotlin.enums.EnumEntries                                                        : loaded 2 times (x 68B)
Class org.gradle.api.Action                                                           : loaded 2 times (x 68B)
Class org.jetbrains.kotlin.idea.gradleTooling.model.samWithReceiver.SamWithReceiverModel: loaded 2 times (x 68B)
Class kotlin.enums.EnumEntriesKt                                                      : loaded 2 times (x 69B)
Class org.jetbrains.plugins.gradle.model.ExternalProject                              : loaded 2 times (x 68B)
Class org.jetbrains.plugins.gradle.model.IntelliJSettings                             : loaded 2 times (x 68B)
Class jdk.internal.jimage.ImageBufferCache$1                                          : loaded 2 times (x 78B)
Class jdk.internal.jimage.ImageBufferCache$2                                          : loaded 2 times (x 89B)
Class org.jetbrains.kotlin.idea.gradleTooling.KotlinMPPGradleModel                    : loaded 2 times (x 68B)
Class org.gradle.api.internal.DefaultClassPathProvider                                : loaded 2 times (x 74B)
Class org.gradle.internal.installation.GradleInstallation$1                           : loaded 2 times (x 73B)
Class jdk.internal.jrtfs.SystemImage$1                                                : loaded 2 times (x 76B)
Class jdk.internal.jrtfs.SystemImage$2                                                : loaded 2 times (x 74B)
Class org.gradle.internal.exceptions.DefaultMultiCauseException                       : loaded 2 times (x 93B)
Class org.gradle.util.GradleVersion                                                   : loaded 2 times (x 81B)
Class org.gradle.internal.time.MonotonicClock                                         : loaded 2 times (x 75B)
Class org.gradle.internal.classloader.FilteringClassLoader                            : loaded 2 times (x 103B)
Class jdk.internal.jimage.ImageReader$Resource                                        : loaded 2 times (x 82B)
Class jdk.internal.jrtfs.SystemImage                                                  : loaded 2 times (x 72B)
Class org.gradle.tooling.model.Model                                                  : loaded 2 times (x 68B)
Class org.gradle.internal.classpath.DefaultClassPath$ImmutableUniqueList$Builder      : loaded 2 times (x 73B)
Class kotlin.UninitializedPropertyAccessException                                     : loaded 2 times (x 80B)
Class org.jetbrains.kotlin.idea.gradleTooling.KotlinSourceSetContainer                : loaded 2 times (x 68B)
Class jdk.internal.jrtfs.JrtDirectoryStream$1                                         : loaded 2 times (x 81B)
Class org.gradle.internal.classloader.ClassLoaderVisitor                              : loaded 2 times (x 74B)
Class org.gradle.internal.time.DefaultCountdownTimer                                  : loaded 2 times (x 86B)
Class org.gradle.internal.service.DefaultServiceLocator                               : loaded 2 times (x 81B)
Class org.jetbrains.plugins.gradle.model.jar.JarTaskManifestConfiguration             : loaded 2 times (x 68B)
Class org.gradle.internal.service.UnknownServiceException                             : loaded 2 times (x 81B)
Class org.jetbrains.plugins.gradle.model.DependencyAccessorsModel                     : loaded 2 times (x 68B)
Class org.gradle.internal.classloader.DefaultClassLoaderFactory                       : loaded 2 times (x 80B)
Class jdk.internal.jimage.ImageReader$SharedImageReader                               : loaded 2 times (x 93B)
Class org.jetbrains.plugins.gradle.model.GradleExtensions                             : loaded 2 times (x 68B)
Class jdk.internal.jimage.decompressor.ZipDecompressorFactory                         : loaded 2 times (x 72B)
Class org.jetbrains.plugins.gradle.model.VersionCatalogsModel                         : loaded 2 times (x 68B)
Class org.gradle.internal.classloader.VisitableURLClassLoader$Spec                    : loaded 2 times (x 72B)
Class org.gradle.tooling.model.ProjectModel                                           : loaded 2 times (x 68B)
Class org.gradle.tooling.model.UnsupportedMethodException                             : loaded 2 times (x 80B)
Class org.gradle.tooling.internal.gradle.DefaultProjectIdentifier                     : loaded 2 times (x 84B)
Class org.gradle.api.internal.classpath.ModuleRegistry                                : loaded 2 times (x 68B)
Class org.jetbrains.plugins.gradle.model.RepositoriesModel                            : loaded 2 times (x 68B)
Class kotlin.jvm.internal.markers.KMappedMarker                                       : loaded 2 times (x 68B)
Class org.gradle.api.internal.ClassPathProvider                                       : loaded 2 times (x 68B)
Class org.gradle.internal.classloader.ClasspathUtil$1                                 : loaded 2 times (x 74B)
Class org.gradle.internal.classloader.ClassLoaderFactory                              : loaded 2 times (x 68B)
Class jdk.internal.jimage.ImageHeader                                                 : loaded 2 times (x 69B)
Class org.gradle.api.internal.classpath.ManifestUtil                                  : loaded 2 times (x 69B)
Class org.gradle.api.specs.Spec                                                       : loaded 2 times (x 68B)
Class kotlin.jvm.internal.Intrinsics                                                  : loaded 2 times (x 69B)
Class org.gradle.tooling.internal.gradle.GradleBuildIdentity                          : loaded 2 times (x 68B)
Class sync_studio_tooling10_d2dkxozvvklprsutkdme2j26z$_run_closure1                   : loaded 2 times (x 137B)
Class org.gradle.internal.IoActions                                                   : loaded 2 times (x 69B)
Class jdk.internal.jimage.decompressor.StringSharingDecompressorFactory               : loaded 2 times (x 72B)
Class org.gradle.api.internal.classpath.EffectiveClassPath                            : loaded 2 times (x 88B)
Class kotlin.jvm.internal.DefaultConstructorMarker                                    : loaded 2 times (x 69B)
Class org.gradle.internal.exceptions.ResolutionProvider                               : loaded 2 times (x 68B)
Class org.jetbrains.kotlin.idea.gradleTooling.model.annotation.AnnotationBasedPluginModel: loaded 2 times (x 68B)
Class org.jetbrains.kotlin.idea.gradleTooling.model.assignment.AssignmentModel        : loaded 2 times (x 68B)
Class org.gradle.internal.installation.CurrentGradleInstallation                      : loaded 2 times (x 71B)
Class org.gradle.internal.agents.InstrumentingClassLoader                             : loaded 2 times (x 68B)
Class org.gradle.internal.installation.CurrentGradleInstallationLocator               : loaded 2 times (x 69B)
Class org.gradle.api.internal.classpath.Module                                        : loaded 2 times (x 68B)
Class org.gradle.internal.service.CachingServiceLocator                               : loaded 2 times (x 80B)
Class org.gradle.internal.time.Timer                                                  : loaded 2 times (x 68B)
Class org.jetbrains.plugins.gradle.model.tests.ExternalTestsModel                     : loaded 2 times (x 68B)
Class org.jetbrains.kotlin.idea.gradleTooling.KotlinDslScriptAdditionalTask           : loaded 2 times (x 68B)
Class org.gradle.internal.classpath.DefaultClassPath                                  : loaded 2 times (x 88B)
Class jdk.internal.jimage.BasicImageReader                                            : loaded 2 times (x 93B)
Class com.intellij.openapi.externalSystem.model.project.dependencies.ProjectDependencies: loaded 2 times (x 68B)
Class kotlin.enums.EnumEntriesList                                                    : loaded 2 times (x 183B)
Class org.jetbrains.kotlin.idea.gradleTooling.PrepareKotlinIdeImportTaskModel         : loaded 2 times (x 68B)
Class jdk.internal.jimage.ImageLocation                                               : loaded 2 times (x 88B)
Class org.gradle.internal.impldep.com.google.common.base.Preconditions                : loaded 2 times (x 69B)
Class kotlin.jvm.functions.Function1                                                  : loaded 2 times (x 68B)
Class jdk.internal.jimage.ImageReader$Node                                            : loaded 2 times (x 82B)
Class org.gradle.internal.time.Time                                                   : loaded 2 times (x 69B)
Class jdk.internal.jimage.decompressor.CompressedResourceHeader                       : loaded 2 times (x 69B)
Class org.gradle.internal.time.TimeSource$1                                           : loaded 2 times (x 75B)
Class kotlin.KotlinNullPointerException                                               : loaded 2 times (x 81B)
Class jdk.internal.jrtfs.JrtPath                                                      : loaded 2 times (x 116B)
Class jdk.internal.jimage.ImageStrings                                                : loaded 2 times (x 68B)
Class jdk.internal.jrtfs.JrtFileAttributes                                            : loaded 2 times (x 81B)
Class org.gradle.internal.classloader.SystemClassLoaderSpec                           : loaded 2 times (x 69B)
Class jdk.internal.jimage.decompressor.ResourceDecompressorRepository                 : loaded 2 times (x 69B)
Class kotlin.Function                                                                 : loaded 2 times (x 68B)
Class org.gradle.api.UncheckedIOException                                             : loaded 2 times (x 80B)
Class sync_studio_tooling10_d2dkxozvvklprsutkdme2j26z                                 : loaded 2 times (x 177B)
Class jdk.internal.jimage.decompressor.ResourceDecompressor$StringsProvider           : loaded 2 times (x 68B)
Class Program                                                                         : loaded 2 times (x 70B)
Class jdk.internal.jimage.decompressor.Decompressor                                   : loaded 2 times (x 70B)
Class jdk.internal.jrtfs.JrtFileSystem                                                : loaded 2 times (x 100B)
Class org.gradle.tooling.internal.gradle.GradleProjectIdentity                        : loaded 2 times (x 68B)
Class jdk.internal.jrtfs.JrtFileSystemProvider                                        : loaded 2 times (x 97B)
Class org.gradle.internal.time.CountdownTimer                                         : loaded 2 times (x 68B)
Class org.gradle.internal.time.Clock                                                  : loaded 2 times (x 68B)
Class org.gradle.internal.classloader.ClasspathUtil                                   : loaded 2 times (x 69B)
Class jdk.internal.jrtfs.JrtDirectoryStream                                           : loaded 2 times (x 87B)
Class org.gradle.tooling.model.BuildIdentifier                                        : loaded 2 times (x 68B)
Class jdk.internal.jimage.decompressor.ResourceDecompressor                           : loaded 2 times (x 68B)
Class org.gradle.api.internal.DefaultClassPathRegistry                                : loaded 2 times (x 74B)
Class org.gradle.api.internal.classpath.DefaultModuleRegistry$DefaultModule           : loaded 2 times (x 84B)
Class org.gradle.internal.time.TimeSource                                             : loaded 2 times (x 68B)
Class org.jetbrains.kotlin.android.synthetic.idea.AndroidExtensionsGradleModel        : loaded 2 times (x 68B)
Class org.gradle.api.internal.classpath.UnknownModuleException                        : loaded 2 times (x 80B)
Class org.jetbrains.plugins.gradle.model.IntelliJProjectSettings                      : loaded 2 times (x 68B)
Class org.gradle.internal.service.ServiceLookupException                              : loaded 2 times (x 80B)
Class jdk.internal.jimage.ImageStringsReader                                          : loaded 2 times (x 78B)
Class org.gradle.cache.GlobalCache                                                    : loaded 2 times (x 68B)
Class jdk.internal.jimage.decompressor.ResourceDecompressorFactory                    : loaded 2 times (x 72B)
Class org.jetbrains.kotlin.idea.gradleTooling.model.lombok.LombokModel                : loaded 2 times (x 68B)
Class org.gradle.tooling.model.ProjectIdentifier                                      : loaded 2 times (x 68B)
Class [Lorg.gradle.api.internal.ClassPathProvider;                                    : loaded 2 times (x 67B)
Class jdk.internal.jimage.ImageReader$SharedImageReader$LocationVisitor               : loaded 2 times (x 68B)
Class org.gradle.internal.operations.MultipleBuildOperationFailures                   : loaded 2 times (x 93B)
Class org.gradle.util.internal.GUtil                                                  : loaded 2 times (x 69B)
Class jdk.internal.jimage.decompressor.ZipDecompressor                                : loaded 2 times (x 73B)
Class org.jetbrains.plugins.gradle.model.AnnotationProcessingModel                    : loaded 2 times (x 68B)
Class org.gradle.internal.classloader.ClassLoaderSpec                                 : loaded 2 times (x 69B)
Class org.gradle.internal.classloader.VisitableURLClassLoader                         : loaded 2 times (x 115B)
Class org.gradle.internal.installation.GradleInstallation                             : loaded 2 times (x 73B)
Class org.gradle.api.internal.ClassPathRegistry                                       : loaded 2 times (x 68B)
Class org.gradle.internal.classloader.VisitableURLClassLoader$InstrumentingVisitableURLClassLoader: loaded 2 times (x 121B)
Class org.gradle.internal.classloader.ClassLoaderHierarchy                            : loaded 2 times (x 68B)
Class org.gradle.internal.exceptions.MultiCauseException                              : loaded 2 times (x 68B)
Class jdk.internal.jimage.ImageReader                                                 : loaded 2 times (x 73B)
Class org.jetbrains.kotlin.idea.gradleTooling.model.parcelize.ParcelizeGradleModel    : loaded 2 times (x 68B)
Class org.gradle.internal.InternalTransformer                                         : loaded 2 times (x 68B)
Class org.jetbrains.kotlin.idea.gradleTooling.model.noarg.NoArgModel                  : loaded 2 times (x 68B)
Class org.jetbrains.kotlin.idea.gradleTooling.KotlinGradleModel                       : loaded 2 times (x 68B)
Class org.gradle.tooling.internal.gradle.DefaultBuildIdentifier                       : loaded 2 times (x 77B)
Class org.gradle.internal.service.ServiceLocator                                      : loaded 2 times (x 68B)
Class Settings_gradle$1                                                               : loaded 2 times (x 72B)
Class org.jetbrains.kotlin.idea.gradleTooling.model.allopen.AllOpenModel              : loaded 2 times (x 68B)
Class ijInit1_5tv7pf72fq8b5qouo5aindea5                                               : loaded 2 times (x 177B)
Class org.gradle.internal.classpath.DefaultClassPath$ImmutableUniqueList              : loaded 2 times (x 159B)
Class jdk.internal.jimage.ImageBufferCache                                            : loaded 2 times (x 69B)
Class org.gradle.internal.time.DefaultTimer                                           : loaded 2 times (x 78B)
Class org.gradle.internal.classpath.TransformedClassPath                              : loaded 2 times (x 94B)
Class Settings_gradle                                                                 : loaded 2 times (x 126B)
Class kotlin.collections.AbstractList$Companion                                       : loaded 2 times (x 69B)
Class jdk.internal.jimage.ImageReader$Directory                                       : loaded 2 times (x 82B)


---------------  S Y S T E M  ---------------

OS:
 Windows 11 , 64 bit Build 22621 (10.0.22621.3958)
OS uptime: 1 days 4:05 hours
Hyper-V role detected

CPU: total 16 (initial active 16) (8 cores per cpu, 2 threads per core) family 6 model 154 stepping 3 microcode 0x432, cx8, cmov, fxsr, ht, mmx, 3dnowpref, sse, sse2, sse3, ssse3, sse4.1, sse4.2, popcnt, lzcnt, tsc, tscinvbit, avx, avx2, aes, erms, clmul, bmi1, bmi2, adx, sha, fma, vzeroupper, clflush, clflushopt, clwb, hv
Processor Information for processor 0
  Max Mhz: 1700, Current Mhz: 1700, Mhz Limit: 1700
Processor Information for processor 1
  Max Mhz: 1700, Current Mhz: 1700, Mhz Limit: 1700
Processor Information for processor 2
  Max Mhz: 1700, Current Mhz: 1700, Mhz Limit: 1700
Processor Information for processor 3
  Max Mhz: 1700, Current Mhz: 1700, Mhz Limit: 1700
Processor Information for processor 4
  Max Mhz: 1700, Current Mhz: 1700, Mhz Limit: 1700
Processor Information for processor 5
  Max Mhz: 1700, Current Mhz: 1700, Mhz Limit: 1700
Processor Information for processor 6
  Max Mhz: 1700, Current Mhz: 1700, Mhz Limit: 1700
Processor Information for processor 7
  Max Mhz: 1700, Current Mhz: 1700, Mhz Limit: 1700
Processor Information for processor 8
  Max Mhz: 1700, Current Mhz: 1200, Mhz Limit: 1190
Processor Information for processor 9
  Max Mhz: 1700, Current Mhz: 1200, Mhz Limit: 1190
Processor Information for processor 10
  Max Mhz: 1700, Current Mhz: 1200, Mhz Limit: 1190
Processor Information for processor 11
  Max Mhz: 1700, Current Mhz: 1200, Mhz Limit: 1190
Processor Information for processor 12
  Max Mhz: 1700, Current Mhz: 1200, Mhz Limit: 1190
Processor Information for processor 13
  Max Mhz: 1700, Current Mhz: 1200, Mhz Limit: 1190
Processor Information for processor 14
  Max Mhz: 1700, Current Mhz: 1200, Mhz Limit: 1190
Processor Information for processor 15
  Max Mhz: 1700, Current Mhz: 1200, Mhz Limit: 1190

Memory: 4k page, system-wide physical 7860M (294M free)
TotalPageFile size 32436M (AvailPageFile size 27M)
current process WorkingSet (physical memory assigned to process): 478M, peak: 479M
current process commit charge ("private bytes"): 522M, peak: 575M

vm_info: OpenJDK 64-Bit Server VM (17.0.11+0--11852314) for windows-amd64 JRE (17.0.11+0--11852314), built on May 16 2024 21:29:20 by "androidbuild" with MS VC++ 16.10 / 16.11 (VS2019)

END.
